#
# There is insufficient memory for the Java Runtime Environment to continue.
# Native memory allocation (malloc) failed to allocate 1048576 bytes for AllocateHeap
# Possible reasons:
#   The system is out of physical RAM or swap space
#   The process is running with CompressedOops enabled, and the Java Heap may be blocking the growth of the native heap
# Possible solutions:
#   Reduce memory load on the system
#   Increase physical memory or swap space
#   Check if swap backing store is full
#   Decrease Java heap size (-Xmx/-Xms)
#   Decrease number of Java threads
#   Decrease Java thread stack sizes (-Xss)
#   Set larger code cache with -XX:ReservedCodeCacheSize=
#   JVM is running with Zero Based Compressed Oops mode in which the Java heap is
#     placed in the first 32GB address space. The Java Heap base address is the
#     maximum limit for the native heap growth. Please use -XX:HeapBaseMinAddress
#     to set the Java Heap base and to place the Java Heap above 32GB virtual address.
# This output file may be truncated or incomplete.
#
#  Out of Memory Error (./open/src/hotspot/share/memory/allocation.cpp:46), pid=18780, tid=16372
#
# JRE version: Java(TM) SE Runtime Environment 18.9 (11.0.27+8) (build 11.0.27+8-LTS-232)
# Java VM: Java HotSpot(TM) 64-Bit Server VM 18.9 (11.0.27+8-LTS-232, mixed mode, tiered, compressed oops, g1 gc, windows-amd64)
# No core dump will be written. Minidumps are not enabled by default on client versions of Windows
#

---------------  S U M M A R Y ------------

Command Line: -XX:TieredStopAtLevel=1 -Xverify:none -Dspring.output.ansi.enabled=always -Dcom.sun.management.jmxremote -Dspring.jmx.enabled=true -Dspring.liveBeansView.mbeanDomain -Dspring.application.admin.enabled=true -Dmanagement.endpoints.jmx.exposure.include=* -javaagent:C:\Program Files\JetBrains\IntelliJ IDEA 2025.1.1.1\lib\idea_rt.jar=57776 -Dfile.encoding=UTF-8 com.mycompany.gestion.projets.InitDbApp

Host: Intel(R) Core(TM) i5-6300U CPU @ 2.40GHz, 4 cores, 11G,  Windows 10 , 64 bit Build 19041 (10.0.19041.5915)
Time: Sun Jun 15 17:02:21 2025 Maroc (heure d64 bit Build 19041 (10.0.19041.5915) elapsed time: 35.015059 seconds (0d 0h 0m 35s)

---------------  T H R E A D  ---------------

Current thread (0x0000025d31b23000):  VMThread "VM Thread" [stack: 0x00000087a3700000,0x00000087a3800000] [id=16372]

Stack: [0x00000087a3700000,0x00000087a3800000]
[error occurred during error reporting (printing stack bounds), id 0xc0000005, EXCEPTION_ACCESS_VIOLATION (0xc0000005) at pc=0x0000025d191a0f2d]

Native frames: (J=compiled Java code, j=interpreted, Vv=VM code, C=native code)
V  [jvm.dll+0x65887a]
V  [jvm.dll+0x79b47f]
V  [jvm.dll+0x79cb49]
V  [jvm.dll+0x79d155]
V  [jvm.dll+0x79d10b]
V  [jvm.dll+0x657d8d]
V  [jvm.dll+0x658478]
C  [ntdll.dll+0xa28bf]
C  [ntdll.dll+0x52554]
C  [ntdll.dll+0xa13ce]
C  0x0000025d191a0f2d

VM_Operation (0x00000087a31fd6d0): CollectForMetadataAllocation, mode: safepoint, requested by thread 0x0000025d102e4800


---------------  P R O C E S S  ---------------

Threads class SMR info:
_java_thread_list=0x0000025d344698c0, length=22, elements={
0x0000025d102e4800, 0x0000025d31b29800, 0x0000025d31b2a800, 0x0000025d323a7800,
0x0000025d323a8800, 0x0000025d323ab000, 0x0000025d323ae000, 0x0000025d323d4000,
0x0000025d31ae0000, 0x0000025d32997800, 0x0000025d32b9e000, 0x0000025d33c42800,
0x0000025d33e20800, 0x0000025d32ecd800, 0x0000025d344bb800, 0x0000025d34a43800,
0x0000025d34718800, 0x0000025d34b39000, 0x0000025d34026800, 0x0000025d34027800,
0x0000025d3402b800, 0x0000025d34028800
}

Java Threads: ( => current thread )
  0x0000025d102e4800 JavaThread "main" [_thread_blocked, id=12960, stack(0x00000087a3100000,0x00000087a3200000)]
  0x0000025d31b29800 JavaThread "Reference Handler" daemon [_thread_blocked, id=11228, stack(0x00000087a3800000,0x00000087a3900000)]
  0x0000025d31b2a800 JavaThread "Finalizer" daemon [_thread_blocked, id=11192, stack(0x00000087a3900000,0x00000087a3a00000)]
  0x0000025d323a7800 JavaThread "Signal Dispatcher" daemon [_thread_blocked, id=10508, stack(0x00000087a3a00000,0x00000087a3b00000)]
  0x0000025d323a8800 JavaThread "Attach Listener" daemon [_thread_blocked, id=10980, stack(0x00000087a3b00000,0x00000087a3c00000)]
  0x0000025d323ab000 JavaThread "Service Thread" daemon [_thread_blocked, id=19224, stack(0x00000087a3c00000,0x00000087a3d00000)]
  0x0000025d323ae000 JavaThread "C1 CompilerThread0" daemon [_thread_blocked, id=2624, stack(0x00000087a3d00000,0x00000087a3e00000)]
  0x0000025d323d4000 JavaThread "Sweeper thread" daemon [_thread_blocked, id=1056, stack(0x00000087a3e00000,0x00000087a3f00000)]
  0x0000025d31ae0000 JavaThread "Common-Cleaner" daemon [_thread_blocked, id=9880, stack(0x00000087a3f00000,0x00000087a4000000)]
  0x0000025d32997800 JavaThread "Monitor Ctrl-Break" daemon [_thread_in_native, id=5936, stack(0x00000087a4000000,0x00000087a4100000)]
  0x0000025d32b9e000 JavaThread "RMI TCP Accept-0" daemon [_thread_in_native, id=14756, stack(0x00000087a4100000,0x00000087a4200000)]
  0x0000025d33c42800 JavaThread "RMI TCP Connection(1)-172.20.176.1" daemon [_thread_in_native, id=4828, stack(0x00000087a4700000,0x00000087a4800000)]
  0x0000025d33e20800 JavaThread "RMI Scheduler(0)" daemon [_thread_blocked, id=15488, stack(0x00000087a4800000,0x00000087a4900000)]
  0x0000025d32ecd800 JavaThread "JMX server connection timeout 20" daemon [_thread_blocked, id=10012, stack(0x00000087a4900000,0x00000087a4a00000)]
  0x0000025d344bb800 JavaThread "RMI TCP Connection(2)-172.20.176.1" daemon [_thread_in_native, id=14312, stack(0x00000087a4d00000,0x00000087a4e00000)]
  0x0000025d34a43800 JavaThread "Catalina-utility-1" [_thread_blocked, id=10468, stack(0x00000087a4e00000,0x00000087a4f00000)]
  0x0000025d34718800 JavaThread "Catalina-utility-2" [_thread_blocked, id=14332, stack(0x00000087a4f00000,0x00000087a5000000)]
  0x0000025d34b39000 JavaThread "container-0" [_thread_blocked, id=13244, stack(0x00000087a5000000,0x00000087a5100000)]
  0x0000025d34026800 JavaThread "mysql-cj-abandoned-connection-cleanup" daemon [_thread_blocked, id=14240, stack(0x00000087a5100000,0x00000087a5200000)]
  0x0000025d34027800 JavaThread "RMI TCP Connection(3)-172.20.176.1" daemon [_thread_in_native, id=12952, stack(0x00000087a5400000,0x00000087a5500000)]
  0x0000025d3402b800 JavaThread "HikariPool-1 housekeeper" daemon [_thread_blocked, id=9600, stack(0x00000087a5300000,0x00000087a5400000)]
  0x0000025d34028800 JavaThread "HikariPool-1 connection adder" daemon [_thread_blocked, id=16556, stack(0x00000087a5700000,0x00000087a5800000)]

Other Threads:
=>0x0000025d31b23000 VMThread "VM Thread" [stack: 0x00000087a3700000,0x00000087a3800000] [id=16372]
  0x0000025d32bbd800 WatcherThread [stack: 0x00000087a4200000,0x00000087a4300000] [id=15044]
  0x0000025d102f9800 GCTaskThread "GC Thread#0" [stack: 0x00000087a3200000,0x00000087a3300000] [id=5668]
  0x0000025d32d52800 GCTaskThread "GC Thread#1" [stack: 0x00000087a4300000,0x00000087a4400000] [id=11492]
  0x0000025d32d53000 GCTaskThread "GC Thread#2" [stack: 0x00000087a4400000,0x00000087a4500000] [id=15932]
  0x0000025d32cce000 GCTaskThread "GC Thread#3" [stack: 0x00000087a4500000,0x00000087a4600000] [id=17664]
  0x0000025d1033c000 ConcurrentGCThread "G1 Main Marker" [stack: 0x00000087a3300000,0x00000087a3400000] [id=6336]
  0x0000025d1033f000 ConcurrentGCThread "G1 Conc#0" [stack: 0x00000087a3400000,0x00000087a3500000] [id=18464]
  0x0000025d103ae000 ConcurrentGCThread "G1 Refine#0" [stack: 0x00000087a3500000,0x00000087a3600000] [id=14016]
  0x0000025d32623800 ConcurrentGCThread "G1 Refine#1" [stack: 0x00000087a4600000,0x00000087a4700000] [id=15384]
  0x0000025d31991800 ConcurrentGCThread "G1 Young RemSet Sampling" [stack: 0x00000087a3600000,0x00000087a3700000] [id=15252]

Threads with active compile tasks:

VM state:at safepoint (normal execution)

VM Mutex/Monitor currently owned by a thread:  ([mutex/lock_event])
[0x0000025d102e1de0] Threads_lock - owner thread: 0x0000025d31b23000
[0x0000025d102e0fd0] Heap_lock - owner thread: 0x0000025d102e4800

Heap address: 0x0000000749200000, size: 2926 MB, Compressed Oops mode: Zero based, Oop shift amount: 3
Narrow klass base: 0x0000000800000000, Narrow klass shift: 0
Compressed class space size: 1073741824 Address: 0x0000000800000000

Heap:
 garbage-first heap   total 188416K, used 22338K [0x0000000749200000, 0x0000000800000000)
  region size 1024K, 13 young (13312K), 10 survivors (10240K)
 Metaspace       used 45539K, capacity 46804K, committed 46876K, reserved 1107968K
  class space    used 5739K, capacity 6238K, committed 6272K, reserved 1048576K
Heap Regions: E=young(eden), S=young(survivor), O=old, HS=humongous(starts), HC=humongous(continues), CS=collection set, F=free, A=archive, TAMS=top-at-mark-start (previous, next)
|   0|0x0000000749200000, 0x0000000749300000, 0x0000000749300000|100%|HS|  |TAMS 0x0000000749300000, 0x0000000749200000| Complete 
|   1|0x0000000749300000, 0x0000000749400000, 0x0000000749400000|100%| O|  |TAMS 0x0000000749400000, 0x0000000749300000| Updating 
|   2|0x0000000749400000, 0x0000000749500000, 0x0000000749500000|100%| O|  |TAMS 0x0000000749500000, 0x0000000749400000| Updating 
|   3|0x0000000749500000, 0x0000000749600000, 0x0000000749600000|100%| O|  |TAMS 0x0000000749600000, 0x0000000749500000| Updating 
|   4|0x0000000749600000, 0x0000000749700000, 0x0000000749700000|100%| O|  |TAMS 0x0000000749700000, 0x0000000749600000| Updating 
|   5|0x0000000749700000, 0x0000000749800000, 0x0000000749800000|100%| O|  |TAMS 0x0000000749800000, 0x0000000749700000| Updating 
|   6|0x0000000749800000, 0x0000000749900000, 0x0000000749900000|100%| O|  |TAMS 0x0000000749900000, 0x0000000749800000| Updating 
|   7|0x0000000749900000, 0x0000000749a00000, 0x0000000749a00000|100%| O|  |TAMS 0x0000000749a00000, 0x0000000749900000| Updating 
|   8|0x0000000749a00000, 0x0000000749b00000, 0x0000000749b00000|100%| O|  |TAMS 0x0000000749b00000, 0x0000000749a00000| Updating 
|   9|0x0000000749b00000, 0x0000000749c00000, 0x0000000749c00000|100%| O|  |TAMS 0x0000000749c00000, 0x0000000749b00000| Updating 
|  10|0x0000000749c00000, 0x0000000749c6d200, 0x0000000749d00000| 42%| O|  |TAMS 0x0000000749c6d200, 0x0000000749c00000| Updating 
|  11|0x0000000749d00000, 0x0000000749d00000, 0x0000000749e00000|  0%| F|  |TAMS 0x0000000749d00000, 0x0000000749d00000| Untracked 
|  12|0x0000000749e00000, 0x0000000749e00000, 0x0000000749f00000|  0%| F|  |TAMS 0x0000000749e00000, 0x0000000749e00000| Untracked 
|  13|0x0000000749f00000, 0x0000000749f00000, 0x000000074a000000|  0%| F|  |TAMS 0x0000000749f00000, 0x0000000749f00000| Untracked 
|  14|0x000000074a000000, 0x000000074a000000, 0x000000074a100000|  0%| F|  |TAMS 0x000000074a000000, 0x000000074a000000| Untracked 
|  15|0x000000074a100000, 0x000000074a100000, 0x000000074a200000|  0%| F|  |TAMS 0x000000074a100000, 0x000000074a100000| Untracked 
|  16|0x000000074a200000, 0x000000074a200000, 0x000000074a300000|  0%| F|  |TAMS 0x000000074a200000, 0x000000074a200000| Untracked 
|  17|0x000000074a300000, 0x000000074a300000, 0x000000074a400000|  0%| F|  |TAMS 0x000000074a300000, 0x000000074a300000| Untracked 
|  18|0x000000074a400000, 0x000000074a400000, 0x000000074a500000|  0%| F|  |TAMS 0x000000074a400000, 0x000000074a400000| Untracked 
|  19|0x000000074a500000, 0x000000074a500000, 0x000000074a600000|  0%| F|  |TAMS 0x000000074a500000, 0x000000074a500000| Untracked 
|  20|0x000000074a600000, 0x000000074a600000, 0x000000074a700000|  0%| F|  |TAMS 0x000000074a600000, 0x000000074a600000| Untracked 
|  21|0x000000074a700000, 0x000000074a700000, 0x000000074a800000|  0%| F|  |TAMS 0x000000074a700000, 0x000000074a700000| Untracked 
|  22|0x000000074a800000, 0x000000074a800000, 0x000000074a900000|  0%| F|  |TAMS 0x000000074a800000, 0x000000074a800000| Untracked 
|  23|0x000000074a900000, 0x000000074a900000, 0x000000074aa00000|  0%| F|  |TAMS 0x000000074a900000, 0x000000074a900000| Untracked 
|  24|0x000000074aa00000, 0x000000074aa00000, 0x000000074ab00000|  0%| F|  |TAMS 0x000000074aa00000, 0x000000074aa00000| Untracked 
|  25|0x000000074ab00000, 0x000000074ab00000, 0x000000074ac00000|  0%| F|  |TAMS 0x000000074ab00000, 0x000000074ab00000| Untracked 
|  26|0x000000074ac00000, 0x000000074ac00000, 0x000000074ad00000|  0%| F|  |TAMS 0x000000074ac00000, 0x000000074ac00000| Untracked 
|  27|0x000000074ad00000, 0x000000074ad00000, 0x000000074ae00000|  0%| F|  |TAMS 0x000000074ad00000, 0x000000074ad00000| Untracked 
|  28|0x000000074ae00000, 0x000000074ae00000, 0x000000074af00000|  0%| F|  |TAMS 0x000000074ae00000, 0x000000074ae00000| Untracked 
|  29|0x000000074af00000, 0x000000074af00000, 0x000000074b000000|  0%| F|  |TAMS 0x000000074af00000, 0x000000074af00000| Untracked 
|  30|0x000000074b000000, 0x000000074b000000, 0x000000074b100000|  0%| F|  |TAMS 0x000000074b000000, 0x000000074b000000| Untracked 
|  31|0x000000074b100000, 0x000000074b100000, 0x000000074b200000|  0%| F|  |TAMS 0x000000074b100000, 0x000000074b100000| Untracked 
|  32|0x000000074b200000, 0x000000074b200000, 0x000000074b300000|  0%| F|  |TAMS 0x000000074b200000, 0x000000074b200000| Untracked 
|  33|0x000000074b300000, 0x000000074b300000, 0x000000074b400000|  0%| F|  |TAMS 0x000000074b300000, 0x000000074b300000| Untracked 
|  34|0x000000074b400000, 0x000000074b400000, 0x000000074b500000|  0%| F|  |TAMS 0x000000074b400000, 0x000000074b400000| Untracked 
|  35|0x000000074b500000, 0x000000074b500000, 0x000000074b600000|  0%| F|  |TAMS 0x000000074b500000, 0x000000074b500000| Untracked 
|  36|0x000000074b600000, 0x000000074b600000, 0x000000074b700000|  0%| F|  |TAMS 0x000000074b600000, 0x000000074b600000| Untracked 
|  37|0x000000074b700000, 0x000000074b700000, 0x000000074b800000|  0%| F|  |TAMS 0x000000074b700000, 0x000000074b700000| Untracked 
|  38|0x000000074b800000, 0x000000074b800000, 0x000000074b900000|  0%| F|  |TAMS 0x000000074b800000, 0x000000074b800000| Untracked 
|  39|0x000000074b900000, 0x000000074b900000, 0x000000074ba00000|  0%| F|  |TAMS 0x000000074b900000, 0x000000074b900000| Untracked 
|  40|0x000000074ba00000, 0x000000074ba00000, 0x000000074bb00000|  0%| F|  |TAMS 0x000000074ba00000, 0x000000074ba00000| Untracked 
|  41|0x000000074bb00000, 0x000000074bb00000, 0x000000074bc00000|  0%| F|  |TAMS 0x000000074bb00000, 0x000000074bb00000| Untracked 
|  42|0x000000074bc00000, 0x000000074bc00000, 0x000000074bd00000|  0%| F|  |TAMS 0x000000074bc00000, 0x000000074bc00000| Untracked 
|  43|0x000000074bd00000, 0x000000074bd00000, 0x000000074be00000|  0%| F|  |TAMS 0x000000074bd00000, 0x000000074bd00000| Untracked 
|  44|0x000000074be00000, 0x000000074be00000, 0x000000074bf00000|  0%| F|  |TAMS 0x000000074be00000, 0x000000074be00000| Untracked 
|  45|0x000000074bf00000, 0x000000074bf00000, 0x000000074c000000|  0%| F|  |TAMS 0x000000074bf00000, 0x000000074bf00000| Untracked 
|  46|0x000000074c000000, 0x000000074c000000, 0x000000074c100000|  0%| F|  |TAMS 0x000000074c000000, 0x000000074c000000| Untracked 
|  47|0x000000074c100000, 0x000000074c100000, 0x000000074c200000|  0%| F|  |TAMS 0x000000074c100000, 0x000000074c100000| Untracked 
|  48|0x000000074c200000, 0x000000074c200000, 0x000000074c300000|  0%| F|  |TAMS 0x000000074c200000, 0x000000074c200000| Untracked 
|  49|0x000000074c300000, 0x000000074c300000, 0x000000074c400000|  0%| F|  |TAMS 0x000000074c300000, 0x000000074c300000| Untracked 
|  50|0x000000074c400000, 0x000000074c400000, 0x000000074c500000|  0%| F|  |TAMS 0x000000074c400000, 0x000000074c400000| Untracked 
|  51|0x000000074c500000, 0x000000074c500000, 0x000000074c600000|  0%| F|  |TAMS 0x000000074c500000, 0x000000074c500000| Untracked 
|  52|0x000000074c600000, 0x000000074c600000, 0x000000074c700000|  0%| F|  |TAMS 0x000000074c600000, 0x000000074c600000| Untracked 
|  53|0x000000074c700000, 0x000000074c700000, 0x000000074c800000|  0%| F|  |TAMS 0x000000074c700000, 0x000000074c700000| Untracked 
|  54|0x000000074c800000, 0x000000074c800000, 0x000000074c900000|  0%| F|  |TAMS 0x000000074c800000, 0x000000074c800000| Untracked 
|  55|0x000000074c900000, 0x000000074c900000, 0x000000074ca00000|  0%| F|  |TAMS 0x000000074c900000, 0x000000074c900000| Untracked 
|  56|0x000000074ca00000, 0x000000074ca00000, 0x000000074cb00000|  0%| F|  |TAMS 0x000000074ca00000, 0x000000074ca00000| Untracked 
|  57|0x000000074cb00000, 0x000000074cb00000, 0x000000074cc00000|  0%| F|  |TAMS 0x000000074cb00000, 0x000000074cb00000| Untracked 
|  58|0x000000074cc00000, 0x000000074cc00000, 0x000000074cd00000|  0%| F|  |TAMS 0x000000074cc00000, 0x000000074cc00000| Untracked 
|  59|0x000000074cd00000, 0x000000074cd00000, 0x000000074ce00000|  0%| F|  |TAMS 0x000000074cd00000, 0x000000074cd00000| Untracked 
|  60|0x000000074ce00000, 0x000000074ce00000, 0x000000074cf00000|  0%| F|  |TAMS 0x000000074ce00000, 0x000000074ce00000| Untracked 
|  61|0x000000074cf00000, 0x000000074cf00000, 0x000000074d000000|  0%| F|  |TAMS 0x000000074cf00000, 0x000000074cf00000| Untracked 
|  62|0x000000074d000000, 0x000000074d000000, 0x000000074d100000|  0%| F|  |TAMS 0x000000074d000000, 0x000000074d000000| Untracked 
|  63|0x000000074d100000, 0x000000074d100000, 0x000000074d200000|  0%| F|  |TAMS 0x000000074d100000, 0x000000074d100000| Untracked 
|  64|0x000000074d200000, 0x000000074d200000, 0x000000074d300000|  0%| F|  |TAMS 0x000000074d200000, 0x000000074d200000| Untracked 
|  65|0x000000074d300000, 0x000000074d300000, 0x000000074d400000|  0%| F|  |TAMS 0x000000074d300000, 0x000000074d300000| Untracked 
|  66|0x000000074d400000, 0x000000074d400000, 0x000000074d500000|  0%| F|  |TAMS 0x000000074d400000, 0x000000074d400000| Untracked 
|  67|0x000000074d500000, 0x000000074d500000, 0x000000074d600000|  0%| F|  |TAMS 0x000000074d500000, 0x000000074d500000| Untracked 
|  68|0x000000074d600000, 0x000000074d600000, 0x000000074d700000|  0%| F|  |TAMS 0x000000074d600000, 0x000000074d600000| Untracked 
|  69|0x000000074d700000, 0x000000074d700000, 0x000000074d800000|  0%| F|  |TAMS 0x000000074d700000, 0x000000074d700000| Untracked 
|  70|0x000000074d800000, 0x000000074d800000, 0x000000074d900000|  0%| F|  |TAMS 0x000000074d800000, 0x000000074d800000| Untracked 
|  71|0x000000074d900000, 0x000000074d900000, 0x000000074da00000|  0%| F|  |TAMS 0x000000074d900000, 0x000000074d900000| Untracked 
|  72|0x000000074da00000, 0x000000074da00000, 0x000000074db00000|  0%| F|  |TAMS 0x000000074da00000, 0x000000074da00000| Untracked 
|  73|0x000000074db00000, 0x000000074db00000, 0x000000074dc00000|  0%| F|  |TAMS 0x000000074db00000, 0x000000074db00000| Untracked 
|  74|0x000000074dc00000, 0x000000074dc00000, 0x000000074dd00000|  0%| F|  |TAMS 0x000000074dc00000, 0x000000074dc00000| Untracked 
|  75|0x000000074dd00000, 0x000000074dd00000, 0x000000074de00000|  0%| F|  |TAMS 0x000000074dd00000, 0x000000074dd00000| Untracked 
|  76|0x000000074de00000, 0x000000074de00000, 0x000000074df00000|  0%| F|  |TAMS 0x000000074de00000, 0x000000074de00000| Untracked 
|  77|0x000000074df00000, 0x000000074df00000, 0x000000074e000000|  0%| F|  |TAMS 0x000000074df00000, 0x000000074df00000| Untracked 
|  78|0x000000074e000000, 0x000000074e000000, 0x000000074e100000|  0%| F|  |TAMS 0x000000074e000000, 0x000000074e000000| Untracked 
|  79|0x000000074e100000, 0x000000074e100000, 0x000000074e200000|  0%| F|  |TAMS 0x000000074e100000, 0x000000074e100000| Untracked 
|  80|0x000000074e200000, 0x000000074e200000, 0x000000074e300000|  0%| F|  |TAMS 0x000000074e200000, 0x000000074e200000| Untracked 
|  81|0x000000074e300000, 0x000000074e300000, 0x000000074e400000|  0%| F|  |TAMS 0x000000074e300000, 0x000000074e300000| Untracked 
|  82|0x000000074e400000, 0x000000074e400000, 0x000000074e500000|  0%| F|  |TAMS 0x000000074e400000, 0x000000074e400000| Untracked 
|  83|0x000000074e500000, 0x000000074e500000, 0x000000074e600000|  0%| F|  |TAMS 0x000000074e500000, 0x000000074e500000| Untracked 
|  84|0x000000074e600000, 0x000000074e600000, 0x000000074e700000|  0%| F|  |TAMS 0x000000074e600000, 0x000000074e600000| Untracked 
|  85|0x000000074e700000, 0x000000074e700000, 0x000000074e800000|  0%| F|  |TAMS 0x000000074e700000, 0x000000074e700000| Untracked 
|  86|0x000000074e800000, 0x000000074e800000, 0x000000074e900000|  0%| F|  |TAMS 0x000000074e800000, 0x000000074e800000| Untracked 
|  87|0x000000074e900000, 0x000000074e900000, 0x000000074ea00000|  0%| F|  |TAMS 0x000000074e900000, 0x000000074e900000| Untracked 
|  88|0x000000074ea00000, 0x000000074ea00000, 0x000000074eb00000|  0%| F|  |TAMS 0x000000074ea00000, 0x000000074ea00000| Untracked 
|  89|0x000000074eb00000, 0x000000074eb00000, 0x000000074ec00000|  0%| F|  |TAMS 0x000000074eb00000, 0x000000074eb00000| Untracked 
|  90|0x000000074ec00000, 0x000000074ec00000, 0x000000074ed00000|  0%| F|  |TAMS 0x000000074ec00000, 0x000000074ec00000| Untracked 
|  91|0x000000074ed00000, 0x000000074ed00000, 0x000000074ee00000|  0%| F|  |TAMS 0x000000074ed00000, 0x000000074ed00000| Untracked 
|  92|0x000000074ee00000, 0x000000074ee00000, 0x000000074ef00000|  0%| F|  |TAMS 0x000000074ee00000, 0x000000074ee00000| Untracked 
|  93|0x000000074ef00000, 0x000000074ef00000, 0x000000074f000000|  0%| F|  |TAMS 0x000000074ef00000, 0x000000074ef00000| Untracked 
|  94|0x000000074f000000, 0x000000074f000000, 0x000000074f100000|  0%| F|  |TAMS 0x000000074f000000, 0x000000074f000000| Untracked 
|  95|0x000000074f100000, 0x000000074f100000, 0x000000074f200000|  0%| F|  |TAMS 0x000000074f100000, 0x000000074f100000| Untracked 
|  96|0x000000074f200000, 0x000000074f200000, 0x000000074f300000|  0%| F|  |TAMS 0x000000074f200000, 0x000000074f200000| Untracked 
|  97|0x000000074f300000, 0x000000074f300000, 0x000000074f400000|  0%| F|  |TAMS 0x000000074f300000, 0x000000074f300000| Untracked 
|  98|0x000000074f400000, 0x000000074f400000, 0x000000074f500000|  0%| F|  |TAMS 0x000000074f400000, 0x000000074f400000| Untracked 
|  99|0x000000074f500000, 0x000000074f500000, 0x000000074f600000|  0%| F|  |TAMS 0x000000074f500000, 0x000000074f500000| Untracked 
| 100|0x000000074f600000, 0x000000074f600000, 0x000000074f700000|  0%| F|  |TAMS 0x000000074f600000, 0x000000074f600000| Untracked 
| 101|0x000000074f700000, 0x000000074f700000, 0x000000074f800000|  0%| F|  |TAMS 0x000000074f700000, 0x000000074f700000| Untracked 
| 102|0x000000074f800000, 0x000000074f800000, 0x000000074f900000|  0%| F|  |TAMS 0x000000074f800000, 0x000000074f800000| Untracked 
| 103|0x000000074f900000, 0x000000074f900000, 0x000000074fa00000|  0%| F|  |TAMS 0x000000074f900000, 0x000000074f900000| Untracked 
| 104|0x000000074fa00000, 0x000000074fa00000, 0x000000074fb00000|  0%| F|  |TAMS 0x000000074fa00000, 0x000000074fa00000| Untracked 
| 105|0x000000074fb00000, 0x000000074fb63888, 0x000000074fc00000| 38%| S|CS|TAMS 0x000000074fb00000, 0x000000074fb00000| Complete 
| 106|0x000000074fc00000, 0x000000074fd00000, 0x000000074fd00000|100%| S|CS|TAMS 0x000000074fc00000, 0x000000074fc00000| Complete 
| 107|0x000000074fd00000, 0x000000074fe00000, 0x000000074fe00000|100%| S|CS|TAMS 0x000000074fd00000, 0x000000074fd00000| Complete 
| 108|0x000000074fe00000, 0x000000074ff00000, 0x000000074ff00000|100%| S|CS|TAMS 0x000000074fe00000, 0x000000074fe00000| Complete 
| 109|0x000000074ff00000, 0x0000000750000000, 0x0000000750000000|100%| S|CS|TAMS 0x000000074ff00000, 0x000000074ff00000| Complete 
| 110|0x0000000750000000, 0x0000000750100000, 0x0000000750100000|100%| S|CS|TAMS 0x0000000750000000, 0x0000000750000000| Complete 
| 111|0x0000000750100000, 0x0000000750200000, 0x0000000750200000|100%| S|CS|TAMS 0x0000000750100000, 0x0000000750100000| Complete 
| 112|0x0000000750200000, 0x0000000750300000, 0x0000000750300000|100%| S|CS|TAMS 0x0000000750200000, 0x0000000750200000| Complete 
| 113|0x0000000750300000, 0x0000000750400000, 0x0000000750400000|100%| S|CS|TAMS 0x0000000750300000, 0x0000000750300000| Complete 
| 114|0x0000000750400000, 0x0000000750500000, 0x0000000750500000|100%| S|CS|TAMS 0x0000000750400000, 0x0000000750400000| Complete 
| 115|0x0000000750500000, 0x0000000750500000, 0x0000000750600000|  0%| F|  |TAMS 0x0000000750500000, 0x0000000750500000| Untracked 
| 116|0x0000000750600000, 0x0000000750600000, 0x0000000750700000|  0%| F|  |TAMS 0x0000000750600000, 0x0000000750600000| Untracked 
| 117|0x0000000750700000, 0x0000000750700000, 0x0000000750800000|  0%| F|  |TAMS 0x0000000750700000, 0x0000000750700000| Untracked 
| 118|0x0000000750800000, 0x0000000750800000, 0x0000000750900000|  0%| F|  |TAMS 0x0000000750800000, 0x0000000750800000| Untracked 
| 119|0x0000000750900000, 0x0000000750900000, 0x0000000750a00000|  0%| F|  |TAMS 0x0000000750900000, 0x0000000750900000| Untracked 
| 120|0x0000000750a00000, 0x0000000750a00000, 0x0000000750b00000|  0%| F|  |TAMS 0x0000000750a00000, 0x0000000750a00000| Untracked 
| 121|0x0000000750b00000, 0x0000000750b00000, 0x0000000750c00000|  0%| F|  |TAMS 0x0000000750b00000, 0x0000000750b00000| Untracked 
| 122|0x0000000750c00000, 0x0000000750c00000, 0x0000000750d00000|  0%| F|  |TAMS 0x0000000750c00000, 0x0000000750c00000| Untracked 
| 123|0x0000000750d00000, 0x0000000750d00000, 0x0000000750e00000|  0%| F|  |TAMS 0x0000000750d00000, 0x0000000750d00000| Untracked 
| 124|0x0000000750e00000, 0x0000000750e00000, 0x0000000750f00000|  0%| F|  |TAMS 0x0000000750e00000, 0x0000000750e00000| Untracked 
| 125|0x0000000750f00000, 0x0000000750f00000, 0x0000000751000000|  0%| F|  |TAMS 0x0000000750f00000, 0x0000000750f00000| Untracked 
| 126|0x0000000751000000, 0x0000000751000000, 0x0000000751100000|  0%| F|  |TAMS 0x0000000751000000, 0x0000000751000000| Untracked 
| 127|0x0000000751100000, 0x0000000751100000, 0x0000000751200000|  0%| F|  |TAMS 0x0000000751100000, 0x0000000751100000| Untracked 
| 128|0x0000000751200000, 0x0000000751200000, 0x0000000751300000|  0%| F|  |TAMS 0x0000000751200000, 0x0000000751200000| Untracked 
| 129|0x0000000751300000, 0x0000000751300000, 0x0000000751400000|  0%| F|  |TAMS 0x0000000751300000, 0x0000000751300000| Untracked 
| 130|0x0000000751400000, 0x0000000751400000, 0x0000000751500000|  0%| F|  |TAMS 0x0000000751400000, 0x0000000751400000| Untracked 
| 131|0x0000000751500000, 0x0000000751500000, 0x0000000751600000|  0%| F|  |TAMS 0x0000000751500000, 0x0000000751500000| Untracked 
| 132|0x0000000751600000, 0x0000000751600000, 0x0000000751700000|  0%| F|  |TAMS 0x0000000751600000, 0x0000000751600000| Untracked 
| 133|0x0000000751700000, 0x0000000751700000, 0x0000000751800000|  0%| F|  |TAMS 0x0000000751700000, 0x0000000751700000| Untracked 
| 134|0x0000000751800000, 0x0000000751800000, 0x0000000751900000|  0%| F|  |TAMS 0x0000000751800000, 0x0000000751800000| Untracked 
| 135|0x0000000751900000, 0x0000000751900000, 0x0000000751a00000|  0%| F|  |TAMS 0x0000000751900000, 0x0000000751900000| Untracked 
| 136|0x0000000751a00000, 0x0000000751a00000, 0x0000000751b00000|  0%| F|  |TAMS 0x0000000751a00000, 0x0000000751a00000| Untracked 
| 137|0x0000000751b00000, 0x0000000751b00000, 0x0000000751c00000|  0%| F|  |TAMS 0x0000000751b00000, 0x0000000751b00000| Untracked 
| 138|0x0000000751c00000, 0x0000000751c00000, 0x0000000751d00000|  0%| F|  |TAMS 0x0000000751c00000, 0x0000000751c00000| Untracked 
| 139|0x0000000751d00000, 0x0000000751d00000, 0x0000000751e00000|  0%| F|  |TAMS 0x0000000751d00000, 0x0000000751d00000| Untracked 
| 140|0x0000000751e00000, 0x0000000751e00000, 0x0000000751f00000|  0%| F|  |TAMS 0x0000000751e00000, 0x0000000751e00000| Untracked 
| 141|0x0000000751f00000, 0x0000000751f00000, 0x0000000752000000|  0%| F|  |TAMS 0x0000000751f00000, 0x0000000751f00000| Untracked 
| 142|0x0000000752000000, 0x0000000752000000, 0x0000000752100000|  0%| F|  |TAMS 0x0000000752000000, 0x0000000752000000| Untracked 
| 143|0x0000000752100000, 0x0000000752100000, 0x0000000752200000|  0%| F|  |TAMS 0x0000000752100000, 0x0000000752100000| Untracked 
| 144|0x0000000752200000, 0x0000000752200000, 0x0000000752300000|  0%| F|  |TAMS 0x0000000752200000, 0x0000000752200000| Untracked 
| 145|0x0000000752300000, 0x0000000752300000, 0x0000000752400000|  0%| F|  |TAMS 0x0000000752300000, 0x0000000752300000| Untracked 
| 146|0x0000000752400000, 0x0000000752400000, 0x0000000752500000|  0%| F|  |TAMS 0x0000000752400000, 0x0000000752400000| Untracked 
| 147|0x0000000752500000, 0x0000000752500000, 0x0000000752600000|  0%| F|  |TAMS 0x0000000752500000, 0x0000000752500000| Untracked 
| 148|0x0000000752600000, 0x0000000752600000, 0x0000000752700000|  0%| F|  |TAMS 0x0000000752600000, 0x0000000752600000| Untracked 
| 149|0x0000000752700000, 0x0000000752700000, 0x0000000752800000|  0%| F|  |TAMS 0x0000000752700000, 0x0000000752700000| Untracked 
| 150|0x0000000752800000, 0x0000000752800000, 0x0000000752900000|  0%| F|  |TAMS 0x0000000752800000, 0x0000000752800000| Untracked 
| 151|0x0000000752900000, 0x0000000752900000, 0x0000000752a00000|  0%| F|  |TAMS 0x0000000752900000, 0x0000000752900000| Untracked 
| 152|0x0000000752a00000, 0x0000000752a00000, 0x0000000752b00000|  0%| F|  |TAMS 0x0000000752a00000, 0x0000000752a00000| Untracked 
| 153|0x0000000752b00000, 0x0000000752b00000, 0x0000000752c00000|  0%| F|  |TAMS 0x0000000752b00000, 0x0000000752b00000| Untracked 
| 154|0x0000000752c00000, 0x0000000752c00000, 0x0000000752d00000|  0%| F|  |TAMS 0x0000000752c00000, 0x0000000752c00000| Untracked 
| 155|0x0000000752d00000, 0x0000000752d00000, 0x0000000752e00000|  0%| F|  |TAMS 0x0000000752d00000, 0x0000000752d00000| Untracked 
| 156|0x0000000752e00000, 0x0000000752e00000, 0x0000000752f00000|  0%| F|  |TAMS 0x0000000752e00000, 0x0000000752e00000| Untracked 
| 157|0x0000000752f00000, 0x0000000752f00000, 0x0000000753000000|  0%| F|  |TAMS 0x0000000752f00000, 0x0000000752f00000| Untracked 
| 158|0x0000000753000000, 0x0000000753000000, 0x0000000753100000|  0%| F|  |TAMS 0x0000000753000000, 0x0000000753000000| Untracked 
| 159|0x0000000753100000, 0x0000000753100000, 0x0000000753200000|  0%| F|  |TAMS 0x0000000753100000, 0x0000000753100000| Untracked 
| 160|0x0000000753200000, 0x0000000753200000, 0x0000000753300000|  0%| F|  |TAMS 0x0000000753200000, 0x0000000753200000| Untracked 
| 161|0x0000000753300000, 0x0000000753300000, 0x0000000753400000|  0%| F|  |TAMS 0x0000000753300000, 0x0000000753300000| Untracked 
| 162|0x0000000753400000, 0x0000000753400000, 0x0000000753500000|  0%| F|  |TAMS 0x0000000753400000, 0x0000000753400000| Untracked 
| 163|0x0000000753500000, 0x0000000753500000, 0x0000000753600000|  0%| F|  |TAMS 0x0000000753500000, 0x0000000753500000| Untracked 
| 164|0x0000000753600000, 0x0000000753600000, 0x0000000753700000|  0%| F|  |TAMS 0x0000000753600000, 0x0000000753600000| Untracked 
| 165|0x0000000753700000, 0x0000000753700000, 0x0000000753800000|  0%| F|  |TAMS 0x0000000753700000, 0x0000000753700000| Untracked 
| 166|0x0000000753800000, 0x0000000753800000, 0x0000000753900000|  0%| F|  |TAMS 0x0000000753800000, 0x0000000753800000| Untracked 
| 167|0x0000000753900000, 0x0000000753900000, 0x0000000753a00000|  0%| F|  |TAMS 0x0000000753900000, 0x0000000753900000| Untracked 
| 168|0x0000000753a00000, 0x0000000753a00000, 0x0000000753b00000|  0%| F|  |TAMS 0x0000000753a00000, 0x0000000753a00000| Untracked 
| 169|0x0000000753b00000, 0x0000000753b00000, 0x0000000753c00000|  0%| F|  |TAMS 0x0000000753b00000, 0x0000000753b00000| Untracked 
| 170|0x0000000753c00000, 0x0000000753c00000, 0x0000000753d00000|  0%| F|  |TAMS 0x0000000753c00000, 0x0000000753c00000| Untracked 
| 171|0x0000000753d00000, 0x0000000753d00000, 0x0000000753e00000|  0%| F|  |TAMS 0x0000000753d00000, 0x0000000753d00000| Untracked 
| 172|0x0000000753e00000, 0x0000000753e00000, 0x0000000753f00000|  0%| F|  |TAMS 0x0000000753e00000, 0x0000000753e00000| Untracked 
| 173|0x0000000753f00000, 0x0000000753f00000, 0x0000000754000000|  0%| F|  |TAMS 0x0000000753f00000, 0x0000000753f00000| Untracked 
| 174|0x0000000754000000, 0x0000000754000000, 0x0000000754100000|  0%| F|  |TAMS 0x0000000754000000, 0x0000000754000000| Untracked 
| 175|0x0000000754100000, 0x0000000754100000, 0x0000000754200000|  0%| F|  |TAMS 0x0000000754100000, 0x0000000754100000| Untracked 
| 176|0x0000000754200000, 0x0000000754200000, 0x0000000754300000|  0%| F|  |TAMS 0x0000000754200000, 0x0000000754200000| Untracked 
| 177|0x0000000754300000, 0x0000000754300000, 0x0000000754400000|  0%| F|  |TAMS 0x0000000754300000, 0x0000000754300000| Untracked 
| 178|0x0000000754400000, 0x0000000754400000, 0x0000000754500000|  0%| F|  |TAMS 0x0000000754400000, 0x0000000754400000| Untracked 
| 179|0x0000000754500000, 0x0000000754500000, 0x0000000754600000|  0%| F|  |TAMS 0x0000000754500000, 0x0000000754500000| Untracked 
| 180|0x0000000754600000, 0x0000000754600000, 0x0000000754700000|  0%| F|  |TAMS 0x0000000754600000, 0x0000000754600000| Untracked 
| 181|0x0000000754700000, 0x0000000754780800, 0x0000000754800000| 50%| E|  |TAMS 0x0000000754700000, 0x0000000754700000| Complete 
| 182|0x0000000754800000, 0x0000000754900000, 0x0000000754900000|100%| E|CS|TAMS 0x0000000754800000, 0x0000000754800000| Complete 
| 183|0x0000000754900000, 0x0000000754a00000, 0x0000000754a00000|100%| E|CS|TAMS 0x0000000754900000, 0x0000000754900000| Complete 

Card table byte_map: [0x0000025d28d80000,0x0000025d29340000] _byte_map_base: 0x0000025d25337000

Marking Bits (Prev, Next): (CMBitMap*) 0x0000025d1032f860, (CMBitMap*) 0x0000025d1032f828
 Prev Bits: [0x0000025d2c6c0000, 0x0000025d2f478000)
 Next Bits: [0x0000025d29900000, 0x0000025d2c6b8000)

Polling page: 0x0000025d103b0000

Metaspace:

Usage:
  Non-class:     39.62 MB capacity,    38.87 MB ( 98%) used,   623.30 KB (  2%) free+waste,   143.44 KB ( <1%) overhead. 
      Class:      6.09 MB capacity,     5.61 MB ( 92%) used,   423.63 KB (  7%) free+waste,    74.44 KB (  1%) overhead. 
       Both:     45.71 MB capacity,    44.47 MB ( 97%) used,     1.02 MB (  2%) free+waste,   217.88 KB ( <1%) overhead. 

Virtual space:
  Non-class space:       58.00 MB reserved,      39.65 MB ( 68%) committed 
      Class space:        1.00 GB reserved,       6.12 MB ( <1%) committed 
             Both:        1.06 GB reserved,      45.78 MB (  4%) committed 

Chunk freelists:
   Non-Class:  4.75 KB
       Class:  256 bytes
        Both:  5.00 KB

CodeHeap 'non-profiled nmethods': size=238912Kb used=7063Kb max_used=7063Kb free=231848Kb
 bounds [0x0000025d19850000, 0x0000025d19f40000, 0x0000025d281a0000]
CodeHeap 'non-nmethods': size=6848Kb used=1201Kb max_used=1201Kb free=5646Kb
 bounds [0x0000025d191a0000, 0x0000025d19410000, 0x0000025d19850000]
 total_blobs=4954 nmethods=4406 adapters=474
 compilation: enabled
              stopped_count=0, restarted_count=0
 full_count=0

Compilation events (10 events):
Event: 34.047 Thread 0x0000025d323ae000 4404       1       jdk.internal.loader.BuiltinClassLoader$1::hasMoreElements (5 bytes)
Event: 34.047 Thread 0x0000025d323ae000 nmethod 4404 0x0000025d19f34c90 code [0x0000025d19f34e20, 0x0000025d19f34ee8]
Event: 34.047 Thread 0x0000025d323ae000 4405       1       java.util.Spliterators$1Adapter::hasNext (23 bytes)
Event: 34.047 Thread 0x0000025d323ae000 nmethod 4405 0x0000025d19f34f90 code [0x0000025d19f35120, 0x0000025d19f35228]
Event: 34.063 Thread 0x0000025d323ae000 4406       1       java.lang.Throwable::<init> (39 bytes)
Event: 34.064 Thread 0x0000025d323ae000 nmethod 4406 0x0000025d19f35290 code [0x0000025d19f35440, 0x0000025d19f35748]
Event: 34.108 Thread 0x0000025d323ae000 4407       1       java.security.PermissionCollection::<init> (5 bytes)
Event: 34.109 Thread 0x0000025d323ae000 nmethod 4407 0x0000025d19f35810 code [0x0000025d19f359a0, 0x0000025d19f35a58]
Event: 34.125 Thread 0x0000025d323ae000 4408       1       java.util.Calendar::internalGet (7 bytes)
Event: 34.125 Thread 0x0000025d323ae000 nmethod 4408 0x0000025d19f35b10 code [0x0000025d19f35ca0, 0x0000025d19f35d98]

GC Heap History (10 events):
Event: 10.126 GC heap before
{Heap before GC invocations=3 (full 0):
 garbage-first heap   total 188416K, used 16195K [0x0000000749200000, 0x0000000800000000)
  region size 1024K, 10 young (10240K), 2 survivors (2048K)
 Metaspace       used 20558K, capacity 21108K, committed 21296K, reserved 1069056K
  class space    used 2375K, capacity 2600K, committed 2688K, reserved 1048576K
}
Event: 10.132 GC heap after
{Heap after GC invocations=4 (full 0):
 garbage-first heap   total 188416K, used 9260K [0x0000000749200000, 0x0000000800000000)
  region size 1024K, 2 young (2048K), 2 survivors (2048K)
 Metaspace       used 20558K, capacity 21108K, committed 21296K, reserved 1069056K
  class space    used 2375K, capacity 2600K, committed 2688K, reserved 1048576K
}
Event: 13.945 GC heap before
{Heap before GC invocations=5 (full 0):
 garbage-first heap   total 188416K, used 46124K [0x0000000749200000, 0x0000000800000000)
  region size 1024K, 39 young (39936K), 2 survivors (2048K)
 Metaspace       used 24870K, capacity 25599K, committed 25776K, reserved 1071104K
  class space    used 2948K, capacity 3231K, committed 3328K, reserved 1048576K
}
Event: 13.953 GC heap after
{Heap after GC invocations=6 (full 0):
 garbage-first heap   total 188416K, used 11572K [0x0000000749200000, 0x0000000800000000)
  region size 1024K, 5 young (5120K), 5 survivors (5120K)
 Metaspace       used 24870K, capacity 25599K, committed 25776K, reserved 1071104K
  class space    used 2948K, capacity 3231K, committed 3328K, reserved 1048576K
}
Event: 16.655 GC heap before
{Heap before GC invocations=6 (full 0):
 garbage-first heap   total 188416K, used 71988K [0x0000000749200000, 0x0000000800000000)
  region size 1024K, 64 young (65536K), 5 survivors (5120K)
 Metaspace       used 31454K, capacity 32478K, committed 32688K, reserved 1077248K
  class space    used 3873K, capacity 4286K, committed 4352K, reserved 1048576K
}
Event: 16.672 GC heap after
{Heap after GC invocations=7 (full 0):
 garbage-first heap   total 188416K, used 14461K [0x0000000749200000, 0x0000000800000000)
  region size 1024K, 7 young (7168K), 7 survivors (7168K)
 Metaspace       used 31454K, capacity 32478K, committed 32688K, reserved 1077248K
  class space    used 3873K, capacity 4286K, committed 4352K, reserved 1048576K
}
Event: 22.260 GC heap before
{Heap before GC invocations=7 (full 0):
 garbage-first heap   total 188416K, used 56445K [0x0000000749200000, 0x0000000800000000)
  region size 1024K, 49 young (50176K), 7 survivors (7168K)
 Metaspace       used 34715K, capacity 35809K, committed 35888K, reserved 1081344K
  class space    used 4277K, capacity 4724K, committed 4736K, reserved 1048576K
}
Event: 22.276 GC heap after
{Heap after GC invocations=8 (full 0):
 garbage-first heap   total 188416K, used 16403K [0x0000000749200000, 0x0000000800000000)
  region size 1024K, 9 young (9216K), 9 survivors (9216K)
 Metaspace       used 34715K, capacity 35809K, committed 35888K, reserved 1081344K
  class space    used 4277K, capacity 4724K, committed 4736K, reserved 1048576K
}
Event: 34.935 GC heap before
{Heap before GC invocations=9 (full 0):
 garbage-first heap   total 188416K, used 75795K [0x0000000749200000, 0x0000000800000000)
  region size 1024K, 69 young (70656K), 9 survivors (9216K)
 Metaspace       used 45173K, capacity 46452K, committed 46492K, reserved 1097728K
  class space    used 5644K, capacity 6142K, committed 6144K, reserved 1048576K
}
Event: 34.960 GC heap after
{Heap after GC invocations=10 (full 0):
 garbage-first heap   total 188416K, used 20290K [0x0000000749200000, 0x0000000800000000)
  region size 1024K, 10 young (10240K), 10 survivors (10240K)
 Metaspace       used 45173K, capacity 46452K, committed 46492K, reserved 1097728K
  class space    used 5644K, capacity 6142K, committed 6144K, reserved 1048576K
}

Deoptimization events (0 events):
No events

Classes redefined (0 events):
No events

Internal exceptions (10 events):
Event: 19.285 Thread 0x0000025d344bb800 Exception <a 'java/lang/reflect/InvocationTargetException'{0x00000007546f9320}> (0x00000007546f9320) thrown at [./open/src/hotspot/share/runtime/reflection.cpp, line 1244]
Event: 19.799 Thread 0x0000025d344bb800 Exception <a 'java/lang/reflect/InvocationTargetException'{0x000000075330c5f8}> (0x000000075330c5f8) thrown at [./open/src/hotspot/share/runtime/reflection.cpp, line 1244]
Event: 20.174 Thread 0x0000025d102e4800 Exception <a 'java/lang/NoSuchMethodError'{0x0000000752a4e268}: 'int java.lang.invoke.DirectMethodHandle$Holder.invokeInterface(java.lang.Object, java.lang.Object, java.lang.Object, java.lang.Object)'> (0x0000000752a4e268) thrown at [./open/src/hotspot/sh
Event: 20.318 Thread 0x0000025d344bb800 Exception <a 'java/lang/reflect/InvocationTargetException'{0x000000075331b248}> (0x000000075331b248) thrown at [./open/src/hotspot/share/runtime/reflection.cpp, line 1244]
Event: 20.638 Thread 0x0000025d102e4800 Exception <a 'java/lang/NoSuchMethodError'{0x000000075278f768}: 'long java.lang.invoke.DirectMethodHandle$Holder.invokeVirtual(java.lang.Object, java.lang.Object)'> (0x000000075278f768) thrown at [./open/src/hotspot/share/interpreter/linkResolver.cpp, lin
Event: 20.655 Thread 0x0000025d102e4800 Exception <a 'java/io/FileNotFoundException'{0x00000007527c4960}> (0x00000007527c4960) thrown at [./open/src/hotspot/share/prims/jni.cpp, line 611]
Event: 20.832 Thread 0x0000025d344bb800 Exception <a 'java/lang/reflect/InvocationTargetException'{0x00000007533327d8}> (0x00000007533327d8) thrown at [./open/src/hotspot/share/runtime/reflection.cpp, line 1244]
Event: 30.844 Thread 0x0000025d102e4800 Exception <a 'sun/nio/fs/WindowsException'{0x0000000753cc5b60}> (0x0000000753cc5b60) thrown at [./open/src/hotspot/share/prims/jni.cpp, line 611]
Event: 30.861 Thread 0x0000025d102e4800 Exception <a 'java/lang/NoSuchMethodError'{0x0000000753ceb058}: 'int java.lang.invoke.DirectMethodHandle$Holder.invokeStaticInit(java.lang.Object, java.lang.Object, java.lang.Object, java.lang.Object)'> (0x0000000753ceb058) thrown at [./open/src/hotspot/s
Event: 32.764 Thread 0x0000025d102e4800 Exception <a 'java/lang/NoSuchMethodError'{0x0000000753538310}: 'java.lang.Object java.lang.invoke.DirectMethodHandle$Holder.invokeStaticInit(java.lang.Object, java.lang.Object, java.lang.Object, java.lang.Object)'> (0x0000000753538310) thrown at [./open/

Events (10 events):
Event: 35.001 loading class org/hibernate/type/descriptor/java/CalendarTimeTypeDescriptor done
Event: 35.001 loading class org/hibernate/type/LocaleType
Event: 35.001 loading class org/hibernate/type/LocaleType done
Event: 35.002 Executing VM operation: CGC_Operation
Event: 35.009 Executing VM operation: CGC_Operation done
Event: 35.009 loading class org/hibernate/type/descriptor/java/LocaleTypeDescriptor
Event: 35.009 loading class org/hibernate/type/descriptor/java/LocaleTypeDescriptor done
Event: 35.010 loading class org/hibernate/type/CurrencyType
Event: 35.010 loading class org/hibernate/type/CurrencyType done
Event: 35.011 Executing VM operation: CollectForMetadataAllocation


Dynamic libraries:
0x00007ff7a7bd0000 - 0x00007ff7a7be0000 	C:\Program Files\Java\jdk-11\bin\java.exe
0x00007ffcd8750000 - 0x00007ffcd8948000 	C:\WINDOWS\SYSTEM32\ntdll.dll
0x00007ffcd83b0000 - 0x00007ffcd8472000 	C:\WINDOWS\System32\KERNEL32.DLL
0x00007ffcd5f10000 - 0x00007ffcd6206000 	C:\WINDOWS\System32\KERNELBASE.dll
0x00007ffcd6420000 - 0x00007ffcd6520000 	C:\WINDOWS\System32\ucrtbase.dll
0x00007ffca3250000 - 0x00007ffca326b000 	C:\Program Files\Java\jdk-11\bin\VCRUNTIME140.dll
0x00007ffca3270000 - 0x00007ffca3289000 	C:\Program Files\Java\jdk-11\bin\jli.dll
0x00007ffcd7330000 - 0x00007ffcd73e1000 	C:\WINDOWS\System32\ADVAPI32.dll
0x00007ffcd6880000 - 0x00007ffcd691e000 	C:\WINDOWS\System32\msvcrt.dll
0x00007ffcd6920000 - 0x00007ffcd69bf000 	C:\WINDOWS\System32\sechost.dll
0x00007ffcd7460000 - 0x00007ffcd7583000 	C:\WINDOWS\System32\RPCRT4.dll
0x00007ffcd5de0000 - 0x00007ffcd5e07000 	C:\WINDOWS\System32\bcrypt.dll
0x00007ffcd7aa0000 - 0x00007ffcd7c3d000 	C:\WINDOWS\System32\USER32.dll
0x00007ffcd63f0000 - 0x00007ffcd6412000 	C:\WINDOWS\System32\win32u.dll
0x00007ffcd6840000 - 0x00007ffcd686b000 	C:\WINDOWS\System32\GDI32.dll
0x00007ffcd6650000 - 0x00007ffcd6769000 	C:\WINDOWS\System32\gdi32full.dll
0x00007ffcd6520000 - 0x00007ffcd65bd000 	C:\WINDOWS\System32\msvcp_win.dll
0x00007ffcc2a60000 - 0x00007ffcc2cfa000 	C:\WINDOWS\WinSxS\amd64_microsoft.windows.common-controls_6595b64144ccf1df_6.0.19041.5915_none_60b4b9d171f9c7c7\COMCTL32.dll
0x00007ffcc67e0000 - 0x00007ffcc67ea000 	C:\WINDOWS\SYSTEM32\VERSION.dll
0x00007ffcd6770000 - 0x00007ffcd679f000 	C:\WINDOWS\System32\IMM32.DLL
0x00007ffc931f0000 - 0x00007ffc931fc000 	C:\Program Files\Java\jdk-11\bin\vcruntime140_1.dll
0x00007ffc8a9a0000 - 0x00007ffc8aa2e000 	C:\Program Files\Java\jdk-11\bin\msvcp140.dll
0x00007ffc63930000 - 0x00007ffc64493000 	C:\Program Files\Java\jdk-11\bin\server\jvm.dll
0x00007ffcd6830000 - 0x00007ffcd6838000 	C:\WINDOWS\System32\PSAPI.DLL
0x00007ffcb5e70000 - 0x00007ffcb5e79000 	C:\WINDOWS\SYSTEM32\WSOCK32.dll
0x00007ffcd73f0000 - 0x00007ffcd745b000 	C:\WINDOWS\System32\WS2_32.dll
0x00007ffcc2d60000 - 0x00007ffcc2d87000 	C:\WINDOWS\SYSTEM32\WINMM.dll
0x00007ffcd3c00000 - 0x00007ffcd3c12000 	C:\WINDOWS\SYSTEM32\kernel.appcore.dll
0x00007ffc903d0000 - 0x00007ffc903e0000 	C:\Program Files\Java\jdk-11\bin\verify.dll
0x00007ffcc2df0000 - 0x00007ffcc2ff1000 	C:\WINDOWS\SYSTEM32\DBGHELP.DLL
0x00007ffcb7ad0000 - 0x00007ffcb7b04000 	C:\WINDOWS\SYSTEM32\dbgcore.DLL
0x00007ffcd65c0000 - 0x00007ffcd6642000 	C:\WINDOWS\System32\bcryptPrimitives.dll
0x00007ffc8d670000 - 0x00007ffc8d698000 	C:\Program Files\Java\jdk-11\bin\java.dll
0x00007ffc8ffa0000 - 0x00007ffc8ffaa000 	C:\Program Files\Java\jdk-11\bin\jimage.dll
0x00007ffc8f5e0000 - 0x00007ffc8f5ee000 	C:\Program Files\Java\jdk-11\bin\instrument.dll
0x00007ffc8dd20000 - 0x00007ffc8dd37000 	C:\Program Files\Java\jdk-11\bin\zip.dll
0x00007ffcd7c40000 - 0x00007ffcd83ae000 	C:\WINDOWS\System32\SHELL32.dll
0x00007ffcd3e00000 - 0x00007ffcd45a4000 	C:\WINDOWS\SYSTEM32\windows.storage.dll
0x00007ffcd7590000 - 0x00007ffcd78e3000 	C:\WINDOWS\System32\combase.dll
0x00007ffcd5730000 - 0x00007ffcd575b000 	C:\WINDOWS\SYSTEM32\Wldp.dll
0x00007ffcd6c60000 - 0x00007ffcd6d2d000 	C:\WINDOWS\System32\OLEAUT32.dll
0x00007ffcd6e10000 - 0x00007ffcd6ebd000 	C:\WINDOWS\System32\SHCORE.dll
0x00007ffcd6bf0000 - 0x00007ffcd6c4b000 	C:\WINDOWS\System32\shlwapi.dll
0x00007ffcd5d10000 - 0x00007ffcd5d35000 	C:\WINDOWS\SYSTEM32\profapi.dll
0x00007ffc8d2e0000 - 0x00007ffc8d2f9000 	C:\Program Files\Java\jdk-11\bin\net.dll
0x00007ffccc5a0000 - 0x00007ffccc6aa000 	C:\WINDOWS\SYSTEM32\WINHTTP.dll
0x00007ffcd5510000 - 0x00007ffcd557a000 	C:\WINDOWS\system32\mswsock.dll
0x00007ffc8d260000 - 0x00007ffc8d272000 	C:\Program Files\Java\jdk-11\bin\nio.dll
0x00007ffcd5210000 - 0x00007ffcd52da000 	C:\WINDOWS\SYSTEM32\DNSAPI.dll
0x00007ffcd51c0000 - 0x00007ffcd51fb000 	C:\WINDOWS\SYSTEM32\IPHLPAPI.DLL
0x00007ffcd6870000 - 0x00007ffcd6878000 	C:\WINDOWS\System32\NSI.dll
0x00007ffcce740000 - 0x00007ffcce74a000 	C:\Windows\System32\rasadhlp.dll
0x00007ffccc210000 - 0x00007ffccc290000 	C:\WINDOWS\System32\fwpuclnt.dll
0x00007ffc8d2d0000 - 0x00007ffc8d2d9000 	C:\Program Files\Java\jdk-11\bin\management.dll
0x00007ffc8d250000 - 0x00007ffc8d25b000 	C:\Program Files\Java\jdk-11\bin\management_ext.dll
0x00007ffcd5a80000 - 0x00007ffcd5a98000 	C:\WINDOWS\SYSTEM32\CRYPTSP.dll
0x00007ffcd4de0000 - 0x00007ffcd4e18000 	C:\WINDOWS\system32\rsaenh.dll
0x00007ffcd5c90000 - 0x00007ffcd5cbe000 	C:\WINDOWS\SYSTEM32\USERENV.dll
0x00007ffcd56a0000 - 0x00007ffcd56ac000 	C:\WINDOWS\SYSTEM32\CRYPTBASE.dll
0x00007ffcce590000 - 0x00007ffcce5a7000 	C:\WINDOWS\SYSTEM32\dhcpcsvc6.DLL
0x00007ffcce3f0000 - 0x00007ffcce40d000 	C:\WINDOWS\SYSTEM32\dhcpcsvc.DLL
0x00007ffcafdc0000 - 0x00007ffcafdd7000 	C:\WINDOWS\system32\napinsp.dll
0x00007ffcafda0000 - 0x00007ffcafdbb000 	C:\WINDOWS\system32\pnrpnsp.dll
0x00007ffcd2780000 - 0x00007ffcd279d000 	C:\WINDOWS\system32\wshbth.dll
0x00007ffcd1090000 - 0x00007ffcd10ad000 	C:\WINDOWS\system32\NLAapi.dll
0x00007ffcafd80000 - 0x00007ffcafd92000 	C:\WINDOWS\System32\winrnr.dll
0x00007ffcbf5e0000 - 0x00007ffcbf631000 	C:\WINDOWS\SYSTEM32\pdh.dll
0x00007ffcb0af0000 - 0x00007ffcb0b08000 	C:\Program Files\Microsoft SQL Server\160\Shared\instapi160.dll
0x00007ffcb02b0000 - 0x00007ffcb02e4000 	C:\WINDOWS\SYSTEM32\rasman.dll
0x00007ffc8d220000 - 0x00007ffc8d22e000 	C:\Program Files\Java\jdk-11\bin\sunmscapi.dll
0x00007ffcd6210000 - 0x00007ffcd636d000 	C:\WINDOWS\System32\CRYPT32.dll
0x00007ffcd57a0000 - 0x00007ffcd57c7000 	C:\WINDOWS\SYSTEM32\ncrypt.dll
0x00007ffcd5760000 - 0x00007ffcd579b000 	C:\WINDOWS\SYSTEM32\NTASN1.dll
0x00007ffc8c830000 - 0x00007ffc8c857000 	C:\Program Files\Java\jdk-11\bin\sunec.dll
0x00007ffcc2960000 - 0x00007ffcc29c5000 	C:\WINDOWS\system32\mscoree.dll
0x00007ffcc28c0000 - 0x00007ffcc295b000 	C:\Windows\Microsoft.NET\Framework64\v4.0.30319\mscoreei.dll
0x00007ffc8d1a0000 - 0x00007ffc8d1c5000 	C:\Windows\Microsoft.NET\Framework64\v4.0.30319\CorperfmonExt.dll
0x00007ffcc1e40000 - 0x00007ffcc1e4c000 	C:\WINDOWS\SYSTEM32\VCRUNTIME140_1_CLR0400.dll
0x00007ffcc1de0000 - 0x00007ffcc1dfb000 	C:\WINDOWS\SYSTEM32\VCRUNTIME140_CLR0400.dll
0x00007ffcc1d10000 - 0x00007ffcc1ddd000 	C:\WINDOWS\SYSTEM32\ucrtbase_clr0400.dll
0x00007ffcd0320000 - 0x00007ffcd0334000 	C:\WINDOWS\SYSTEM32\WTSAPI32.dll
0x00007ffc8c800000 - 0x00007ffc8c815000 	C:\WINDOWS\system32\msscntrs.dll
0x00007ffc88530000 - 0x00007ffc88597000 	C:\WINDOWS\SYSTEM32\perf-MSSQL$SQLEXPRESS-sqlctr16.0.1000.6.dll
0x00007ffc8d190000 - 0x00007ffc8d19b000 	C:\Users\pc\OneDrive\Bureau\MSAS16.MSSQLSERVER\OLAP\bin\Counters\MSMDCTR.DLL

dbghelp: loaded successfully - version: 4.0.5 - missing functions: none
symbol engine: initialized successfully - sym options: 0x614 - pdb path: .;C:\Program Files\Java\jdk-11\bin;C:\WINDOWS\SYSTEM32;C:\WINDOWS\WinSxS\amd64_microsoft.windows.common-controls_6595b64144ccf1df_6.0.19041.5915_none_60b4b9d171f9c7c7;C:\Program Files\Java\jdk-11\bin\server;C:\Windows\Microsoft.NET\Framework64\v4.0.30319;C:\Program Files\Microsoft SQL Server\160\Shared;C:\Users\pc\OneDrive\Bureau\MSAS16.MSSQLSERVER\OLAP\bin\Counters;C:\Program Files (x86)\VMware\VMware Workstation

VM Arguments:
jvm_args: -XX:TieredStopAtLevel=1 -Xverify:none -Dspring.output.ansi.enabled=always -Dcom.sun.management.jmxremote -Dspring.jmx.enabled=true -Dspring.liveBeansView.mbeanDomain -Dspring.application.admin.enabled=true -Dmanagement.endpoints.jmx.exposure.include=* -javaagent:C:\Program Files\JetBrains\IntelliJ IDEA 2025.1.1.1\lib\idea_rt.jar=57776 -Dfile.encoding=UTF-8 
java_command: com.mycompany.gestion.projets.InitDbApp
java_class_path (initial): C:\Users\pc\OneDrive\Documents\NetBeansProjects\gestion-projets\target\classes;C:\Users\pc\.m2\repository\org\springframework\boot\spring-boot-starter-web\2.7.15\spring-boot-starter-web-2.7.15.jar;C:\Users\pc\.m2\repository\org\springframework\boot\spring-boot-starter\2.7.15\spring-boot-starter-2.7.15.jar;C:\Users\pc\.m2\repository\org\springframework\boot\spring-boot\2.7.15\spring-boot-2.7.15.jar;C:\Users\pc\.m2\repository\org\springframework\boot\spring-boot-autoconfigure\2.7.15\spring-boot-autoconfigure-2.7.15.jar;C:\Users\pc\.m2\repository\org\springframework\boot\spring-boot-starter-logging\2.7.15\spring-boot-starter-logging-2.7.15.jar;C:\Users\pc\.m2\repository\ch\qos\logback\logback-classic\1.2.12\logback-classic-1.2.12.jar;C:\Users\pc\.m2\repository\ch\qos\logback\logback-core\1.2.12\logback-core-1.2.12.jar;C:\Users\pc\.m2\repository\org\apache\logging\log4j\log4j-to-slf4j\2.17.2\log4j-to-slf4j-2.17.2.jar;C:\Users\pc\.m2\repository\org\apache\logging\log4j\log4j-api\2.17.2\log4j-api-2.17.2.jar;C:\Users\pc\.m2\repository\org\slf4j\jul-to-slf4j\1.7.36\jul-to-slf4j-1.7.36.jar;C:\Users\pc\.m2\repository\jakarta\annotation\jakarta.annotation-api\1.3.5\jakarta.annotation-api-1.3.5.jar;C:\Users\pc\.m2\repository\org\springframework\spring-core\5.3.29\spring-core-5.3.29.jar;C:\Users\pc\.m2\repository\org\springframework\spring-jcl\5.3.29\spring-jcl-5.3.29.jar;C:\Users\pc\.m2\repository\org\yaml\snakeyaml\1.30\snakeyaml-1.30.jar;C:\Users\pc\.m2\repository\org\springframework\boot\spring-boot-starter-json\2.7.15\spring-boot-starter-json-2.7.15.jar;C:\Users\pc\.m2\repository\com\fasterxml\jackson\core\jackson-databind\2.13.5\jackson-databind-2.13.5.jar;C:\Users\pc\.m2\repository\com\fasterxml\jackson\core\jackson-annotations\2.13.5\jackson-annotations-2.13.5.jar;C:\Users\pc\.m2\repository\com\fasterxml\jackson\core\jackson-core\2.13.5\jackson-core-2.13.5.jar;C:\Users\pc\.m2\repository\com\fasterxml\jackson\datatype\jackson-datatype-jdk8\2.1
Launcher Type: SUN_STANDARD

[Global flags]
     bool BytecodeVerificationLocal                = false                                     {product} {command line}
     bool BytecodeVerificationRemote               = false                                     {product} {command line}
     intx CICompilerCount                          = 3                                         {product} {ergonomic}
     uint ConcGCThreads                            = 1                                         {product} {ergonomic}
     uint G1ConcRefinementThreads                  = 4                                         {product} {ergonomic}
   size_t G1HeapRegionSize                         = 1048576                                   {product} {ergonomic}
    uintx GCDrainStackTargetSize                   = 64                                        {product} {ergonomic}
   size_t InitialHeapSize                          = 192937984                                 {product} {ergonomic}
     bool ManagementServer                         = true                                      {product} {command line}
   size_t MarkStackSize                            = 4194304                                   {product} {ergonomic}
   size_t MaxHeapSize                              = 3068133376                                {product} {ergonomic}
   size_t MaxNewSize                               = 1840250880                                {product} {ergonomic}
   size_t MinHeapDeltaBytes                        = 1048576                                   {product} {ergonomic}
    uintx NonNMethodCodeHeapSize                   = 6973028                                {pd product} {ergonomic}
    uintx NonProfiledCodeHeapSize                  = 244685212                              {pd product} {ergonomic}
    uintx ProfiledCodeHeapSize                     = 0                                      {pd product} {ergonomic}
    uintx ReservedCodeCacheSize                    = 251658240                              {pd product} {ergonomic}
     bool SegmentedCodeCache                       = true                                      {product} {ergonomic}
     intx TieredStopAtLevel                        = 1                                         {product} {command line}
     bool UseCompressedClassPointers               = true                                 {lp64_product} {ergonomic}
     bool UseCompressedOops                        = true                                 {lp64_product} {ergonomic}
     bool UseG1GC                                  = true                                      {product} {ergonomic}
     bool UseLargePagesIndividualAllocation        = false                                  {pd product} {ergonomic}

Logging:
Log output configuration:
 #0: stdout all=warning uptime,level,tags
 #1: stderr all=off uptime,level,tags

Environment Variables:
PATH=C:\Program Files\Java\jdk-17.0.5\bin;C:\Program Files (x86)\Common Files\Oracle\Java\javapath;C:\Program Files (x86)\VMware\VMware Workstation\bin\;C:\Program Files\SqlCmd\;C:\Program Files\Common Files\Oracle\Java\javapath;C:\Windows\System32;C:\Program Files\Git\cmd;C:\ProgramData\chocolatey\bin;C:\chromedriver\chromedriver-win64;C:\Program Files\OpenSSL-Win64\bin;C:\Program Files (x86)\Microsoft SQL Server\160\DTS\Binn\;C:\WINDOWS\system32;C:\WINDOWS;C:\WINDOWS\System32\Wbem;C:\WINDOWS\System32\WindowsPowerShell\v1.0\;C:\WINDOWS\System32\OpenSSH\;C:\Program Files\RedHat\Podman\;C:\ProgramData\ComposerSetup\bin;C:\tools\php82;C:\Program Files\Docker\Docker\resources\bin;C:\minikube;C:\Program Files\Microsoft SQL Server\150\Tools\Binn\;C:\Program Files\dotnet\;C:\Program Files\Java\jdk1.8.0_202\bin;C:\Program Files\Microsoft SQL Server\Client SDK\ODBC\170\Tools\Binn\;C:\Program Files\Microsoft SQL Server\160\DTS\Binn\;C:\Program Files\MySQL\MySQL Shell 8.0\bin\;C:\Users\pc\AppData\Local\Programs\Python\Python313\Scripts\;C:\Users\pc\AppData\Local\Programs\Python\Python313\;C:\Users\pc\AppData\Local\Microsoft\WindowsApps;C:\Program Files\Azure Data Studio\bin;C:\Users\pc\AppData\Local\Programs\Microsoft VS Code\bin;C:\Users\pc\AppData\Roaming\npm;C:\xampp\php\php.exe;C:\xampp\php;C:\Program Files\MySQL\MySQL Server 8.0\bin;C:\xampp\mysql\bin;C:\chromedriver\chromedriver-win64;C:\chromedriver\chromedriver-win64\chromedriver.exe;C:\Program Files\OpenSSL-Win64\bin;C:\Users\pc\Downloads\containerd-2.0.4;C:\Program Files\containerd-2.0.4;C:\Program Files\containerd;C:\Program Files\Java\jdk-17.0.5\bin;C:\Users\pc\AppData\Roaming\Composer\vendor\bin;C:\Program Files\Java\jdk-17.0.5;C:\Program Files\apache-maven-3.9.9\bin;C:\Program Files\JetBrains\IntelliJ IDEA 2025.1.1.1\bin;;C:\Program Files\Java\jre1.8.0_202\bin;C:\Users\pc\.dotnet\tools
USERNAME=pc
OS=Windows_NT
PROCESSOR_IDENTIFIER=Intel64 Family 6 Model 78 Stepping 3, GenuineIntel



---------------  S Y S T E M  ---------------

OS: Windows 10 , 64 bit Build 19041 (10.0.19041.5915)
Hyper-V role detected

CPU:total 4 (initial active 4) (2 cores per cpu, 2 threads per core) family 6 model 78 stepping 3 microcode 0xcc, cmov, cx8, fxsr, mmx, sse, sse2, sse3, ssse3, sse4.1, sse4.2, popcnt, avx, avx2, aes, clmul, erms, rtm, 3dnowpref, lzcnt, ht, tsc, tscinvbit, bmi1, bmi2, adx, fma

Memory: 4k page, system-wide physical 11699M (1826M free)
TotalPageFile size 12454M (AvailPageFile size 2M)
current process WorkingSet (physical memory assigned to process): 206M, peak: 206M
current process commit charge ("private bytes"): 332M, peak: 333M

vm_info: Java HotSpot(TM) 64-Bit Server VM (11.0.27+8-LTS-232) for windows-amd64 JRE (11.0.27+8-LTS-232), built on Feb 25 2025 06:49:10 by "mach5one" with MS VC++ 17.6 (VS2022)

END.
