#
# There is insufficient memory for the Java Runtime Environment to continue.
# Native memory allocation (malloc) failed to allocate 32744 bytes for ChunkPool::allocate
# Possible reasons:
#   The system is out of physical RAM or swap space
#   The process is running with CompressedOops enabled, and the Java Heap may be blocking the growth of the native heap
# Possible solutions:
#   Reduce memory load on the system
#   Increase physical memory or swap space
#   Check if swap backing store is full
#   Decrease Java heap size (-Xmx/-Xms)
#   Decrease number of Java threads
#   Decrease Java thread stack sizes (-Xss)
#   Set larger code cache with -XX:ReservedCodeCacheSize=
#   JVM is running with Zero Based Compressed Oops mode in which the Java heap is
#     placed in the first 32GB address space. The Java Heap base address is the
#     maximum limit for the native heap growth. Please use -XX:HeapBaseMinAddress
#     to set the Java Heap base and to place the Java Heap above 32GB virtual address.
# This output file may be truncated or incomplete.
#
#  Out of Memory Error (./open/src/hotspot/share/memory/arena.cpp:81), pid=10540, tid=4516
#
# JRE version: Java(TM) SE Runtime Environment 18.9 (11.0.27+8) (build 11.0.27+8-LTS-232)
# Java VM: Java HotSpot(TM) 64-Bit Server VM 18.9 (11.0.27+8-LTS-232, mixed mode, tiered, compressed oops, g1 gc, windows-amd64)
# No core dump will be written. Minidumps are not enabled by default on client versions of Windows
#

---------------  S U M M A R Y ------------

Command Line: -XX:TieredStopAtLevel=1 -Xverify:none -Dspring.output.ansi.enabled=always -Dcom.sun.management.jmxremote -Dspring.jmx.enabled=true -Dspring.liveBeansView.mbeanDomain -Dspring.application.admin.enabled=true -Dmanagement.endpoints.jmx.exposure.include=* -javaagent:C:\Program Files\JetBrains\IntelliJ IDEA 2025.1.1.1\lib\idea_rt.jar=58982 -Dfile.encoding=UTF-8 com.mycompany.gestion.projets.InitDbApp

Host: Intel(R) Core(TM) i5-6300U CPU @ 2.40GHz, 4 cores, 11G,  Windows 10 , 64 bit Build 19041 (10.0.19041.5915)
Time: Sat Jun 21 16:15:00 2025 Maroc (heure d64 bit Build 19041 (10.0.19041.5915) elapsed time: 88.272738 seconds (0d 0h 1m 28s)

---------------  T H R E A D  ---------------

Current thread (0x00000202bb24b000):  JavaThread "C1 CompilerThread0" daemon [_thread_in_native, id=4516, stack(0x000000bf92c00000,0x000000bf92d00000)]


Current CompileTask:
C1:  88272 6013       1       java.io.ObjectStreamClass::initNonProxy (551 bytes)

Stack: [0x000000bf92c00000,0x000000bf92d00000]
Native frames: (J=compiled Java code, j=interpreted, Vv=VM code, C=native code)
V  [jvm.dll+0x65887a]
V  [jvm.dll+0x79b47f]
V  [jvm.dll+0x79cb49]
V  [jvm.dll+0x79d1f3]
V  [jvm.dll+0x255975]
V  [jvm.dll+0xb339b]
V  [jvm.dll+0xb373c]
V  [jvm.dll+0x129f56]
V  [jvm.dll+0x14759b]
V  [jvm.dll+0x1292fd]
V  [jvm.dll+0x148752]
V  [jvm.dll+0x12aa4d]
V  [jvm.dll+0x12a50a]
V  [jvm.dll+0x12a703]
V  [jvm.dll+0x129a49]
V  [jvm.dll+0x12b8e8]
V  [jvm.dll+0x21e964]
V  [jvm.dll+0x21cc8c]
V  [jvm.dll+0x75f331]
V  [jvm.dll+0x757c54]
V  [jvm.dll+0x657725]
C  [ucrtbase.dll+0x21bb2]
C  [KERNEL32.DLL+0x17374]
C  [ntdll.dll+0x4cc91]


---------------  P R O C E S S  ---------------

Threads class SMR info:
_java_thread_list=0x00000202bd1ea9c0, length=33, elements={
0x00000202bb1e8800, 0x00000202bb1ea000, 0x00000202bb244800, 0x00000202bb245800,
0x00000202bb247800, 0x00000202bb24b000, 0x00000202bb24e000, 0x00000202ba977000,
0x00000202bb5d6800, 0x00000202bba3c800, 0x00000202bcc2e000, 0x00000202bcbcc000,
0x00000202bccbd800, 0x00000202bcc87800, 0x00000202bd843800, 0x00000202bd868800,
0x00000202bd869800, 0x00000202bd880800, 0x00000202bd95d800, 0x00000202bd960000,
0x00000202bd95a800, 0x00000202bd95f000, 0x00000202bd961000, 0x00000202bd95b000,
0x00000202bd95c000, 0x00000202bd95c800, 0x00000202bf8d3000, 0x00000202bf8d4000,
0x00000202bf8d8000, 0x00000202bf8d5000, 0x00000202bf8d2800, 0x00000202bf8d6800,
0x00000202bf8d9000
}

Java Threads: ( => current thread )
  0x00000202bb1e8800 JavaThread "Reference Handler" daemon [_thread_blocked, id=17824, stack(0x000000bf92700000,0x000000bf92800000)]
  0x00000202bb1ea000 JavaThread "Finalizer" daemon [_thread_blocked, id=12512, stack(0x000000bf92800000,0x000000bf92900000)]
  0x00000202bb244800 JavaThread "Signal Dispatcher" daemon [_thread_blocked, id=18024, stack(0x000000bf92900000,0x000000bf92a00000)]
  0x00000202bb245800 JavaThread "Attach Listener" daemon [_thread_blocked, id=14844, stack(0x000000bf92a00000,0x000000bf92b00000)]
  0x00000202bb247800 JavaThread "Service Thread" daemon [_thread_blocked, id=16520, stack(0x000000bf92b00000,0x000000bf92c00000)]
=>0x00000202bb24b000 JavaThread "C1 CompilerThread0" daemon [_thread_in_native, id=4516, stack(0x000000bf92c00000,0x000000bf92d00000)]
  0x00000202bb24e000 JavaThread "Sweeper thread" daemon [_thread_blocked, id=17736, stack(0x000000bf92d00000,0x000000bf92e00000)]
  0x00000202ba977000 JavaThread "Common-Cleaner" daemon [_thread_blocked, id=10852, stack(0x000000bf92e00000,0x000000bf92f00000)]
  0x00000202bb5d6800 JavaThread "Monitor Ctrl-Break" daemon [_thread_in_native, id=8076, stack(0x000000bf92f00000,0x000000bf93000000)]
  0x00000202bba3c800 JavaThread "RMI TCP Accept-0" daemon [_thread_in_native, id=10132, stack(0x000000bf93000000,0x000000bf93100000)]
  0x00000202bcc2e000 JavaThread "RMI TCP Connection(idle)" daemon [_thread_blocked, id=10332, stack(0x000000bf93700000,0x000000bf93800000)]
  0x00000202bcbcc000 JavaThread "RMI Scheduler(0)" daemon [_thread_blocked, id=13604, stack(0x000000bf93800000,0x000000bf93900000)]
  0x00000202bccbd800 JavaThread "JMX server connection timeout 18" daemon [_thread_blocked, id=16528, stack(0x000000bf93900000,0x000000bf93a00000)]
  0x00000202bcc87800 JavaThread "RMI TCP Connection(idle)" daemon [_thread_blocked, id=7488, stack(0x000000bf93600000,0x000000bf93700000)]
  0x00000202bd843800 JavaThread "Catalina-utility-1" [_thread_blocked, id=2820, stack(0x000000bf93d00000,0x000000bf93e00000)]
  0x00000202bd868800 JavaThread "Catalina-utility-2" [_thread_blocked, id=17492, stack(0x000000bf93e00000,0x000000bf93f00000)]
  0x00000202bd869800 JavaThread "container-0" [_thread_blocked, id=13880, stack(0x000000bf93f00000,0x000000bf94000000)]
  0x00000202bd880800 JavaThread "mysql-cj-abandoned-connection-cleanup" daemon [_thread_blocked, id=264, stack(0x000000bf94000000,0x000000bf94100000)]
  0x00000202bd95d800 JavaThread "HikariPool-1 housekeeper" daemon [_thread_blocked, id=16816, stack(0x000000bf94200000,0x000000bf94300000)]
  0x00000202bd960000 JavaThread "http-nio-8080-exec-1" daemon [_thread_blocked, id=17692, stack(0x000000bf94400000,0x000000bf94500000)]
  0x00000202bd95a800 JavaThread "http-nio-8080-exec-2" daemon [_thread_blocked, id=4500, stack(0x000000bf94500000,0x000000bf94600000)]
  0x00000202bd95f000 JavaThread "http-nio-8080-exec-3" daemon [_thread_blocked, id=2448, stack(0x000000bf94600000,0x000000bf94700000)]
  0x00000202bd961000 JavaThread "http-nio-8080-exec-4" daemon [_thread_blocked, id=5776, stack(0x000000bf94700000,0x000000bf94800000)]
  0x00000202bd95b000 JavaThread "http-nio-8080-exec-5" daemon [_thread_blocked, id=11364, stack(0x000000bf94800000,0x000000bf94900000)]
  0x00000202bd95c000 JavaThread "http-nio-8080-exec-6" daemon [_thread_blocked, id=11996, stack(0x000000bf94900000,0x000000bf94a00000)]
  0x00000202bd95c800 JavaThread "http-nio-8080-exec-7" daemon [_thread_blocked, id=14752, stack(0x000000bf94a00000,0x000000bf94b00000)]
  0x00000202bf8d3000 JavaThread "http-nio-8080-exec-8" daemon [_thread_blocked, id=14740, stack(0x000000bf94b00000,0x000000bf94c00000)]
  0x00000202bf8d4000 JavaThread "http-nio-8080-exec-9" daemon [_thread_blocked, id=8056, stack(0x000000bf94c00000,0x000000bf94d00000)]
  0x00000202bf8d8000 JavaThread "http-nio-8080-exec-10" daemon [_thread_blocked, id=5964, stack(0x000000bf94d00000,0x000000bf94e00000)]
  0x00000202bf8d5000 JavaThread "http-nio-8080-Poller" daemon [_thread_in_native, id=14368, stack(0x000000bf94e00000,0x000000bf94f00000)]
  0x00000202bf8d2800 JavaThread "http-nio-8080-Acceptor" daemon [_thread_in_native, id=12536, stack(0x000000bf94f00000,0x000000bf95000000)]
  0x00000202bf8d6800 JavaThread "DestroyJavaVM" [_thread_blocked, id=16628, stack(0x000000bf92000000,0x000000bf92100000)]
  0x00000202bf8d9000 JavaThread "RMI TCP Connection(3)-172.24.48.1" daemon [_thread_in_native, id=17028, stack(0x000000bf95000000,0x000000bf95100000)]

Other Threads:
  0x00000202bb1e1800 VMThread "VM Thread" [stack: 0x000000bf92600000,0x000000bf92700000] [id=8564]
  0x00000202bba40000 WatcherThread [stack: 0x000000bf93100000,0x000000bf93200000] [id=17276]
  0x000002029b127000 GCTaskThread "GC Thread#0" [stack: 0x000000bf92100000,0x000000bf92200000] [id=18172]
  0x00000202bbb43000 GCTaskThread "GC Thread#1" [stack: 0x000000bf93200000,0x000000bf93300000] [id=17060]
  0x00000202bbba3800 GCTaskThread "GC Thread#2" [stack: 0x000000bf93300000,0x000000bf93400000] [id=488]
  0x00000202bbba4000 GCTaskThread "GC Thread#3" [stack: 0x000000bf93400000,0x000000bf93500000] [id=15160]
  0x000002029b169800 ConcurrentGCThread "G1 Main Marker" [stack: 0x000000bf92200000,0x000000bf92300000] [id=18312]
  0x000002029b16e000 ConcurrentGCThread "G1 Conc#0" [stack: 0x000000bf92300000,0x000000bf92400000] [id=16272]
  0x000002029b1de000 ConcurrentGCThread "G1 Refine#0" [stack: 0x000000bf92400000,0x000000bf92500000] [id=11476]
  0x00000202bbb54800 ConcurrentGCThread "G1 Refine#1" [stack: 0x000000bf93500000,0x000000bf93600000] [id=1968]
  0x00000202ba82b800 ConcurrentGCThread "G1 Young RemSet Sampling" [stack: 0x000000bf92500000,0x000000bf92600000] [id=8164]

Threads with active compile tasks:
C1 CompilerThread0    88337 6013       1       java.io.ObjectStreamClass::initNonProxy (551 bytes)

VM state:not at safepoint (normal execution)

VM Mutex/Monitor currently owned by a thread: None

Heap address: 0x0000000749200000, size: 2926 MB, Compressed Oops mode: Zero based, Oop shift amount: 3
Narrow klass base: 0x0000000800000000, Narrow klass shift: 0
Compressed class space size: 1073741824 Address: 0x0000000800000000

Heap:
 garbage-first heap   total 226304K, used 36153K [0x0000000749200000, 0x0000000800000000)
  region size 1024K, 18 young (18432K), 10 survivors (10240K)
 Metaspace       used 63123K, capacity 64770K, committed 65020K, reserved 1105920K
  class space    used 7592K, capacity 8190K, committed 8192K, reserved 1048576K
Heap Regions: E=young(eden), S=young(survivor), O=old, HS=humongous(starts), HC=humongous(continues), CS=collection set, F=free, A=archive, TAMS=top-at-mark-start (previous, next)
|   0|0x0000000749200000, 0x0000000749300000, 0x0000000749300000|100%|HS|  |TAMS 0x0000000749300000, 0x0000000749200000| Complete 
|   1|0x0000000749300000, 0x0000000749400000, 0x0000000749400000|100%| O|  |TAMS 0x0000000749400000, 0x0000000749300000| Untracked 
|   2|0x0000000749400000, 0x0000000749500000, 0x0000000749500000|100%| O|  |TAMS 0x0000000749500000, 0x0000000749400000| Untracked 
|   3|0x0000000749500000, 0x0000000749600000, 0x0000000749600000|100%| O|  |TAMS 0x0000000749600000, 0x0000000749500000| Untracked 
|   4|0x0000000749600000, 0x0000000749700000, 0x0000000749700000|100%| O|  |TAMS 0x0000000749700000, 0x0000000749600000| Untracked 
|   5|0x0000000749700000, 0x0000000749800000, 0x0000000749800000|100%| O|  |TAMS 0x0000000749800000, 0x0000000749700000| Untracked 
|   6|0x0000000749800000, 0x0000000749900000, 0x0000000749900000|100%| O|  |TAMS 0x0000000749900000, 0x0000000749800000| Untracked 
|   7|0x0000000749900000, 0x0000000749a00000, 0x0000000749a00000|100%| O|  |TAMS 0x0000000749900000, 0x0000000749900000| Untracked 
|   8|0x0000000749a00000, 0x0000000749b00000, 0x0000000749b00000|100%| O|  |TAMS 0x0000000749a00000, 0x0000000749a00000| Untracked 
|   9|0x0000000749b00000, 0x0000000749c00000, 0x0000000749c00000|100%| O|  |TAMS 0x0000000749b00000, 0x0000000749b00000| Untracked 
|  10|0x0000000749c00000, 0x0000000749d00000, 0x0000000749d00000|100%| O|  |TAMS 0x0000000749c00000, 0x0000000749c00000| Untracked 
|  11|0x0000000749d00000, 0x0000000749e00000, 0x0000000749e00000|100%| O|  |TAMS 0x0000000749d00000, 0x0000000749d00000| Untracked 
|  12|0x0000000749e00000, 0x0000000749f00000, 0x0000000749f00000|100%| O|  |TAMS 0x0000000749e00000, 0x0000000749e00000| Untracked 
|  13|0x0000000749f00000, 0x000000074a000000, 0x000000074a000000|100%| O|  |TAMS 0x0000000749f00000, 0x0000000749f00000| Untracked 
|  14|0x000000074a000000, 0x000000074a100000, 0x000000074a100000|100%| O|  |TAMS 0x000000074a000000, 0x000000074a000000| Untracked 
|  15|0x000000074a100000, 0x000000074a200000, 0x000000074a200000|100%| O|  |TAMS 0x000000074a100000, 0x000000074a100000| Untracked 
|  16|0x000000074a200000, 0x000000074a300000, 0x000000074a300000|100%| O|  |TAMS 0x000000074a200000, 0x000000074a200000| Untracked 
|  17|0x000000074a300000, 0x000000074a400000, 0x000000074a400000|100%| O|  |TAMS 0x000000074a300000, 0x000000074a300000| Untracked 
|  18|0x000000074a400000, 0x000000074a475200, 0x000000074a500000| 45%| O|  |TAMS 0x000000074a400000, 0x000000074a400000| Untracked 
|  19|0x000000074a500000, 0x000000074a500000, 0x000000074a600000|  0%| F|  |TAMS 0x000000074a500000, 0x000000074a500000| Untracked 
|  20|0x000000074a600000, 0x000000074a600000, 0x000000074a700000|  0%| F|  |TAMS 0x000000074a600000, 0x000000074a600000| Untracked 
|  21|0x000000074a700000, 0x000000074a700000, 0x000000074a800000|  0%| F|  |TAMS 0x000000074a700000, 0x000000074a700000| Untracked 
|  22|0x000000074a800000, 0x000000074a800000, 0x000000074a900000|  0%| F|  |TAMS 0x000000074a800000, 0x000000074a800000| Untracked 
|  23|0x000000074a900000, 0x000000074a900000, 0x000000074aa00000|  0%| F|  |TAMS 0x000000074a900000, 0x000000074a900000| Untracked 
|  24|0x000000074aa00000, 0x000000074aa00000, 0x000000074ab00000|  0%| F|  |TAMS 0x000000074aa00000, 0x000000074aa00000| Untracked 
|  25|0x000000074ab00000, 0x000000074ab00000, 0x000000074ac00000|  0%| F|  |TAMS 0x000000074ab00000, 0x000000074ab00000| Untracked 
|  26|0x000000074ac00000, 0x000000074ac00000, 0x000000074ad00000|  0%| F|  |TAMS 0x000000074ac00000, 0x000000074ac00000| Untracked 
|  27|0x000000074ad00000, 0x000000074ad00000, 0x000000074ae00000|  0%| F|  |TAMS 0x000000074ad00000, 0x000000074ad00000| Untracked 
|  28|0x000000074ae00000, 0x000000074ae00000, 0x000000074af00000|  0%| F|  |TAMS 0x000000074ae00000, 0x000000074ae00000| Untracked 
|  29|0x000000074af00000, 0x000000074af00000, 0x000000074b000000|  0%| F|  |TAMS 0x000000074af00000, 0x000000074af00000| Untracked 
|  30|0x000000074b000000, 0x000000074b000000, 0x000000074b100000|  0%| F|  |TAMS 0x000000074b000000, 0x000000074b000000| Untracked 
|  31|0x000000074b100000, 0x000000074b100000, 0x000000074b200000|  0%| F|  |TAMS 0x000000074b100000, 0x000000074b100000| Untracked 
|  32|0x000000074b200000, 0x000000074b200000, 0x000000074b300000|  0%| F|  |TAMS 0x000000074b200000, 0x000000074b200000| Untracked 
|  33|0x000000074b300000, 0x000000074b300000, 0x000000074b400000|  0%| F|  |TAMS 0x000000074b300000, 0x000000074b300000| Untracked 
|  34|0x000000074b400000, 0x000000074b400000, 0x000000074b500000|  0%| F|  |TAMS 0x000000074b400000, 0x000000074b400000| Untracked 
|  35|0x000000074b500000, 0x000000074b500000, 0x000000074b600000|  0%| F|  |TAMS 0x000000074b500000, 0x000000074b500000| Untracked 
|  36|0x000000074b600000, 0x000000074b600000, 0x000000074b700000|  0%| F|  |TAMS 0x000000074b600000, 0x000000074b600000| Untracked 
|  37|0x000000074b700000, 0x000000074b700000, 0x000000074b800000|  0%| F|  |TAMS 0x000000074b700000, 0x000000074b700000| Untracked 
|  38|0x000000074b800000, 0x000000074b800000, 0x000000074b900000|  0%| F|  |TAMS 0x000000074b800000, 0x000000074b800000| Untracked 
|  39|0x000000074b900000, 0x000000074b900000, 0x000000074ba00000|  0%| F|  |TAMS 0x000000074b900000, 0x000000074b900000| Untracked 
|  40|0x000000074ba00000, 0x000000074ba00000, 0x000000074bb00000|  0%| F|  |TAMS 0x000000074ba00000, 0x000000074ba00000| Untracked 
|  41|0x000000074bb00000, 0x000000074bb00000, 0x000000074bc00000|  0%| F|  |TAMS 0x000000074bb00000, 0x000000074bb00000| Untracked 
|  42|0x000000074bc00000, 0x000000074bc00000, 0x000000074bd00000|  0%| F|  |TAMS 0x000000074bc00000, 0x000000074bc00000| Untracked 
|  43|0x000000074bd00000, 0x000000074bd00000, 0x000000074be00000|  0%| F|  |TAMS 0x000000074bd00000, 0x000000074bd00000| Untracked 
|  44|0x000000074be00000, 0x000000074be00000, 0x000000074bf00000|  0%| F|  |TAMS 0x000000074be00000, 0x000000074be00000| Untracked 
|  45|0x000000074bf00000, 0x000000074bf00000, 0x000000074c000000|  0%| F|  |TAMS 0x000000074bf00000, 0x000000074bf00000| Untracked 
|  46|0x000000074c000000, 0x000000074c000000, 0x000000074c100000|  0%| F|  |TAMS 0x000000074c000000, 0x000000074c000000| Untracked 
|  47|0x000000074c100000, 0x000000074c100000, 0x000000074c200000|  0%| F|  |TAMS 0x000000074c100000, 0x000000074c100000| Untracked 
|  48|0x000000074c200000, 0x000000074c200000, 0x000000074c300000|  0%| F|  |TAMS 0x000000074c200000, 0x000000074c200000| Untracked 
|  49|0x000000074c300000, 0x000000074c300000, 0x000000074c400000|  0%| F|  |TAMS 0x000000074c300000, 0x000000074c300000| Untracked 
|  50|0x000000074c400000, 0x000000074c400000, 0x000000074c500000|  0%| F|  |TAMS 0x000000074c400000, 0x000000074c400000| Untracked 
|  51|0x000000074c500000, 0x000000074c500000, 0x000000074c600000|  0%| F|  |TAMS 0x000000074c500000, 0x000000074c500000| Untracked 
|  52|0x000000074c600000, 0x000000074c600000, 0x000000074c700000|  0%| F|  |TAMS 0x000000074c600000, 0x000000074c600000| Untracked 
|  53|0x000000074c700000, 0x000000074c700000, 0x000000074c800000|  0%| F|  |TAMS 0x000000074c700000, 0x000000074c700000| Untracked 
|  54|0x000000074c800000, 0x000000074c800000, 0x000000074c900000|  0%| F|  |TAMS 0x000000074c800000, 0x000000074c800000| Untracked 
|  55|0x000000074c900000, 0x000000074c900000, 0x000000074ca00000|  0%| F|  |TAMS 0x000000074c900000, 0x000000074c900000| Untracked 
|  56|0x000000074ca00000, 0x000000074ca00000, 0x000000074cb00000|  0%| F|  |TAMS 0x000000074ca00000, 0x000000074ca00000| Untracked 
|  57|0x000000074cb00000, 0x000000074cb00000, 0x000000074cc00000|  0%| F|  |TAMS 0x000000074cb00000, 0x000000074cb00000| Untracked 
|  58|0x000000074cc00000, 0x000000074cc00000, 0x000000074cd00000|  0%| F|  |TAMS 0x000000074cc00000, 0x000000074cc00000| Untracked 
|  59|0x000000074cd00000, 0x000000074cd00000, 0x000000074ce00000|  0%| F|  |TAMS 0x000000074cd00000, 0x000000074cd00000| Untracked 
|  60|0x000000074ce00000, 0x000000074ce00000, 0x000000074cf00000|  0%| F|  |TAMS 0x000000074ce00000, 0x000000074ce00000| Untracked 
|  61|0x000000074cf00000, 0x000000074cf00000, 0x000000074d000000|  0%| F|  |TAMS 0x000000074cf00000, 0x000000074cf00000| Untracked 
|  62|0x000000074d000000, 0x000000074d000000, 0x000000074d100000|  0%| F|  |TAMS 0x000000074d000000, 0x000000074d000000| Untracked 
|  63|0x000000074d100000, 0x000000074d100000, 0x000000074d200000|  0%| F|  |TAMS 0x000000074d100000, 0x000000074d100000| Untracked 
|  64|0x000000074d200000, 0x000000074d2d9440, 0x000000074d300000| 84%| S|CS|TAMS 0x000000074d200000, 0x000000074d200000| Complete 
|  65|0x000000074d300000, 0x000000074d400000, 0x000000074d400000|100%| S|CS|TAMS 0x000000074d300000, 0x000000074d300000| Complete 
|  66|0x000000074d400000, 0x000000074d500000, 0x000000074d500000|100%| S|CS|TAMS 0x000000074d400000, 0x000000074d400000| Complete 
|  67|0x000000074d500000, 0x000000074d600000, 0x000000074d600000|100%| S|CS|TAMS 0x000000074d500000, 0x000000074d500000| Complete 
|  68|0x000000074d600000, 0x000000074d700000, 0x000000074d700000|100%| S|CS|TAMS 0x000000074d600000, 0x000000074d600000| Complete 
|  69|0x000000074d700000, 0x000000074d800000, 0x000000074d800000|100%| S|CS|TAMS 0x000000074d700000, 0x000000074d700000| Complete 
|  70|0x000000074d800000, 0x000000074d900000, 0x000000074d900000|100%| S|CS|TAMS 0x000000074d800000, 0x000000074d800000| Complete 
|  71|0x000000074d900000, 0x000000074da00000, 0x000000074da00000|100%| S|CS|TAMS 0x000000074d900000, 0x000000074d900000| Complete 
|  72|0x000000074da00000, 0x000000074db00000, 0x000000074db00000|100%| S|CS|TAMS 0x000000074da00000, 0x000000074da00000| Complete 
|  73|0x000000074db00000, 0x000000074dc00000, 0x000000074dc00000|100%| S|CS|TAMS 0x000000074db00000, 0x000000074db00000| Complete 
|  74|0x000000074dc00000, 0x000000074dc00000, 0x000000074dd00000|  0%| F|  |TAMS 0x000000074dc00000, 0x000000074dc00000| Untracked 
|  75|0x000000074dd00000, 0x000000074dd00000, 0x000000074de00000|  0%| F|  |TAMS 0x000000074dd00000, 0x000000074dd00000| Untracked 
|  76|0x000000074de00000, 0x000000074de00000, 0x000000074df00000|  0%| F|  |TAMS 0x000000074de00000, 0x000000074de00000| Untracked 
|  77|0x000000074df00000, 0x000000074df00000, 0x000000074e000000|  0%| F|  |TAMS 0x000000074df00000, 0x000000074df00000| Untracked 
|  78|0x000000074e000000, 0x000000074e000000, 0x000000074e100000|  0%| F|  |TAMS 0x000000074e000000, 0x000000074e000000| Untracked 
|  79|0x000000074e100000, 0x000000074e100000, 0x000000074e200000|  0%| F|  |TAMS 0x000000074e100000, 0x000000074e100000| Untracked 
|  80|0x000000074e200000, 0x000000074e200000, 0x000000074e300000|  0%| F|  |TAMS 0x000000074e200000, 0x000000074e200000| Untracked 
|  81|0x000000074e300000, 0x000000074e300000, 0x000000074e400000|  0%| F|  |TAMS 0x000000074e300000, 0x000000074e300000| Untracked 
|  82|0x000000074e400000, 0x000000074e400000, 0x000000074e500000|  0%| F|  |TAMS 0x000000074e400000, 0x000000074e400000| Untracked 
|  83|0x000000074e500000, 0x000000074e500000, 0x000000074e600000|  0%| F|  |TAMS 0x000000074e500000, 0x000000074e500000| Untracked 
|  84|0x000000074e600000, 0x000000074e600000, 0x000000074e700000|  0%| F|  |TAMS 0x000000074e600000, 0x000000074e600000| Untracked 
|  85|0x000000074e700000, 0x000000074e700000, 0x000000074e800000|  0%| F|  |TAMS 0x000000074e700000, 0x000000074e700000| Untracked 
|  86|0x000000074e800000, 0x000000074e800000, 0x000000074e900000|  0%| F|  |TAMS 0x000000074e800000, 0x000000074e800000| Untracked 
|  87|0x000000074e900000, 0x000000074e900000, 0x000000074ea00000|  0%| F|  |TAMS 0x000000074e900000, 0x000000074e900000| Untracked 
|  88|0x000000074ea00000, 0x000000074ea00000, 0x000000074eb00000|  0%| F|  |TAMS 0x000000074ea00000, 0x000000074ea00000| Untracked 
|  89|0x000000074eb00000, 0x000000074eb00000, 0x000000074ec00000|  0%| F|  |TAMS 0x000000074eb00000, 0x000000074eb00000| Untracked 
|  90|0x000000074ec00000, 0x000000074ec00000, 0x000000074ed00000|  0%| F|  |TAMS 0x000000074ec00000, 0x000000074ec00000| Untracked 
|  91|0x000000074ed00000, 0x000000074ed00000, 0x000000074ee00000|  0%| F|  |TAMS 0x000000074ed00000, 0x000000074ed00000| Untracked 
|  92|0x000000074ee00000, 0x000000074ee00000, 0x000000074ef00000|  0%| F|  |TAMS 0x000000074ee00000, 0x000000074ee00000| Untracked 
|  93|0x000000074ef00000, 0x000000074ef00000, 0x000000074f000000|  0%| F|  |TAMS 0x000000074ef00000, 0x000000074ef00000| Untracked 
|  94|0x000000074f000000, 0x000000074f000000, 0x000000074f100000|  0%| F|  |TAMS 0x000000074f000000, 0x000000074f000000| Untracked 
|  95|0x000000074f100000, 0x000000074f100000, 0x000000074f200000|  0%| F|  |TAMS 0x000000074f100000, 0x000000074f100000| Untracked 
|  96|0x000000074f200000, 0x000000074f200000, 0x000000074f300000|  0%| F|  |TAMS 0x000000074f200000, 0x000000074f200000| Untracked 
|  97|0x000000074f300000, 0x000000074f300000, 0x000000074f400000|  0%| F|  |TAMS 0x000000074f300000, 0x000000074f300000| Untracked 
|  98|0x000000074f400000, 0x000000074f400000, 0x000000074f500000|  0%| F|  |TAMS 0x000000074f400000, 0x000000074f400000| Untracked 
|  99|0x000000074f500000, 0x000000074f500000, 0x000000074f600000|  0%| F|  |TAMS 0x000000074f500000, 0x000000074f500000| Untracked 
| 100|0x000000074f600000, 0x000000074f600000, 0x000000074f700000|  0%| F|  |TAMS 0x000000074f600000, 0x000000074f600000| Untracked 
| 101|0x000000074f700000, 0x000000074f700000, 0x000000074f800000|  0%| F|  |TAMS 0x000000074f700000, 0x000000074f700000| Untracked 
| 102|0x000000074f800000, 0x000000074f800000, 0x000000074f900000|  0%| F|  |TAMS 0x000000074f800000, 0x000000074f800000| Untracked 
| 103|0x000000074f900000, 0x000000074f900000, 0x000000074fa00000|  0%| F|  |TAMS 0x000000074f900000, 0x000000074f900000| Untracked 
| 104|0x000000074fa00000, 0x000000074fa00000, 0x000000074fb00000|  0%| F|  |TAMS 0x000000074fa00000, 0x000000074fa00000| Untracked 
| 105|0x000000074fb00000, 0x000000074fb00000, 0x000000074fc00000|  0%| F|  |TAMS 0x000000074fb00000, 0x000000074fb00000| Untracked 
| 106|0x000000074fc00000, 0x000000074fc00000, 0x000000074fd00000|  0%| F|  |TAMS 0x000000074fc00000, 0x000000074fc00000| Untracked 
| 107|0x000000074fd00000, 0x000000074fd00000, 0x000000074fe00000|  0%| F|  |TAMS 0x000000074fd00000, 0x000000074fd00000| Untracked 
| 108|0x000000074fe00000, 0x000000074fe00000, 0x000000074ff00000|  0%| F|  |TAMS 0x000000074fe00000, 0x000000074fe00000| Untracked 
| 109|0x000000074ff00000, 0x000000074ff00000, 0x0000000750000000|  0%| F|  |TAMS 0x000000074ff00000, 0x000000074ff00000| Untracked 
| 110|0x0000000750000000, 0x0000000750000000, 0x0000000750100000|  0%| F|  |TAMS 0x0000000750000000, 0x0000000750000000| Untracked 
| 111|0x0000000750100000, 0x0000000750100000, 0x0000000750200000|  0%| F|  |TAMS 0x0000000750100000, 0x0000000750100000| Untracked 
| 112|0x0000000750200000, 0x0000000750200000, 0x0000000750300000|  0%| F|  |TAMS 0x0000000750200000, 0x0000000750200000| Untracked 
| 113|0x0000000750300000, 0x0000000750300000, 0x0000000750400000|  0%| F|  |TAMS 0x0000000750300000, 0x0000000750300000| Untracked 
| 114|0x0000000750400000, 0x0000000750400000, 0x0000000750500000|  0%| F|  |TAMS 0x0000000750400000, 0x0000000750400000| Untracked 
| 115|0x0000000750500000, 0x0000000750500000, 0x0000000750600000|  0%| F|  |TAMS 0x0000000750500000, 0x0000000750500000| Untracked 
| 116|0x0000000750600000, 0x0000000750600000, 0x0000000750700000|  0%| F|  |TAMS 0x0000000750600000, 0x0000000750600000| Untracked 
| 117|0x0000000750700000, 0x0000000750700000, 0x0000000750800000|  0%| F|  |TAMS 0x0000000750700000, 0x0000000750700000| Untracked 
| 118|0x0000000750800000, 0x0000000750800000, 0x0000000750900000|  0%| F|  |TAMS 0x0000000750800000, 0x0000000750800000| Untracked 
| 119|0x0000000750900000, 0x0000000750900000, 0x0000000750a00000|  0%| F|  |TAMS 0x0000000750900000, 0x0000000750900000| Untracked 
| 120|0x0000000750a00000, 0x0000000750a00000, 0x0000000750b00000|  0%| F|  |TAMS 0x0000000750a00000, 0x0000000750a00000| Untracked 
| 121|0x0000000750b00000, 0x0000000750b00000, 0x0000000750c00000|  0%| F|  |TAMS 0x0000000750b00000, 0x0000000750b00000| Untracked 
| 122|0x0000000750c00000, 0x0000000750c00000, 0x0000000750d00000|  0%| F|  |TAMS 0x0000000750c00000, 0x0000000750c00000| Untracked 
| 123|0x0000000750d00000, 0x0000000750d00000, 0x0000000750e00000|  0%| F|  |TAMS 0x0000000750d00000, 0x0000000750d00000| Untracked 
| 124|0x0000000750e00000, 0x0000000750e00000, 0x0000000750f00000|  0%| F|  |TAMS 0x0000000750e00000, 0x0000000750e00000| Untracked 
| 125|0x0000000750f00000, 0x0000000750f00000, 0x0000000751000000|  0%| F|  |TAMS 0x0000000750f00000, 0x0000000750f00000| Untracked 
| 126|0x0000000751000000, 0x0000000751000000, 0x0000000751100000|  0%| F|  |TAMS 0x0000000751000000, 0x0000000751000000| Untracked 
| 127|0x0000000751100000, 0x0000000751100000, 0x0000000751200000|  0%| F|  |TAMS 0x0000000751100000, 0x0000000751100000| Untracked 
| 128|0x0000000751200000, 0x0000000751200000, 0x0000000751300000|  0%| F|  |TAMS 0x0000000751200000, 0x0000000751200000| Untracked 
| 129|0x0000000751300000, 0x0000000751300000, 0x0000000751400000|  0%| F|  |TAMS 0x0000000751300000, 0x0000000751300000| Untracked 
| 130|0x0000000751400000, 0x0000000751400000, 0x0000000751500000|  0%| F|  |TAMS 0x0000000751400000, 0x0000000751400000| Untracked 
| 131|0x0000000751500000, 0x0000000751500000, 0x0000000751600000|  0%| F|  |TAMS 0x0000000751500000, 0x0000000751500000| Untracked 
| 132|0x0000000751600000, 0x0000000751600000, 0x0000000751700000|  0%| F|  |TAMS 0x0000000751600000, 0x0000000751600000| Untracked 
| 133|0x0000000751700000, 0x0000000751700000, 0x0000000751800000|  0%| F|  |TAMS 0x0000000751700000, 0x0000000751700000| Untracked 
| 134|0x0000000751800000, 0x0000000751800000, 0x0000000751900000|  0%| F|  |TAMS 0x0000000751800000, 0x0000000751800000| Untracked 
| 135|0x0000000751900000, 0x0000000751900000, 0x0000000751a00000|  0%| F|  |TAMS 0x0000000751900000, 0x0000000751900000| Untracked 
| 136|0x0000000751a00000, 0x0000000751a00000, 0x0000000751b00000|  0%| F|  |TAMS 0x0000000751a00000, 0x0000000751a00000| Untracked 
| 137|0x0000000751b00000, 0x0000000751b00000, 0x0000000751c00000|  0%| F|  |TAMS 0x0000000751b00000, 0x0000000751b00000| Untracked 
| 138|0x0000000751c00000, 0x0000000751c00000, 0x0000000751d00000|  0%| F|  |TAMS 0x0000000751c00000, 0x0000000751c00000| Untracked 
| 139|0x0000000751d00000, 0x0000000751d00000, 0x0000000751e00000|  0%| F|  |TAMS 0x0000000751d00000, 0x0000000751d00000| Untracked 
| 140|0x0000000751e00000, 0x0000000751e00000, 0x0000000751f00000|  0%| F|  |TAMS 0x0000000751e00000, 0x0000000751e00000| Untracked 
| 141|0x0000000751f00000, 0x0000000751f00000, 0x0000000752000000|  0%| F|  |TAMS 0x0000000751f00000, 0x0000000751f00000| Untracked 
| 142|0x0000000752000000, 0x0000000752000000, 0x0000000752100000|  0%| F|  |TAMS 0x0000000752000000, 0x0000000752000000| Untracked 
| 143|0x0000000752100000, 0x0000000752100000, 0x0000000752200000|  0%| F|  |TAMS 0x0000000752100000, 0x0000000752100000| Untracked 
| 144|0x0000000752200000, 0x0000000752200000, 0x0000000752300000|  0%| F|  |TAMS 0x0000000752200000, 0x0000000752200000| Untracked 
| 145|0x0000000752300000, 0x0000000752300000, 0x0000000752400000|  0%| F|  |TAMS 0x0000000752300000, 0x0000000752300000| Untracked 
| 146|0x0000000752400000, 0x0000000752400000, 0x0000000752500000|  0%| F|  |TAMS 0x0000000752400000, 0x0000000752400000| Untracked 
| 147|0x0000000752500000, 0x0000000752500000, 0x0000000752600000|  0%| F|  |TAMS 0x0000000752500000, 0x0000000752500000| Untracked 
| 148|0x0000000752600000, 0x0000000752600000, 0x0000000752700000|  0%| F|  |TAMS 0x0000000752600000, 0x0000000752600000| Untracked 
| 149|0x0000000752700000, 0x0000000752700000, 0x0000000752800000|  0%| F|  |TAMS 0x0000000752700000, 0x0000000752700000| Untracked 
| 150|0x0000000752800000, 0x0000000752800000, 0x0000000752900000|  0%| F|  |TAMS 0x0000000752800000, 0x0000000752800000| Untracked 
| 151|0x0000000752900000, 0x0000000752900000, 0x0000000752a00000|  0%| F|  |TAMS 0x0000000752900000, 0x0000000752900000| Untracked 
| 152|0x0000000752a00000, 0x0000000752a00000, 0x0000000752b00000|  0%| F|  |TAMS 0x0000000752a00000, 0x0000000752a00000| Untracked 
| 153|0x0000000752b00000, 0x0000000752b00000, 0x0000000752c00000|  0%| F|  |TAMS 0x0000000752b00000, 0x0000000752b00000| Untracked 
| 154|0x0000000752c00000, 0x0000000752c00000, 0x0000000752d00000|  0%| F|  |TAMS 0x0000000752c00000, 0x0000000752c00000| Untracked 
| 155|0x0000000752d00000, 0x0000000752d00000, 0x0000000752e00000|  0%| F|  |TAMS 0x0000000752d00000, 0x0000000752d00000| Untracked 
| 156|0x0000000752e00000, 0x0000000752e00000, 0x0000000752f00000|  0%| F|  |TAMS 0x0000000752e00000, 0x0000000752e00000| Untracked 
| 157|0x0000000752f00000, 0x0000000752f00000, 0x0000000753000000|  0%| F|  |TAMS 0x0000000752f00000, 0x0000000752f00000| Untracked 
| 158|0x0000000753000000, 0x0000000753000000, 0x0000000753100000|  0%| F|  |TAMS 0x0000000753000000, 0x0000000753000000| Untracked 
| 159|0x0000000753100000, 0x0000000753100000, 0x0000000753200000|  0%| F|  |TAMS 0x0000000753100000, 0x0000000753100000| Untracked 
| 160|0x0000000753200000, 0x0000000753200000, 0x0000000753300000|  0%| F|  |TAMS 0x0000000753200000, 0x0000000753200000| Untracked 
| 161|0x0000000753300000, 0x0000000753300000, 0x0000000753400000|  0%| F|  |TAMS 0x0000000753300000, 0x0000000753300000| Untracked 
| 162|0x0000000753400000, 0x0000000753400000, 0x0000000753500000|  0%| F|  |TAMS 0x0000000753400000, 0x0000000753400000| Untracked 
| 163|0x0000000753500000, 0x0000000753500000, 0x0000000753600000|  0%| F|  |TAMS 0x0000000753500000, 0x0000000753500000| Untracked 
| 164|0x0000000753600000, 0x0000000753600000, 0x0000000753700000|  0%| F|  |TAMS 0x0000000753600000, 0x0000000753600000| Untracked 
| 165|0x0000000753700000, 0x0000000753700000, 0x0000000753800000|  0%| F|  |TAMS 0x0000000753700000, 0x0000000753700000| Untracked 
| 166|0x0000000753800000, 0x0000000753800000, 0x0000000753900000|  0%| F|  |TAMS 0x0000000753800000, 0x0000000753800000| Untracked 
| 167|0x0000000753900000, 0x0000000753900000, 0x0000000753a00000|  0%| F|  |TAMS 0x0000000753900000, 0x0000000753900000| Untracked 
| 168|0x0000000753a00000, 0x0000000753a00000, 0x0000000753b00000|  0%| F|  |TAMS 0x0000000753a00000, 0x0000000753a00000| Untracked 
| 169|0x0000000753b00000, 0x0000000753b00000, 0x0000000753c00000|  0%| F|  |TAMS 0x0000000753b00000, 0x0000000753b00000| Untracked 
| 170|0x0000000753c00000, 0x0000000753c00000, 0x0000000753d00000|  0%| F|  |TAMS 0x0000000753c00000, 0x0000000753c00000| Untracked 
| 171|0x0000000753d00000, 0x0000000753d00000, 0x0000000753e00000|  0%| F|  |TAMS 0x0000000753d00000, 0x0000000753d00000| Untracked 
| 172|0x0000000753e00000, 0x0000000753e00000, 0x0000000753f00000|  0%| F|  |TAMS 0x0000000753e00000, 0x0000000753e00000| Untracked 
| 173|0x0000000753f00000, 0x0000000753f00000, 0x0000000754000000|  0%| F|  |TAMS 0x0000000753f00000, 0x0000000753f00000| Untracked 
| 174|0x0000000754000000, 0x0000000754000000, 0x0000000754100000|  0%| F|  |TAMS 0x0000000754000000, 0x0000000754000000| Untracked 
| 175|0x0000000754100000, 0x0000000754100000, 0x0000000754200000|  0%| F|  |TAMS 0x0000000754100000, 0x0000000754100000| Untracked 
| 176|0x0000000754200000, 0x0000000754200000, 0x0000000754300000|  0%| F|  |TAMS 0x0000000754200000, 0x0000000754200000| Untracked 
| 177|0x0000000754300000, 0x0000000754300000, 0x0000000754400000|  0%| F|  |TAMS 0x0000000754300000, 0x0000000754300000| Untracked 
| 178|0x0000000754400000, 0x0000000754400000, 0x0000000754500000|  0%| F|  |TAMS 0x0000000754400000, 0x0000000754400000| Untracked 
| 179|0x0000000754500000, 0x0000000754500000, 0x0000000754600000|  0%| F|  |TAMS 0x0000000754500000, 0x0000000754500000| Untracked 
| 180|0x0000000754600000, 0x0000000754600000, 0x0000000754700000|  0%| F|  |TAMS 0x0000000754600000, 0x0000000754600000| Untracked 
| 181|0x0000000754700000, 0x0000000754700000, 0x0000000754800000|  0%| F|  |TAMS 0x0000000754700000, 0x0000000754700000| Untracked 
| 182|0x0000000754800000, 0x0000000754800000, 0x0000000754900000|  0%| F|  |TAMS 0x0000000754800000, 0x0000000754800000| Untracked 
| 183|0x0000000754900000, 0x0000000754900000, 0x0000000754a00000|  0%| F|  |TAMS 0x0000000754900000, 0x0000000754900000| Untracked 
| 184|0x0000000754a00000, 0x0000000754a00000, 0x0000000754b00000|  0%| F|  |TAMS 0x0000000754a00000, 0x0000000754a00000| Untracked 
| 185|0x0000000754b00000, 0x0000000754b00000, 0x0000000754c00000|  0%| F|  |TAMS 0x0000000754b00000, 0x0000000754b00000| Untracked 
| 186|0x0000000754c00000, 0x0000000754c00000, 0x0000000754d00000|  0%| F|  |TAMS 0x0000000754c00000, 0x0000000754c00000| Untracked 
| 187|0x0000000754d00000, 0x0000000754d00000, 0x0000000754e00000|  0%| F|  |TAMS 0x0000000754d00000, 0x0000000754d00000| Untracked 
| 188|0x0000000754e00000, 0x0000000754e00000, 0x0000000754f00000|  0%| F|  |TAMS 0x0000000754e00000, 0x0000000754e00000| Untracked 
| 189|0x0000000754f00000, 0x0000000754f00000, 0x0000000755000000|  0%| F|  |TAMS 0x0000000754f00000, 0x0000000754f00000| Untracked 
| 190|0x0000000755000000, 0x0000000755000000, 0x0000000755100000|  0%| F|  |TAMS 0x0000000755000000, 0x0000000755000000| Untracked 
| 191|0x0000000755100000, 0x0000000755100000, 0x0000000755200000|  0%| F|  |TAMS 0x0000000755100000, 0x0000000755100000| Untracked 
| 192|0x0000000755200000, 0x0000000755200000, 0x0000000755300000|  0%| F|  |TAMS 0x0000000755200000, 0x0000000755200000| Untracked 
| 193|0x0000000755300000, 0x0000000755300000, 0x0000000755400000|  0%| F|  |TAMS 0x0000000755300000, 0x0000000755300000| Untracked 
| 194|0x0000000755400000, 0x0000000755400000, 0x0000000755500000|  0%| F|  |TAMS 0x0000000755400000, 0x0000000755400000| Untracked 
| 195|0x0000000755500000, 0x0000000755500000, 0x0000000755600000|  0%| F|  |TAMS 0x0000000755500000, 0x0000000755500000| Untracked 
| 196|0x0000000755600000, 0x0000000755600000, 0x0000000755700000|  0%| F|  |TAMS 0x0000000755600000, 0x0000000755600000| Untracked 
| 197|0x0000000755700000, 0x0000000755700000, 0x0000000755800000|  0%| F|  |TAMS 0x0000000755700000, 0x0000000755700000| Untracked 
| 198|0x0000000755800000, 0x0000000755800000, 0x0000000755900000|  0%| F|  |TAMS 0x0000000755800000, 0x0000000755800000| Untracked 
| 199|0x0000000755900000, 0x0000000755900000, 0x0000000755a00000|  0%| F|  |TAMS 0x0000000755900000, 0x0000000755900000| Untracked 
| 200|0x0000000755a00000, 0x0000000755a00000, 0x0000000755b00000|  0%| F|  |TAMS 0x0000000755a00000, 0x0000000755a00000| Untracked 
| 201|0x0000000755b00000, 0x0000000755b00000, 0x0000000755c00000|  0%| F|  |TAMS 0x0000000755b00000, 0x0000000755b00000| Untracked 
| 202|0x0000000755c00000, 0x0000000755c00000, 0x0000000755d00000|  0%| F|  |TAMS 0x0000000755c00000, 0x0000000755c00000| Untracked 
| 203|0x0000000755d00000, 0x0000000755d00000, 0x0000000755e00000|  0%| F|  |TAMS 0x0000000755d00000, 0x0000000755d00000| Untracked 
| 204|0x0000000755e00000, 0x0000000755e00000, 0x0000000755f00000|  0%| F|  |TAMS 0x0000000755e00000, 0x0000000755e00000| Untracked 
| 205|0x0000000755f00000, 0x0000000755f00000, 0x0000000756000000|  0%| F|  |TAMS 0x0000000755f00000, 0x0000000755f00000| Untracked 
| 206|0x0000000756000000, 0x0000000756000000, 0x0000000756100000|  0%| F|  |TAMS 0x0000000756000000, 0x0000000756000000| Untracked 
| 207|0x0000000756100000, 0x0000000756100000, 0x0000000756200000|  0%| F|  |TAMS 0x0000000756100000, 0x0000000756100000| Untracked 
| 208|0x0000000756200000, 0x0000000756200000, 0x0000000756300000|  0%| F|  |TAMS 0x0000000756200000, 0x0000000756200000| Untracked 
| 209|0x0000000756300000, 0x0000000756300000, 0x0000000756400000|  0%| F|  |TAMS 0x0000000756300000, 0x0000000756300000| Untracked 
| 210|0x0000000756400000, 0x0000000756400000, 0x0000000756500000|  0%| F|  |TAMS 0x0000000756400000, 0x0000000756400000| Untracked 
| 211|0x0000000756500000, 0x0000000756500000, 0x0000000756600000|  0%| F|  |TAMS 0x0000000756500000, 0x0000000756500000| Untracked 
| 212|0x0000000756600000, 0x0000000756600000, 0x0000000756700000|  0%| F|  |TAMS 0x0000000756600000, 0x0000000756600000| Untracked 
| 213|0x0000000756700000, 0x00000007567b7de8, 0x0000000756800000| 71%| E|  |TAMS 0x0000000756700000, 0x0000000756700000| Complete 
| 214|0x0000000756800000, 0x0000000756900000, 0x0000000756900000|100%| E|CS|TAMS 0x0000000756800000, 0x0000000756800000| Complete 
| 215|0x0000000756900000, 0x0000000756a00000, 0x0000000756a00000|100%| E|CS|TAMS 0x0000000756900000, 0x0000000756900000| Complete 
| 216|0x0000000756a00000, 0x0000000756b00000, 0x0000000756b00000|100%| E|CS|TAMS 0x0000000756a00000, 0x0000000756a00000| Complete 
| 217|0x0000000756b00000, 0x0000000756c00000, 0x0000000756c00000|100%| E|CS|TAMS 0x0000000756b00000, 0x0000000756b00000| Complete 
| 218|0x0000000756c00000, 0x0000000756d00000, 0x0000000756d00000|100%| E|CS|TAMS 0x0000000756c00000, 0x0000000756c00000| Complete 
| 219|0x0000000756d00000, 0x0000000756e00000, 0x0000000756e00000|100%| E|CS|TAMS 0x0000000756d00000, 0x0000000756d00000| Complete 
| 220|0x0000000756e00000, 0x0000000756f00000, 0x0000000756f00000|100%| E|CS|TAMS 0x0000000756e00000, 0x0000000756e00000| Complete 

Card table byte_map: [0x00000202b1db0000,0x00000202b2370000] _byte_map_base: 0x00000202ae367000

Marking Bits (Prev, Next): (CMBitMap*) 0x000002029b15d790, (CMBitMap*) 0x000002029b15d758
 Prev Bits: [0x00000202b56f0000, 0x00000202b84a8000)
 Next Bits: [0x00000202b2930000, 0x00000202b56e8000)

Polling page: 0x00000202990c0000

Metaspace:

Usage:
  Non-class:     55.25 MB capacity,    54.23 MB ( 98%) used,   860.91 KB (  2%) free+waste,   187.88 KB ( <1%) overhead. 
      Class:      8.00 MB capacity,     7.41 MB ( 93%) used,   503.94 KB (  6%) free+waste,    93.56 KB (  1%) overhead. 
       Both:     63.25 MB capacity,    61.64 MB ( 97%) used,     1.33 MB (  2%) free+waste,   281.44 KB ( <1%) overhead. 

Virtual space:
  Non-class space:       56.00 MB reserved,      55.50 MB (>99%) committed 
      Class space:        1.00 GB reserved,       8.00 MB ( <1%) committed 
             Both:        1.05 GB reserved,      63.50 MB (  6%) committed 

Chunk freelists:
   Non-Class:  7.00 KB
       Class:  256 bytes
        Both:  7.25 KB

CodeHeap 'non-profiled nmethods': size=238912Kb used=10537Kb max_used=10537Kb free=228374Kb
 bounds [0x00000202a2ea0000, 0x00000202a38f0000, 0x00000202b17f0000]
CodeHeap 'non-nmethods': size=6848Kb used=1252Kb max_used=1252Kb free=5595Kb
 bounds [0x00000202a27f0000, 0x00000202a2a60000, 0x00000202a2ea0000]
 total_blobs=6638 nmethods=6011 adapters=553
 compilation: enabled
              stopped_count=0, restarted_count=0
 full_count=0

Compilation events (10 events):
Event: 86.984 Thread 0x00000202bb24b000 nmethod 6008 0x00000202a38e7610 code [0x00000202a38e77e0, 0x00000202a38e7a88]
Event: 86.984 Thread 0x00000202bb24b000 6009   !   1       java.util.concurrent.locks.AbstractQueuedSynchronizer::fullyRelease (31 bytes)
Event: 86.984 Thread 0x00000202bb24b000 nmethod 6009 0x00000202a38e7c10 code [0x00000202a38e7de0, 0x00000202a38e8068]
Event: 87.234 Thread 0x00000202bb24b000 6010       1       com.sun.jmx.interceptor.DefaultMBeanServerInterceptor::checkMBeanPermission (21 bytes)
Event: 87.234 Thread 0x00000202bb24b000 nmethod 6010 0x00000202a38e8290 code [0x00000202a38e8480, 0x00000202a38e8838]
Event: 88.266 Thread 0x00000202bb24b000 6011   !   1       sun.rmi.server.LoaderHandler::loadClass (129 bytes)
Event: 88.267 Thread 0x00000202bb24b000 nmethod 6011 0x00000202a38e8a90 code [0x00000202a38e8d40, 0x00000202a38e9738]
Event: 88.267 Thread 0x00000202bb24b000 6012  s    1       sun.rmi.server.LoaderHandler::getDefaultCodebaseURLs (35 bytes)
Event: 88.268 Thread 0x00000202bb24b000 nmethod 6012 0x00000202a38e9e90 code [0x00000202a38ea040, 0x00000202a38ea448]
Event: 88.268 Thread 0x00000202bb24b000 6013       1       java.io.ObjectStreamClass::initNonProxy (551 bytes)

GC Heap History (10 events):
Event: 3.406 GC heap before
{Heap before GC invocations=5 (full 0):
 garbage-first heap   total 188416K, used 46036K [0x0000000749200000, 0x0000000800000000)
  region size 1024K, 39 young (39936K), 2 survivors (2048K)
 Metaspace       used 24945K, capacity 25707K, committed 25852K, reserved 1071104K
  class space    used 2941K, capacity 3227K, committed 3328K, reserved 1048576K
}
Event: 3.413 GC heap after
{Heap after GC invocations=6 (full 0):
 garbage-first heap   total 188416K, used 11351K [0x0000000749200000, 0x0000000800000000)
  region size 1024K, 5 young (5120K), 5 survivors (5120K)
 Metaspace       used 24945K, capacity 25707K, committed 25852K, reserved 1071104K
  class space    used 2941K, capacity 3227K, committed 3328K, reserved 1048576K
}
Event: 4.681 GC heap before
{Heap before GC invocations=7 (full 0):
 garbage-first heap   total 188416K, used 69719K [0x0000000749200000, 0x0000000800000000)
  region size 1024K, 62 young (63488K), 5 survivors (5120K)
 Metaspace       used 30709K, capacity 31749K, committed 31868K, reserved 1077248K
  class space    used 3798K, capacity 4198K, committed 4224K, reserved 1048576K
}
Event: 4.691 GC heap after
{Heap after GC invocations=8 (full 0):
 garbage-first heap   total 188416K, used 14154K [0x0000000749200000, 0x0000000800000000)
  region size 1024K, 7 young (7168K), 7 survivors (7168K)
 Metaspace       used 30709K, capacity 31749K, committed 31868K, reserved 1077248K
  class space    used 3798K, capacity 4198K, committed 4224K, reserved 1048576K
}
Event: 6.124 GC heap before
{Heap before GC invocations=8 (full 0):
 garbage-first heap   total 188416K, used 82762K [0x0000000749200000, 0x0000000800000000)
  region size 1024K, 75 young (76800K), 7 survivors (7168K)
 Metaspace       used 41851K, capacity 42988K, committed 43004K, reserved 1087488K
  class space    used 5121K, capacity 5617K, committed 5632K, reserved 1048576K
}
Event: 6.140 GC heap after
{Heap after GC invocations=9 (full 0):
 garbage-first heap   total 188416K, used 19018K [0x0000000749200000, 0x0000000800000000)
  region size 1024K, 12 young (12288K), 12 survivors (12288K)
 Metaspace       used 41851K, capacity 42988K, committed 43004K, reserved 1087488K
  class space    used 5121K, capacity 5617K, committed 5632K, reserved 1048576K
}
Event: 7.749 GC heap before
{Heap before GC invocations=10 (full 0):
 garbage-first heap   total 188416K, used 106058K [0x0000000749200000, 0x0000000800000000)
  region size 1024K, 97 young (99328K), 12 survivors (12288K)
 Metaspace       used 51259K, capacity 52664K, committed 52988K, reserved 1095680K
  class space    used 6483K, capacity 7041K, committed 7168K, reserved 1048576K
}
Event: 7.774 GC heap after
{Heap after GC invocations=11 (full 0):
 garbage-first heap   total 188416K, used 23009K [0x0000000749200000, 0x0000000800000000)
  region size 1024K, 9 young (9216K), 9 survivors (9216K)
 Metaspace       used 51259K, capacity 52664K, committed 52988K, reserved 1095680K
  class space    used 6483K, capacity 7041K, committed 7168K, reserved 1048576K
}
Event: 77.701 GC heap before
{Heap before GC invocations=11 (full 0):
 garbage-first heap   total 188416K, used 125409K [0x0000000749200000, 0x0000000800000000)
  region size 1024K, 110 young (112640K), 9 survivors (9216K)
 Metaspace       used 62852K, capacity 64442K, committed 64508K, reserved 1105920K
  class space    used 7567K, capacity 8166K, committed 8192K, reserved 1048576K
}
Event: 77.724 GC heap after
{Heap after GC invocations=12 (full 0):
 garbage-first heap   total 226304K, used 28985K [0x0000000749200000, 0x0000000800000000)
  region size 1024K, 10 young (10240K), 10 survivors (10240K)
 Metaspace       used 62852K, capacity 64442K, committed 64508K, reserved 1105920K
  class space    used 7567K, capacity 8166K, committed 8192K, reserved 1048576K
}

Deoptimization events (0 events):
No events

Classes redefined (0 events):
No events

Internal exceptions (10 events):
Event: 17.159 Thread 0x00000202bd95a800 Exception <a 'java/lang/ClassNotFoundException'{0x000000074fdfb5f0}: javax/servlet/jsp/PageContextCustomizer> (0x000000074fdfb5f0) thrown at [./open/src/hotspot/share/classfile/systemDictionary.cpp, line 226]
Event: 17.162 Thread 0x00000202bd95a800 Exception <a 'java/lang/ClassNotFoundException'{0x000000074fc21e40}: org/apache/jasper/runtime/PageContextImplCustomizer> (0x000000074fc21e40) thrown at [./open/src/hotspot/share/classfile/systemDictionary.cpp, line 226]
Event: 17.169 Thread 0x00000202bd95a800 Exception <a 'java/lang/ClassNotFoundException'{0x000000074fc88408}: org/apache/catalina/core/ApplicationHttpRequestBeanInfo> (0x000000074fc88408) thrown at [./open/src/hotspot/share/classfile/systemDictionary.cpp, line 226]
Event: 17.170 Thread 0x00000202bd95a800 Exception <a 'java/lang/ClassNotFoundException'{0x000000074fc9bb38}: javax/servlet/http/HttpServletRequestWrapperBeanInfo> (0x000000074fc9bb38) thrown at [./open/src/hotspot/share/classfile/systemDictionary.cpp, line 226]
Event: 17.171 Thread 0x00000202bd95a800 Exception <a 'java/lang/ClassNotFoundException'{0x000000074fcae508}: javax/servlet/ServletRequestWrapperBeanInfo> (0x000000074fcae508) thrown at [./open/src/hotspot/share/classfile/systemDictionary.cpp, line 226]
Event: 17.173 Thread 0x00000202bd95a800 Exception <a 'java/lang/ClassNotFoundException'{0x000000074fcc0b20}: javax/servlet/ServletRequestWrapperCustomizer> (0x000000074fcc0b20) thrown at [./open/src/hotspot/share/classfile/systemDictionary.cpp, line 226]
Event: 17.177 Thread 0x00000202bd95a800 Exception <a 'java/lang/ClassNotFoundException'{0x000000074fcfcf38}: javax/servlet/http/HttpServletRequestWrapperCustomizer> (0x000000074fcfcf38) thrown at [./open/src/hotspot/share/classfile/systemDictionary.cpp, line 226]
Event: 17.182 Thread 0x00000202bd95a800 Exception <a 'java/lang/ClassNotFoundException'{0x000000074fb3a350}: org/apache/catalina/core/ApplicationHttpRequestCustomizer> (0x000000074fb3a350) thrown at [./open/src/hotspot/share/classfile/systemDictionary.cpp, line 226]
Event: 19.100 Thread 0x00000202bd961000 Exception <a 'java/lang/ArrayIndexOutOfBoundsException'{0x000000074f60b420}> (0x000000074f60b420) thrown at [./open/src/hotspot/share/runtime/sharedRuntime.cpp, line 605]
Event: 77.584 Thread 0x00000202bd95c000 Exception <a 'java/lang/ArrayIndexOutOfBoundsException'{0x000000074eb524e0}> (0x000000074eb524e0) thrown at [./open/src/hotspot/share/runtime/sharedRuntime.cpp, line 605]

Events (10 events):
Event: 77.804 loading class org/eclipse/jdt/internal/compiler/ast/SwitchStatement$1StringSwitchCase
Event: 77.804 loading class org/eclipse/jdt/internal/compiler/ast/SwitchStatement$1StringSwitchCase done
Event: 77.804 loading class org/eclipse/jdt/internal/compiler/codegen/CaseLabel
Event: 77.804 loading class org/eclipse/jdt/internal/compiler/codegen/CaseLabel done
Event: 77.806 loading class org/eclipse/jdt/internal/compiler/lookup/RawTypeBinding
Event: 77.806 loading class org/eclipse/jdt/internal/compiler/lookup/RawTypeBinding done
Event: 77.807 Executing VM operation: Deoptimize
Event: 77.808 Executing VM operation: Deoptimize done
Event: 77.829 Executing VM operation: RevokeBias
Event: 77.829 Executing VM operation: RevokeBias done


Dynamic libraries:
0x00007ff759410000 - 0x00007ff759420000 	C:\Program Files\Java\jdk-11\bin\java.exe
0x00007ffef5bf0000 - 0x00007ffef5de8000 	C:\WINDOWS\SYSTEM32\ntdll.dll
0x00007ffef4750000 - 0x00007ffef4812000 	C:\WINDOWS\System32\KERNEL32.DLL
0x00007ffef3770000 - 0x00007ffef3a66000 	C:\WINDOWS\System32\KERNELBASE.dll
0x00007ffef3490000 - 0x00007ffef3590000 	C:\WINDOWS\System32\ucrtbase.dll
0x00007ffeed9e0000 - 0x00007ffeed9f9000 	C:\Program Files\Java\jdk-11\bin\jli.dll
0x00007ffef5af0000 - 0x00007ffef5ba1000 	C:\WINDOWS\System32\ADVAPI32.dll
0x00007ffef53b0000 - 0x00007ffef544e000 	C:\WINDOWS\System32\msvcrt.dll
0x00007ffef5a20000 - 0x00007ffef5abf000 	C:\WINDOWS\System32\sechost.dll
0x00007ffef5070000 - 0x00007ffef5193000 	C:\WINDOWS\System32\RPCRT4.dll
0x00007ffef35c0000 - 0x00007ffef35e7000 	C:\WINDOWS\System32\bcrypt.dll
0x00007ffece760000 - 0x00007ffece77b000 	C:\Program Files\Java\jdk-11\bin\VCRUNTIME140.dll
0x00007ffef5450000 - 0x00007ffef55ed000 	C:\WINDOWS\System32\USER32.dll
0x00007ffef3590000 - 0x00007ffef35b2000 	C:\WINDOWS\System32\win32u.dll
0x00007ffef5ac0000 - 0x00007ffef5aeb000 	C:\WINDOWS\System32\GDI32.dll
0x00007ffef3af0000 - 0x00007ffef3c09000 	C:\WINDOWS\System32\gdi32full.dll
0x00007ffef3680000 - 0x00007ffef371d000 	C:\WINDOWS\System32\msvcp_win.dll
0x00007ffede1d0000 - 0x00007ffede46a000 	C:\WINDOWS\WinSxS\amd64_microsoft.windows.common-controls_6595b64144ccf1df_6.0.19041.5915_none_60b4b9d171f9c7c7\COMCTL32.dll
0x00007ffee3870000 - 0x00007ffee387a000 	C:\WINDOWS\SYSTEM32\VERSION.dll
0x00007ffef4820000 - 0x00007ffef484f000 	C:\WINDOWS\System32\IMM32.DLL
0x00007ffeec820000 - 0x00007ffeec82c000 	C:\Program Files\Java\jdk-11\bin\vcruntime140_1.dll
0x00007ffec90a0000 - 0x00007ffec912e000 	C:\Program Files\Java\jdk-11\bin\msvcp140.dll
0x00007ffe52d90000 - 0x00007ffe538f3000 	C:\Program Files\Java\jdk-11\bin\server\jvm.dll
0x00007ffef4380000 - 0x00007ffef4388000 	C:\WINDOWS\System32\PSAPI.DLL
0x00007ffede060000 - 0x00007ffede069000 	C:\WINDOWS\SYSTEM32\WSOCK32.dll
0x00007ffef5000000 - 0x00007ffef506b000 	C:\WINDOWS\System32\WS2_32.dll
0x00007ffedea80000 - 0x00007ffedeaa7000 	C:\WINDOWS\SYSTEM32\WINMM.dll
0x00007ffef0fc0000 - 0x00007ffef0fd2000 	C:\WINDOWS\SYSTEM32\kernel.appcore.dll
0x00007ffece750000 - 0x00007ffece760000 	C:\Program Files\Java\jdk-11\bin\verify.dll
0x00007ffede4f0000 - 0x00007ffede6f1000 	C:\WINDOWS\SYSTEM32\DBGHELP.DLL
0x00007ffed9a80000 - 0x00007ffed9ab4000 	C:\WINDOWS\SYSTEM32\dbgcore.DLL
0x00007ffef35f0000 - 0x00007ffef3672000 	C:\WINDOWS\System32\bcryptPrimitives.dll
0x00007ffece6d0000 - 0x00007ffece6f8000 	C:\Program Files\Java\jdk-11\bin\java.dll
0x00007ffece740000 - 0x00007ffece74a000 	C:\Program Files\Java\jdk-11\bin\jimage.dll
0x00007ffece6c0000 - 0x00007ffece6ce000 	C:\Program Files\Java\jdk-11\bin\instrument.dll
0x00007ffec9b30000 - 0x00007ffec9b47000 	C:\Program Files\Java\jdk-11\bin\zip.dll
0x00007ffef3c10000 - 0x00007ffef437e000 	C:\WINDOWS\System32\SHELL32.dll
0x00007ffef12a0000 - 0x00007ffef1a44000 	C:\WINDOWS\SYSTEM32\windows.storage.dll
0x00007ffef56c0000 - 0x00007ffef5a13000 	C:\WINDOWS\System32\combase.dll
0x00007ffef2bd0000 - 0x00007ffef2bfb000 	C:\WINDOWS\SYSTEM32\Wldp.dll
0x00007ffef55f0000 - 0x00007ffef56bd000 	C:\WINDOWS\System32\OLEAUT32.dll
0x00007ffef51b0000 - 0x00007ffef525d000 	C:\WINDOWS\System32\SHCORE.dll
0x00007ffef4e80000 - 0x00007ffef4edb000 	C:\WINDOWS\System32\shlwapi.dll
0x00007ffef31b0000 - 0x00007ffef31d5000 	C:\WINDOWS\SYSTEM32\profapi.dll
0x00007ffec9080000 - 0x00007ffec9099000 	C:\Program Files\Java\jdk-11\bin\net.dll
0x00007ffee9610000 - 0x00007ffee971a000 	C:\WINDOWS\SYSTEM32\WINHTTP.dll
0x00007ffef29b0000 - 0x00007ffef2a1a000 	C:\WINDOWS\system32\mswsock.dll
0x00007ffec9060000 - 0x00007ffec9072000 	C:\Program Files\Java\jdk-11\bin\nio.dll
0x00007ffef26b0000 - 0x00007ffef277a000 	C:\WINDOWS\SYSTEM32\DNSAPI.dll
0x00007ffef2660000 - 0x00007ffef269b000 	C:\WINDOWS\SYSTEM32\IPHLPAPI.DLL
0x00007ffef53a0000 - 0x00007ffef53a8000 	C:\WINDOWS\System32\NSI.dll
0x00007ffeeb560000 - 0x00007ffeeb56a000 	C:\Windows\System32\rasadhlp.dll
0x00007ffee91a0000 - 0x00007ffee9220000 	C:\WINDOWS\System32\fwpuclnt.dll
0x00007ffeccac0000 - 0x00007ffeccac9000 	C:\Program Files\Java\jdk-11\bin\management.dll
0x00007ffec9260000 - 0x00007ffec926b000 	C:\Program Files\Java\jdk-11\bin\management_ext.dll
0x00007ffef2f20000 - 0x00007ffef2f38000 	C:\WINDOWS\SYSTEM32\CRYPTSP.dll
0x00007ffef2280000 - 0x00007ffef22b8000 	C:\WINDOWS\system32\rsaenh.dll
0x00007ffef3170000 - 0x00007ffef319e000 	C:\WINDOWS\SYSTEM32\USERENV.dll
0x00007ffef2b40000 - 0x00007ffef2b4c000 	C:\WINDOWS\SYSTEM32\CRYPTBASE.dll
0x00007ffeeb420000 - 0x00007ffeeb437000 	C:\WINDOWS\SYSTEM32\dhcpcsvc6.DLL
0x00007ffeeb3e0000 - 0x00007ffeeb3fd000 	C:\WINDOWS\SYSTEM32\dhcpcsvc.DLL
0x00007ffec9cc0000 - 0x00007ffec9cd7000 	C:\WINDOWS\system32\napinsp.dll
0x00007ffec9ca0000 - 0x00007ffec9cbb000 	C:\WINDOWS\system32\pnrpnsp.dll
0x00007ffeefbd0000 - 0x00007ffeefbed000 	C:\WINDOWS\system32\wshbth.dll
0x00007ffeed8b0000 - 0x00007ffeed8cd000 	C:\WINDOWS\system32\NLAapi.dll
0x00007ffec9c30000 - 0x00007ffec9c42000 	C:\WINDOWS\System32\winrnr.dll
0x00007ffed9030000 - 0x00007ffed9081000 	C:\WINDOWS\SYSTEM32\pdh.dll
0x00007ffede470000 - 0x00007ffede4d5000 	C:\WINDOWS\system32\mscoree.dll
0x00007ffede130000 - 0x00007ffede1cb000 	C:\Windows\Microsoft.NET\Framework64\v4.0.30319\mscoreei.dll
0x00007ffec9000000 - 0x00007ffec9025000 	C:\Windows\Microsoft.NET\Framework64\v4.0.30319\CorperfmonExt.dll
0x00007ffedd680000 - 0x00007ffedd68c000 	C:\WINDOWS\SYSTEM32\VCRUNTIME140_1_CLR0400.dll
0x00007ffedd660000 - 0x00007ffedd67b000 	C:\WINDOWS\SYSTEM32\VCRUNTIME140_CLR0400.dll
0x00007ffedd590000 - 0x00007ffedd65d000 	C:\WINDOWS\SYSTEM32\ucrtbase_clr0400.dll
0x00007ffeeedb0000 - 0x00007ffeeedc4000 	C:\WINDOWS\SYSTEM32\WTSAPI32.dll
0x00007ffec9040000 - 0x00007ffec9055000 	C:\WINDOWS\system32\msscntrs.dll
0x00007ffec8f90000 - 0x00007ffec8ff7000 	C:\WINDOWS\SYSTEM32\perf-MSSQL$SQLEXPRESS-sqlctr16.0.1000.6.dll
0x00007ffecaa30000 - 0x00007ffecaa48000 	C:\Program Files\Microsoft SQL Server\160\Shared\instapi160.dll
0x00007ffec39d0000 - 0x00007ffec3a37000 	C:\WINDOWS\SYSTEM32\perf-MSSQLSERVER-sqlctr16.0.1000.6.dll
0x00007ffec8f80000 - 0x00007ffec8f8b000 	C:\Users\pc\OneDrive\Bureau\MSAS16.MSSQLSERVER\OLAP\bin\Counters\MSMDCTR.DLL
0x00007ffec8f70000 - 0x00007ffec8f7a000 	C:\Windows\System32\rasctrs.dll
0x00007ffecaa50000 - 0x00007ffecaa84000 	C:\WINDOWS\SYSTEM32\rasman.dll
0x00007ffec3ed0000 - 0x00007ffec3ef3000 	C:\WINDOWS\SYSTEM32\perf-MSSQL16.SQLEXPRESS-sqlagtctr.dll
0x00007ffec3c90000 - 0x00007ffec3cb3000 	C:\WINDOWS\SYSTEM32\perf-MSSQL16.MSSQLSERVER-sqlagtctr.dll
0x00007ffec7f70000 - 0x00007ffec7f78000 	C:\WINDOWS\System32\tapiperf.dll
0x00007ffec4840000 - 0x00007ffec4848000 	C:\WINDOWS\system32\usbperf.dll
0x00007ffeb1de0000 - 0x00007ffeb1e73000 	C:\Program Files (x86)\VMware\VMware Workstation\vmPerfmon.dll
0x00007ffeed990000 - 0x00007ffeed99f000 	C:\WINDOWS\System32\perfproc.dll
0x00007ffeb1180000 - 0x00007ffeb118f000 	C:\WINDOWS\System32\perfos.dll
0x00007ffec2e60000 - 0x00007ffec2e87000 	C:\Program Files\Java\jdk-11\bin\sunec.dll
0x00007ffec4700000 - 0x00007ffec470e000 	C:\Program Files\Java\jdk-11\bin\sunmscapi.dll
0x00007ffef3280000 - 0x00007ffef33dd000 	C:\WINDOWS\System32\CRYPT32.dll
0x00007ffef2c40000 - 0x00007ffef2c67000 	C:\WINDOWS\SYSTEM32\ncrypt.dll
0x00007ffef2c00000 - 0x00007ffef2c3b000 	C:\WINDOWS\SYSTEM32\NTASN1.dll

dbghelp: loaded successfully - version: 4.0.5 - missing functions: none
symbol engine: initialized successfully - sym options: 0x614 - pdb path: .;C:\Program Files\Java\jdk-11\bin;C:\WINDOWS\SYSTEM32;C:\WINDOWS\WinSxS\amd64_microsoft.windows.common-controls_6595b64144ccf1df_6.0.19041.5915_none_60b4b9d171f9c7c7;C:\Program Files\Java\jdk-11\bin\server;C:\Windows\Microsoft.NET\Framework64\v4.0.30319;C:\Program Files\Microsoft SQL Server\160\Shared;C:\Users\pc\OneDrive\Bureau\MSAS16.MSSQLSERVER\OLAP\bin\Counters;C:\Program Files (x86)\VMware\VMware Workstation

VM Arguments:
jvm_args: -XX:TieredStopAtLevel=1 -Xverify:none -Dspring.output.ansi.enabled=always -Dcom.sun.management.jmxremote -Dspring.jmx.enabled=true -Dspring.liveBeansView.mbeanDomain -Dspring.application.admin.enabled=true -Dmanagement.endpoints.jmx.exposure.include=* -javaagent:C:\Program Files\JetBrains\IntelliJ IDEA 2025.1.1.1\lib\idea_rt.jar=58982 -Dfile.encoding=UTF-8 
java_command: com.mycompany.gestion.projets.InitDbApp
java_class_path (initial): C:\Users\pc\OneDrive\Documents\NetBeansProjects\gestion-projets\target\classes;C:\Users\pc\.m2\repository\org\springframework\boot\spring-boot-starter-web\2.7.15\spring-boot-starter-web-2.7.15.jar;C:\Users\pc\.m2\repository\org\springframework\boot\spring-boot-starter\2.7.15\spring-boot-starter-2.7.15.jar;C:\Users\pc\.m2\repository\org\springframework\boot\spring-boot\2.7.15\spring-boot-2.7.15.jar;C:\Users\pc\.m2\repository\org\springframework\boot\spring-boot-autoconfigure\2.7.15\spring-boot-autoconfigure-2.7.15.jar;C:\Users\pc\.m2\repository\org\springframework\boot\spring-boot-starter-logging\2.7.15\spring-boot-starter-logging-2.7.15.jar;C:\Users\pc\.m2\repository\ch\qos\logback\logback-classic\1.2.12\logback-classic-1.2.12.jar;C:\Users\pc\.m2\repository\ch\qos\logback\logback-core\1.2.12\logback-core-1.2.12.jar;C:\Users\pc\.m2\repository\org\apache\logging\log4j\log4j-to-slf4j\2.17.2\log4j-to-slf4j-2.17.2.jar;C:\Users\pc\.m2\repository\org\apache\logging\log4j\log4j-api\2.17.2\log4j-api-2.17.2.jar;C:\Users\pc\.m2\repository\org\slf4j\jul-to-slf4j\1.7.36\jul-to-slf4j-1.7.36.jar;C:\Users\pc\.m2\repository\jakarta\annotation\jakarta.annotation-api\1.3.5\jakarta.annotation-api-1.3.5.jar;C:\Users\pc\.m2\repository\org\springframework\spring-core\5.3.29\spring-core-5.3.29.jar;C:\Users\pc\.m2\repository\org\springframework\spring-jcl\5.3.29\spring-jcl-5.3.29.jar;C:\Users\pc\.m2\repository\org\yaml\snakeyaml\1.30\snakeyaml-1.30.jar;C:\Users\pc\.m2\repository\org\springframework\boot\spring-boot-starter-json\2.7.15\spring-boot-starter-json-2.7.15.jar;C:\Users\pc\.m2\repository\com\fasterxml\jackson\core\jackson-databind\2.13.5\jackson-databind-2.13.5.jar;C:\Users\pc\.m2\repository\com\fasterxml\jackson\core\jackson-annotations\2.13.5\jackson-annotations-2.13.5.jar;C:\Users\pc\.m2\repository\com\fasterxml\jackson\core\jackson-core\2.13.5\jackson-core-2.13.5.jar;C:\Users\pc\.m2\repository\com\fasterxml\jackson\datatype\jackson-datatype-jdk8\2.1
Launcher Type: SUN_STANDARD

[Global flags]
     bool BytecodeVerificationLocal                = false                                     {product} {command line}
     bool BytecodeVerificationRemote               = false                                     {product} {command line}
     intx CICompilerCount                          = 3                                         {product} {ergonomic}
     uint ConcGCThreads                            = 1                                         {product} {ergonomic}
     uint G1ConcRefinementThreads                  = 4                                         {product} {ergonomic}
   size_t G1HeapRegionSize                         = 1048576                                   {product} {ergonomic}
    uintx GCDrainStackTargetSize                   = 64                                        {product} {ergonomic}
   size_t InitialHeapSize                          = 192937984                                 {product} {ergonomic}
     bool ManagementServer                         = true                                      {product} {command line}
   size_t MarkStackSize                            = 4194304                                   {product} {ergonomic}
   size_t MaxHeapSize                              = 3068133376                                {product} {ergonomic}
   size_t MaxNewSize                               = 1840250880                                {product} {ergonomic}
   size_t MinHeapDeltaBytes                        = 1048576                                   {product} {ergonomic}
    uintx NonNMethodCodeHeapSize                   = 6973028                                {pd product} {ergonomic}
    uintx NonProfiledCodeHeapSize                  = 244685212                              {pd product} {ergonomic}
    uintx ProfiledCodeHeapSize                     = 0                                      {pd product} {ergonomic}
    uintx ReservedCodeCacheSize                    = 251658240                              {pd product} {ergonomic}
     bool SegmentedCodeCache                       = true                                      {product} {ergonomic}
     intx TieredStopAtLevel                        = 1                                         {product} {command line}
     bool UseCompressedClassPointers               = true                                 {lp64_product} {ergonomic}
     bool UseCompressedOops                        = true                                 {lp64_product} {ergonomic}
     bool UseG1GC                                  = true                                      {product} {ergonomic}
     bool UseLargePagesIndividualAllocation        = false                                  {pd product} {ergonomic}

Logging:
Log output configuration:
 #0: stdout all=warning uptime,level,tags
 #1: stderr all=off uptime,level,tags

Environment Variables:
PATH=C:\Program Files\Java\jdk-17.0.5\bin;C:\Program Files (x86)\Common Files\Oracle\Java\javapath;C:\Program Files (x86)\VMware\VMware Workstation\bin\;C:\Program Files\SqlCmd\;C:\Program Files\Common Files\Oracle\Java\javapath;C:\Windows\System32;C:\Program Files\Git\cmd;C:\ProgramData\chocolatey\bin;C:\chromedriver\chromedriver-win64;C:\Program Files\OpenSSL-Win64\bin;C:\Program Files (x86)\Microsoft SQL Server\160\DTS\Binn\;C:\WINDOWS\system32;C:\WINDOWS;C:\WINDOWS\System32\Wbem;C:\WINDOWS\System32\WindowsPowerShell\v1.0\;C:\WINDOWS\System32\OpenSSH\;C:\Program Files\RedHat\Podman\;C:\ProgramData\ComposerSetup\bin;C:\tools\php82;C:\Program Files\Docker\Docker\resources\bin;C:\minikube;C:\Program Files\Microsoft SQL Server\150\Tools\Binn\;C:\Program Files\dotnet\;C:\Program Files\Java\jdk1.8.0_202\bin;C:\Program Files\Microsoft SQL Server\Client SDK\ODBC\170\Tools\Binn\;C:\Program Files\Microsoft SQL Server\160\DTS\Binn\;C:\Program Files\MySQL\MySQL Shell 8.0\bin\;C:\Users\pc\AppData\Local\Programs\Python\Python313\Scripts\;C:\Users\pc\AppData\Local\Programs\Python\Python313\;C:\Users\pc\AppData\Local\Microsoft\WindowsApps;C:\Program Files\Azure Data Studio\bin;C:\Users\pc\AppData\Local\Programs\Microsoft VS Code\bin;C:\Users\pc\AppData\Roaming\npm;C:\xampp\php\php.exe;C:\xampp\php;C:\Program Files\MySQL\MySQL Server 8.0\bin;C:\xampp\mysql\bin;C:\chromedriver\chromedriver-win64;C:\chromedriver\chromedriver-win64\chromedriver.exe;C:\Program Files\OpenSSL-Win64\bin;C:\Users\pc\Downloads\containerd-2.0.4;C:\Program Files\containerd-2.0.4;C:\Program Files\containerd;C:\Program Files\Java\jdk-17.0.5\bin;C:\Users\pc\AppData\Roaming\Composer\vendor\bin;C:\Program Files\Java\jdk-17.0.5;C:\Program Files\apache-maven-3.9.9\bin;C:\Program Files\JetBrains\IntelliJ IDEA 2025.1.1.1\bin;;C:\Program Files\Java\jre1.8.0_202\bin;C:\Users\pc\.dotnet\tools
USERNAME=pc
OS=Windows_NT
PROCESSOR_IDENTIFIER=Intel64 Family 6 Model 78 Stepping 3, GenuineIntel



---------------  S Y S T E M  ---------------

OS: Windows 10 , 64 bit Build 19041 (10.0.19041.5915)
Hyper-V role detected

CPU:total 4 (initial active 4) (2 cores per cpu, 2 threads per core) family 6 model 78 stepping 3 microcode 0xcc, cmov, cx8, fxsr, mmx, sse, sse2, sse3, ssse3, sse4.1, sse4.2, popcnt, avx, avx2, aes, clmul, erms, rtm, 3dnowpref, lzcnt, ht, tsc, tscinvbit, bmi1, bmi2, adx, fma

Memory: 4k page, system-wide physical 11699M (2148M free)
TotalPageFile size 12761M (AvailPageFile size 2M)
current process WorkingSet (physical memory assigned to process): 291M, peak: 293M
current process commit charge ("private bytes"): 400M, peak: 401M

vm_info: Java HotSpot(TM) 64-Bit Server VM (11.0.27+8-LTS-232) for windows-amd64 JRE (11.0.27+8-LTS-232), built on Feb 25 2025 06:49:10 by "mach5one" with MS VC++ 17.6 (VS2022)

END.
