#
# There is insufficient memory for the Java Runtime Environment to continue.
# Native memory allocation (mmap) failed to map 38797312 bytes for Failed to commit area from 0x0000000754a00000 to 0x0000000756f00000 of length 38797312.
# Possible reasons:
#   The system is out of physical RAM or swap space
#   The process is running with CompressedOops enabled, and the Java Heap may be blocking the growth of the native heap
# Possible solutions:
#   Reduce memory load on the system
#   Increase physical memory or swap space
#   Check if swap backing store is full
#   Decrease Java heap size (-Xmx/-Xms)
#   Decrease number of Java threads
#   Decrease Java thread stack sizes (-Xss)
#   Set larger code cache with -XX:ReservedCodeCacheSize=
#   JVM is running with Zero Based Compressed Oops mode in which the Java heap is
#     placed in the first 32GB address space. The Java Heap base address is the
#     maximum limit for the native heap growth. Please use -XX:HeapBaseMinAddress
#     to set the Java Heap base and to place the Java Heap above 32GB virtual address.
# This output file may be truncated or incomplete.
#
#  Out of Memory Error (./open/src/hotspot/os/windows/os_windows.cpp:3301), pid=7984, tid=10640
#
# JRE version: Java(TM) SE Runtime Environment 18.9 (11.0.27+8) (build 11.0.27+8-LTS-232)
# Java VM: Java HotSpot(TM) 64-Bit Server VM 18.9 (11.0.27+8-LTS-232, mixed mode, tiered, compressed oops, g1 gc, windows-amd64)
# No core dump will be written. Minidumps are not enabled by default on client versions of Windows
#

---------------  S U M M A R Y ------------

Command Line: -XX:TieredStopAtLevel=1 -Xverify:none -Dspring.output.ansi.enabled=always -Dcom.sun.management.jmxremote -Dspring.jmx.enabled=true -Dspring.liveBeansView.mbeanDomain -Dspring.application.admin.enabled=true -Dmanagement.endpoints.jmx.exposure.include=* -javaagent:C:\Program Files\JetBrains\IntelliJ IDEA 2025.1.1.1\lib\idea_rt.jar=51694 -Dfile.encoding=UTF-8 com.mycompany.gestion.projets.InitDbApp

Host: Intel(R) Core(TM) i5-6300U CPU @ 2.40GHz, 4 cores, 11G,  Windows 10 , 64 bit Build 19041 (10.0.19041.5915)
Time: Sun Jun  8 23:15:13 2025 Maroc (heure d64 bit Build 19041 (10.0.19041.5915) elapsed time: 65.547706 seconds (0d 0h 1m 5s)

---------------  T H R E A D  ---------------

Current thread (0x000002712b1b0000):  VMThread "VM Thread" [stack: 0x000000aba0a00000,0x000000aba0b00000] [id=10640]

Stack: [0x000000aba0a00000,0x000000aba0b00000]
[error occurred during error reporting (printing stack bounds), id 0xc0000005, EXCEPTION_ACCESS_VIOLATION (0xc0000005) at pc=0x0000027112840f2d]

Native frames: (J=compiled Java code, j=interpreted, Vv=VM code, C=native code)
V  [jvm.dll+0x65887a]
V  [jvm.dll+0x79b47f]
V  [jvm.dll+0x79cb49]
V  [jvm.dll+0x79d155]
V  [jvm.dll+0x79d10b]
V  [jvm.dll+0x657d8d]
V  [jvm.dll+0x658478]
C  [ntdll.dll+0xa28bf]
C  [ntdll.dll+0x52554]
C  [ntdll.dll+0xa13ce]
C  0x0000027112840f2d

VM_Operation (0x000000aba25f9570): CollectForMetadataAllocation, mode: safepoint, requested by thread 0x000002712e087000


---------------  P R O C E S S  ---------------

Threads class SMR info:
_java_thread_list=0x000002712fca80b0, length=33, elements={
0x000002712b1b7000, 0x000002712b1c1000, 0x000002712ba33800, 0x000002712ba34800,
0x000002712ba37800, 0x000002712ba3a800, 0x000002712ba3d800, 0x000002712b16d000,
0x000002712bdc7800, 0x000002712c259000, 0x000002712d3f3000, 0x000002712d50d000,
0x000002712d62a000, 0x000002712da25800, 0x000002712e057800, 0x000002712e049000,
0x000002712e049800, 0x000002712e04a800, 0x000002712e086800, 0x000002712e087000,
0x000002712e088800, 0x000002712ff91800, 0x000002712ff93800, 0x000002712ff94800,
0x000002712ff92000, 0x000002712ff97000, 0x000002712ff98000, 0x000002712ff98800,
0x000002712ff93000, 0x000002712ff9a800, 0x000002712ff9b000, 0x000002712ff95800,
0x000002712ff96000
}

Java Threads: ( => current thread )
  0x000002712b1b7000 JavaThread "Reference Handler" daemon [_thread_blocked, id=5792, stack(0x000000aba0b00000,0x000000aba0c00000)]
  0x000002712b1c1000 JavaThread "Finalizer" daemon [_thread_blocked, id=17820, stack(0x000000aba0c00000,0x000000aba0d00000)]
  0x000002712ba33800 JavaThread "Signal Dispatcher" daemon [_thread_blocked, id=2016, stack(0x000000aba0d00000,0x000000aba0e00000)]
  0x000002712ba34800 JavaThread "Attach Listener" daemon [_thread_blocked, id=2200, stack(0x000000aba0e00000,0x000000aba0f00000)]
  0x000002712ba37800 JavaThread "Service Thread" daemon [_thread_blocked, id=20004, stack(0x000000aba0f00000,0x000000aba1000000)]
  0x000002712ba3a800 JavaThread "C1 CompilerThread0" daemon [_thread_blocked, id=16872, stack(0x000000aba1000000,0x000000aba1100000)]
  0x000002712ba3d800 JavaThread "Sweeper thread" daemon [_thread_blocked, id=17684, stack(0x000000aba1100000,0x000000aba1200000)]
  0x000002712b16d000 JavaThread "Common-Cleaner" daemon [_thread_blocked, id=17460, stack(0x000000aba1200000,0x000000aba1300000)]
  0x000002712bdc7800 JavaThread "Monitor Ctrl-Break" daemon [_thread_in_native, id=6916, stack(0x000000aba1300000,0x000000aba1400000)]
  0x000002712c259000 JavaThread "RMI TCP Accept-0" daemon [_thread_in_native, id=17068, stack(0x000000aba1400000,0x000000aba1500000)]
  0x000002712d3f3000 JavaThread "RMI TCP Connection(idle)" daemon [_thread_blocked, id=13756, stack(0x000000aba1b00000,0x000000aba1c00000)]
  0x000002712d50d000 JavaThread "RMI Scheduler(0)" daemon [_thread_blocked, id=17012, stack(0x000000aba1a00000,0x000000aba1b00000)]
  0x000002712d62a000 JavaThread "JMX server connection timeout 20" daemon [_thread_blocked, id=5672, stack(0x000000aba1c00000,0x000000aba1d00000)]
  0x000002712da25800 JavaThread "RMI TCP Connection(idle)" daemon [_thread_blocked, id=10632, stack(0x000000aba1d00000,0x000000aba1e00000)]
  0x000002712e057800 JavaThread "Catalina-utility-1" [_thread_blocked, id=268, stack(0x000000aba1e00000,0x000000aba1f00000)]
  0x000002712e049000 JavaThread "Catalina-utility-2" [_thread_blocked, id=19896, stack(0x000000aba1f00000,0x000000aba2000000)]
  0x000002712e049800 JavaThread "container-0" [_thread_blocked, id=17640, stack(0x000000aba2000000,0x000000aba2100000)]
  0x000002712e04a800 JavaThread "mysql-cj-abandoned-connection-cleanup" daemon [_thread_blocked, id=11744, stack(0x000000aba2100000,0x000000aba2200000)]
  0x000002712e086800 JavaThread "HikariPool-1 housekeeper" daemon [_thread_blocked, id=7108, stack(0x000000aba2300000,0x000000aba2400000)]
  0x000002712e087000 JavaThread "http-nio-8080-exec-1" daemon [_thread_blocked, id=6744, stack(0x000000aba2500000,0x000000aba2600000)]
  0x000002712e088800 JavaThread "http-nio-8080-exec-2" daemon [_thread_blocked, id=648, stack(0x000000aba2600000,0x000000aba2700000)]
  0x000002712ff91800 JavaThread "http-nio-8080-exec-3" daemon [_thread_blocked, id=12572, stack(0x000000aba2700000,0x000000aba2800000)]
  0x000002712ff93800 JavaThread "http-nio-8080-exec-4" daemon [_thread_blocked, id=20212, stack(0x000000aba2800000,0x000000aba2900000)]
  0x000002712ff94800 JavaThread "http-nio-8080-exec-5" daemon [_thread_blocked, id=18364, stack(0x000000aba2900000,0x000000aba2a00000)]
  0x000002712ff92000 JavaThread "http-nio-8080-exec-6" daemon [_thread_blocked, id=15100, stack(0x000000aba2a00000,0x000000aba2b00000)]
  0x000002712ff97000 JavaThread "http-nio-8080-exec-7" daemon [_thread_blocked, id=18572, stack(0x000000aba2b00000,0x000000aba2c00000)]
  0x000002712ff98000 JavaThread "http-nio-8080-exec-8" daemon [_thread_blocked, id=10488, stack(0x000000aba2c00000,0x000000aba2d00000)]
  0x000002712ff98800 JavaThread "http-nio-8080-exec-9" daemon [_thread_blocked, id=17780, stack(0x000000aba2d00000,0x000000aba2e00000)]
  0x000002712ff93000 JavaThread "http-nio-8080-exec-10" daemon [_thread_blocked, id=18320, stack(0x000000aba2e00000,0x000000aba2f00000)]
  0x000002712ff9a800 JavaThread "http-nio-8080-Poller" daemon [_thread_in_native, id=15444, stack(0x000000aba2f00000,0x000000aba3000000)]
  0x000002712ff9b000 JavaThread "http-nio-8080-Acceptor" daemon [_thread_in_native, id=18776, stack(0x000000aba3000000,0x000000aba3100000)]
  0x000002712ff95800 JavaThread "DestroyJavaVM" [_thread_blocked, id=17424, stack(0x000000aba0400000,0x000000aba0500000)]
  0x000002712ff96000 JavaThread "RMI TCP Connection(3)-172.20.176.1" daemon [_thread_in_native, id=19088, stack(0x000000aba3100000,0x000000aba3200000)]

Other Threads:
=>0x000002712b1b0000 VMThread "VM Thread" [stack: 0x000000aba0a00000,0x000000aba0b00000] [id=10640]
  0x000002712c234000 WatcherThread [stack: 0x000000aba1500000,0x000000aba1600000] [id=1356]
  0x0000027109998000 GCTaskThread "GC Thread#0" [stack: 0x000000aba0500000,0x000000aba0600000] [id=10260]
  0x000002712c379800 GCTaskThread "GC Thread#1" [stack: 0x000000aba1600000,0x000000aba1700000] [id=10068]
  0x000002712c3c5800 GCTaskThread "GC Thread#2" [stack: 0x000000aba1700000,0x000000aba1800000] [id=19904]
  0x000002712c3c6000 GCTaskThread "GC Thread#3" [stack: 0x000000aba1800000,0x000000aba1900000] [id=20312]
  0x00000271099db800 ConcurrentGCThread "G1 Main Marker" [stack: 0x000000aba0600000,0x000000aba0700000] [id=20052]
  0x00000271099de800 ConcurrentGCThread "G1 Conc#0" [stack: 0x000000aba0700000,0x000000aba0800000] [id=15880]
  0x0000027109a4e000 ConcurrentGCThread "G1 Refine#0" [stack: 0x000000aba0800000,0x000000aba0900000] [id=7200]
  0x000002712bcbc800 ConcurrentGCThread "G1 Refine#1" [stack: 0x000000aba1900000,0x000000aba1a00000] [id=11708]
  0x000002712b01d800 ConcurrentGCThread "G1 Young RemSet Sampling" [stack: 0x000000aba0900000,0x000000aba0a00000] [id=16684]

Threads with active compile tasks:

VM state:at safepoint (normal execution)

VM Mutex/Monitor currently owned by a thread:  ([mutex/lock_event])
[0x000002710997f6e0] Threads_lock - owner thread: 0x000002712b1b0000
[0x000002710997f260] Heap_lock - owner thread: 0x000002712e087000

Heap address: 0x0000000749200000, size: 2926 MB, Compressed Oops mode: Zero based, Oop shift amount: 3
Narrow klass base: 0x0000000800000000, Narrow klass shift: 0
Compressed class space size: 1073741824 Address: 0x0000000800000000

Heap:
 garbage-first heap   total 226304K, used 26112K [0x0000000749200000, 0x0000000800000000)
  region size 1024K, 11 young (11264K), 11 survivors (11264K)
 Metaspace       used 58986K, capacity 60461K, committed 60540K, reserved 1101824K
  class space    used 7184K, capacity 7775K, committed 7808K, reserved 1048576K
Heap Regions: E=young(eden), S=young(survivor), O=old, HS=humongous(starts), HC=humongous(continues), CS=collection set, F=free, A=archive, TAMS=top-at-mark-start (previous, next)
|   0|0x0000000749200000, 0x0000000749300000, 0x0000000749300000|100%|HS|  |TAMS 0x0000000749300000, 0x0000000749300000| Complete 
|   1|0x0000000749300000, 0x0000000749400000, 0x0000000749400000|100%| O|  |TAMS 0x0000000749400000, 0x0000000749400000| Untracked 
|   2|0x0000000749400000, 0x0000000749500000, 0x0000000749500000|100%| O|  |TAMS 0x0000000749500000, 0x0000000749500000| Untracked 
|   3|0x0000000749500000, 0x0000000749600000, 0x0000000749600000|100%| O|  |TAMS 0x0000000749600000, 0x0000000749600000| Untracked 
|   4|0x0000000749600000, 0x0000000749700000, 0x0000000749700000|100%| O|  |TAMS 0x0000000749700000, 0x0000000749700000| Untracked 
|   5|0x0000000749700000, 0x0000000749800000, 0x0000000749800000|100%| O|  |TAMS 0x0000000749800000, 0x0000000749800000| Untracked 
|   6|0x0000000749800000, 0x0000000749900000, 0x0000000749900000|100%| O|  |TAMS 0x0000000749900000, 0x0000000749900000| Untracked 
|   7|0x0000000749900000, 0x0000000749a00000, 0x0000000749a00000|100%| O|  |TAMS 0x0000000749900000, 0x0000000749a00000| Untracked 
|   8|0x0000000749a00000, 0x0000000749b00000, 0x0000000749b00000|100%| O|  |TAMS 0x0000000749a00000, 0x0000000749b00000| Untracked 
|   9|0x0000000749b00000, 0x0000000749c00000, 0x0000000749c00000|100%| O|  |TAMS 0x0000000749b00000, 0x0000000749c00000| Untracked 
|  10|0x0000000749c00000, 0x0000000749d00000, 0x0000000749d00000|100%| O|  |TAMS 0x0000000749c00000, 0x0000000749d00000| Untracked 
|  11|0x0000000749d00000, 0x0000000749e00000, 0x0000000749e00000|100%| O|  |TAMS 0x0000000749d00000, 0x0000000749e00000| Untracked 
|  12|0x0000000749e00000, 0x0000000749f00000, 0x0000000749f00000|100%| O|  |TAMS 0x0000000749e00000, 0x0000000749f00000| Untracked 
|  13|0x0000000749f00000, 0x000000074a000000, 0x000000074a000000|100%| O|  |TAMS 0x0000000749f00000, 0x000000074a000000| Untracked 
|  14|0x000000074a000000, 0x000000074a100000, 0x000000074a100000|100%| O|  |TAMS 0x000000074a000000, 0x000000074a100000| Untracked 
|  15|0x000000074a100000, 0x000000074a100000, 0x000000074a200000|  0%| F|  |TAMS 0x000000074a100000, 0x000000074a100000| Untracked 
|  16|0x000000074a200000, 0x000000074a200000, 0x000000074a300000|  0%| F|  |TAMS 0x000000074a200000, 0x000000074a200000| Untracked 
|  17|0x000000074a300000, 0x000000074a300000, 0x000000074a400000|  0%| F|  |TAMS 0x000000074a300000, 0x000000074a300000| Untracked 
|  18|0x000000074a400000, 0x000000074a400000, 0x000000074a500000|  0%| F|  |TAMS 0x000000074a400000, 0x000000074a400000| Untracked 
|  19|0x000000074a500000, 0x000000074a500000, 0x000000074a600000|  0%| F|  |TAMS 0x000000074a500000, 0x000000074a500000| Untracked 
|  20|0x000000074a600000, 0x000000074a600000, 0x000000074a700000|  0%| F|  |TAMS 0x000000074a600000, 0x000000074a600000| Untracked 
|  21|0x000000074a700000, 0x000000074a700000, 0x000000074a800000|  0%| F|  |TAMS 0x000000074a700000, 0x000000074a700000| Untracked 
|  22|0x000000074a800000, 0x000000074a800000, 0x000000074a900000|  0%| F|  |TAMS 0x000000074a800000, 0x000000074a800000| Untracked 
|  23|0x000000074a900000, 0x000000074a900000, 0x000000074aa00000|  0%| F|  |TAMS 0x000000074a900000, 0x000000074a900000| Untracked 
|  24|0x000000074aa00000, 0x000000074aa00000, 0x000000074ab00000|  0%| F|  |TAMS 0x000000074aa00000, 0x000000074aa00000| Untracked 
|  25|0x000000074ab00000, 0x000000074ab00000, 0x000000074ac00000|  0%| F|  |TAMS 0x000000074ab00000, 0x000000074ab00000| Untracked 
|  26|0x000000074ac00000, 0x000000074ac00000, 0x000000074ad00000|  0%| F|  |TAMS 0x000000074ac00000, 0x000000074ac00000| Untracked 
|  27|0x000000074ad00000, 0x000000074ad00000, 0x000000074ae00000|  0%| F|  |TAMS 0x000000074ad00000, 0x000000074ad00000| Untracked 
|  28|0x000000074ae00000, 0x000000074ae00000, 0x000000074af00000|  0%| F|  |TAMS 0x000000074ae00000, 0x000000074ae00000| Untracked 
|  29|0x000000074af00000, 0x000000074af00000, 0x000000074b000000|  0%| F|  |TAMS 0x000000074af00000, 0x000000074af00000| Untracked 
|  30|0x000000074b000000, 0x000000074b000000, 0x000000074b100000|  0%| F|  |TAMS 0x000000074b000000, 0x000000074b000000| Untracked 
|  31|0x000000074b100000, 0x000000074b100000, 0x000000074b200000|  0%| F|  |TAMS 0x000000074b100000, 0x000000074b100000| Untracked 
|  32|0x000000074b200000, 0x000000074b200000, 0x000000074b300000|  0%| F|  |TAMS 0x000000074b200000, 0x000000074b200000| Untracked 
|  33|0x000000074b300000, 0x000000074b300000, 0x000000074b400000|  0%| F|  |TAMS 0x000000074b300000, 0x000000074b300000| Untracked 
|  34|0x000000074b400000, 0x000000074b400000, 0x000000074b500000|  0%| F|  |TAMS 0x000000074b400000, 0x000000074b400000| Untracked 
|  35|0x000000074b500000, 0x000000074b500000, 0x000000074b600000|  0%| F|  |TAMS 0x000000074b500000, 0x000000074b500000| Untracked 
|  36|0x000000074b600000, 0x000000074b600000, 0x000000074b700000|  0%| F|  |TAMS 0x000000074b600000, 0x000000074b600000| Untracked 
|  37|0x000000074b700000, 0x000000074b700000, 0x000000074b800000|  0%| F|  |TAMS 0x000000074b700000, 0x000000074b700000| Untracked 
|  38|0x000000074b800000, 0x000000074b800000, 0x000000074b900000|  0%| F|  |TAMS 0x000000074b800000, 0x000000074b800000| Untracked 
|  39|0x000000074b900000, 0x000000074b900000, 0x000000074ba00000|  0%| F|  |TAMS 0x000000074b900000, 0x000000074b900000| Untracked 
|  40|0x000000074ba00000, 0x000000074ba00000, 0x000000074bb00000|  0%| F|  |TAMS 0x000000074ba00000, 0x000000074ba00000| Untracked 
|  41|0x000000074bb00000, 0x000000074bb00000, 0x000000074bc00000|  0%| F|  |TAMS 0x000000074bb00000, 0x000000074bb00000| Untracked 
|  42|0x000000074bc00000, 0x000000074bc00000, 0x000000074bd00000|  0%| F|  |TAMS 0x000000074bc00000, 0x000000074bc00000| Untracked 
|  43|0x000000074bd00000, 0x000000074bd00000, 0x000000074be00000|  0%| F|  |TAMS 0x000000074bd00000, 0x000000074bd00000| Untracked 
|  44|0x000000074be00000, 0x000000074be00000, 0x000000074bf00000|  0%| F|  |TAMS 0x000000074be00000, 0x000000074be00000| Untracked 
|  45|0x000000074bf00000, 0x000000074bf00000, 0x000000074c000000|  0%| F|  |TAMS 0x000000074bf00000, 0x000000074bf00000| Untracked 
|  46|0x000000074c000000, 0x000000074c000000, 0x000000074c100000|  0%| F|  |TAMS 0x000000074c000000, 0x000000074c000000| Untracked 
|  47|0x000000074c100000, 0x000000074c100000, 0x000000074c200000|  0%| F|  |TAMS 0x000000074c100000, 0x000000074c100000| Untracked 
|  48|0x000000074c200000, 0x000000074c200000, 0x000000074c300000|  0%| F|  |TAMS 0x000000074c200000, 0x000000074c200000| Untracked 
|  49|0x000000074c300000, 0x000000074c300000, 0x000000074c400000|  0%| F|  |TAMS 0x000000074c300000, 0x000000074c300000| Untracked 
|  50|0x000000074c400000, 0x000000074c400000, 0x000000074c500000|  0%| F|  |TAMS 0x000000074c400000, 0x000000074c400000| Untracked 
|  51|0x000000074c500000, 0x000000074c500000, 0x000000074c600000|  0%| F|  |TAMS 0x000000074c500000, 0x000000074c500000| Untracked 
|  52|0x000000074c600000, 0x000000074c600000, 0x000000074c700000|  0%| F|  |TAMS 0x000000074c600000, 0x000000074c600000| Untracked 
|  53|0x000000074c700000, 0x000000074c700000, 0x000000074c800000|  0%| F|  |TAMS 0x000000074c700000, 0x000000074c700000| Untracked 
|  54|0x000000074c800000, 0x000000074c800000, 0x000000074c900000|  0%| F|  |TAMS 0x000000074c800000, 0x000000074c800000| Untracked 
|  55|0x000000074c900000, 0x000000074c900000, 0x000000074ca00000|  0%| F|  |TAMS 0x000000074c900000, 0x000000074c900000| Untracked 
|  56|0x000000074ca00000, 0x000000074ca00000, 0x000000074cb00000|  0%| F|  |TAMS 0x000000074ca00000, 0x000000074ca00000| Untracked 
|  57|0x000000074cb00000, 0x000000074cb00000, 0x000000074cc00000|  0%| F|  |TAMS 0x000000074cb00000, 0x000000074cb00000| Untracked 
|  58|0x000000074cc00000, 0x000000074cc00000, 0x000000074cd00000|  0%| F|  |TAMS 0x000000074cc00000, 0x000000074cc00000| Untracked 
|  59|0x000000074cd00000, 0x000000074cd00000, 0x000000074ce00000|  0%| F|  |TAMS 0x000000074cd00000, 0x000000074cd00000| Untracked 
|  60|0x000000074ce00000, 0x000000074ce00000, 0x000000074cf00000|  0%| F|  |TAMS 0x000000074ce00000, 0x000000074ce00000| Untracked 
|  61|0x000000074cf00000, 0x000000074cf00000, 0x000000074d000000|  0%| F|  |TAMS 0x000000074cf00000, 0x000000074cf00000| Untracked 
|  62|0x000000074d000000, 0x000000074d000000, 0x000000074d100000|  0%| F|  |TAMS 0x000000074d000000, 0x000000074d000000| Untracked 
|  63|0x000000074d100000, 0x000000074d100000, 0x000000074d200000|  0%| F|  |TAMS 0x000000074d100000, 0x000000074d100000| Untracked 
|  64|0x000000074d200000, 0x000000074d200000, 0x000000074d300000|  0%| F|  |TAMS 0x000000074d200000, 0x000000074d200000| Untracked 
|  65|0x000000074d300000, 0x000000074d300000, 0x000000074d400000|  0%| F|  |TAMS 0x000000074d300000, 0x000000074d300000| Untracked 
|  66|0x000000074d400000, 0x000000074d400000, 0x000000074d500000|  0%| F|  |TAMS 0x000000074d400000, 0x000000074d400000| Untracked 
|  67|0x000000074d500000, 0x000000074d500000, 0x000000074d600000|  0%| F|  |TAMS 0x000000074d500000, 0x000000074d500000| Untracked 
|  68|0x000000074d600000, 0x000000074d600000, 0x000000074d700000|  0%| F|  |TAMS 0x000000074d600000, 0x000000074d600000| Untracked 
|  69|0x000000074d700000, 0x000000074d700000, 0x000000074d800000|  0%| F|  |TAMS 0x000000074d700000, 0x000000074d700000| Untracked 
|  70|0x000000074d800000, 0x000000074d800000, 0x000000074d900000|  0%| F|  |TAMS 0x000000074d800000, 0x000000074d800000| Untracked 
|  71|0x000000074d900000, 0x000000074d900000, 0x000000074da00000|  0%| F|  |TAMS 0x000000074d900000, 0x000000074d900000| Untracked 
|  72|0x000000074da00000, 0x000000074da00000, 0x000000074db00000|  0%| F|  |TAMS 0x000000074da00000, 0x000000074da00000| Untracked 
|  73|0x000000074db00000, 0x000000074db00000, 0x000000074dc00000|  0%| F|  |TAMS 0x000000074db00000, 0x000000074db00000| Untracked 
|  74|0x000000074dc00000, 0x000000074dc00000, 0x000000074dd00000|  0%| F|  |TAMS 0x000000074dc00000, 0x000000074dc00000| Untracked 
|  75|0x000000074dd00000, 0x000000074dd00000, 0x000000074de00000|  0%| F|  |TAMS 0x000000074dd00000, 0x000000074dd00000| Untracked 
|  76|0x000000074de00000, 0x000000074de00000, 0x000000074df00000|  0%| F|  |TAMS 0x000000074de00000, 0x000000074de00000| Untracked 
|  77|0x000000074df00000, 0x000000074df00000, 0x000000074e000000|  0%| F|  |TAMS 0x000000074df00000, 0x000000074df00000| Untracked 
|  78|0x000000074e000000, 0x000000074e000000, 0x000000074e100000|  0%| F|  |TAMS 0x000000074e000000, 0x000000074e000000| Untracked 
|  79|0x000000074e100000, 0x000000074e100000, 0x000000074e200000|  0%| F|  |TAMS 0x000000074e100000, 0x000000074e100000| Untracked 
|  80|0x000000074e200000, 0x000000074e200000, 0x000000074e300000|  0%| F|  |TAMS 0x000000074e200000, 0x000000074e200000| Untracked 
|  81|0x000000074e300000, 0x000000074e300000, 0x000000074e400000|  0%| F|  |TAMS 0x000000074e300000, 0x000000074e300000| Untracked 
|  82|0x000000074e400000, 0x000000074e400000, 0x000000074e500000|  0%| F|  |TAMS 0x000000074e400000, 0x000000074e400000| Untracked 
|  83|0x000000074e500000, 0x000000074e500000, 0x000000074e600000|  0%| F|  |TAMS 0x000000074e500000, 0x000000074e500000| Untracked 
|  84|0x000000074e600000, 0x000000074e600000, 0x000000074e700000|  0%| F|  |TAMS 0x000000074e600000, 0x000000074e600000| Untracked 
|  85|0x000000074e700000, 0x000000074e700000, 0x000000074e800000|  0%| F|  |TAMS 0x000000074e700000, 0x000000074e700000| Untracked 
|  86|0x000000074e800000, 0x000000074e800000, 0x000000074e900000|  0%| F|  |TAMS 0x000000074e800000, 0x000000074e800000| Untracked 
|  87|0x000000074e900000, 0x000000074e900000, 0x000000074ea00000|  0%| F|  |TAMS 0x000000074e900000, 0x000000074e900000| Untracked 
|  88|0x000000074ea00000, 0x000000074ea00000, 0x000000074eb00000|  0%| F|  |TAMS 0x000000074ea00000, 0x000000074ea00000| Untracked 
|  89|0x000000074eb00000, 0x000000074eb00000, 0x000000074ec00000|  0%| F|  |TAMS 0x000000074eb00000, 0x000000074eb00000| Untracked 
|  90|0x000000074ec00000, 0x000000074ec00000, 0x000000074ed00000|  0%| F|  |TAMS 0x000000074ec00000, 0x000000074ec00000| Untracked 
|  91|0x000000074ed00000, 0x000000074ed00000, 0x000000074ee00000|  0%| F|  |TAMS 0x000000074ed00000, 0x000000074ed00000| Untracked 
|  92|0x000000074ee00000, 0x000000074ee00000, 0x000000074ef00000|  0%| F|  |TAMS 0x000000074ee00000, 0x000000074ee00000| Untracked 
|  93|0x000000074ef00000, 0x000000074ef00000, 0x000000074f000000|  0%| F|  |TAMS 0x000000074ef00000, 0x000000074ef00000| Untracked 
|  94|0x000000074f000000, 0x000000074f000000, 0x000000074f100000|  0%| F|  |TAMS 0x000000074f000000, 0x000000074f000000| Untracked 
|  95|0x000000074f100000, 0x000000074f100000, 0x000000074f200000|  0%| F|  |TAMS 0x000000074f100000, 0x000000074f100000| Untracked 
|  96|0x000000074f200000, 0x000000074f200000, 0x000000074f300000|  0%| F|  |TAMS 0x000000074f200000, 0x000000074f200000| Untracked 
|  97|0x000000074f300000, 0x000000074f300000, 0x000000074f400000|  0%| F|  |TAMS 0x000000074f300000, 0x000000074f300000| Untracked 
|  98|0x000000074f400000, 0x000000074f400000, 0x000000074f500000|  0%| F|  |TAMS 0x000000074f400000, 0x000000074f400000| Untracked 
|  99|0x000000074f500000, 0x000000074f500000, 0x000000074f600000|  0%| F|  |TAMS 0x000000074f500000, 0x000000074f500000| Untracked 
| 100|0x000000074f600000, 0x000000074f600000, 0x000000074f700000|  0%| F|  |TAMS 0x000000074f600000, 0x000000074f600000| Untracked 
| 101|0x000000074f700000, 0x000000074f700000, 0x000000074f800000|  0%| F|  |TAMS 0x000000074f700000, 0x000000074f700000| Untracked 
| 102|0x000000074f800000, 0x000000074f800000, 0x000000074f900000|  0%| F|  |TAMS 0x000000074f800000, 0x000000074f800000| Untracked 
| 103|0x000000074f900000, 0x000000074f900000, 0x000000074fa00000|  0%| F|  |TAMS 0x000000074f900000, 0x000000074f900000| Untracked 
| 104|0x000000074fa00000, 0x000000074fa00000, 0x000000074fb00000|  0%| F|  |TAMS 0x000000074fa00000, 0x000000074fa00000| Untracked 
| 105|0x000000074fb00000, 0x000000074fb00000, 0x000000074fc00000|  0%| F|  |TAMS 0x000000074fb00000, 0x000000074fb00000| Untracked 
| 106|0x000000074fc00000, 0x000000074fc00000, 0x000000074fd00000|  0%| F|  |TAMS 0x000000074fc00000, 0x000000074fc00000| Untracked 
| 107|0x000000074fd00000, 0x000000074fd00000, 0x000000074fe00000|  0%| F|  |TAMS 0x000000074fd00000, 0x000000074fd00000| Untracked 
| 108|0x000000074fe00000, 0x000000074fe00000, 0x000000074ff00000|  0%| F|  |TAMS 0x000000074fe00000, 0x000000074fe00000| Untracked 
| 109|0x000000074ff00000, 0x000000074ff00000, 0x0000000750000000|  0%| F|  |TAMS 0x000000074ff00000, 0x000000074ff00000| Untracked 
| 110|0x0000000750000000, 0x0000000750000000, 0x0000000750100000|  0%| F|  |TAMS 0x0000000750000000, 0x0000000750000000| Untracked 
| 111|0x0000000750100000, 0x0000000750100000, 0x0000000750200000|  0%| F|  |TAMS 0x0000000750100000, 0x0000000750100000| Untracked 
| 112|0x0000000750200000, 0x0000000750200000, 0x0000000750300000|  0%| F|  |TAMS 0x0000000750200000, 0x0000000750200000| Untracked 
| 113|0x0000000750300000, 0x0000000750300000, 0x0000000750400000|  0%| F|  |TAMS 0x0000000750300000, 0x0000000750300000| Untracked 
| 114|0x0000000750400000, 0x0000000750400000, 0x0000000750500000|  0%| F|  |TAMS 0x0000000750400000, 0x0000000750400000| Untracked 
| 115|0x0000000750500000, 0x0000000750580000, 0x0000000750600000| 50%| S|CS|TAMS 0x0000000750500000, 0x0000000750500000| Complete 
| 116|0x0000000750600000, 0x0000000750700000, 0x0000000750700000|100%| S|CS|TAMS 0x0000000750600000, 0x0000000750600000| Complete 
| 117|0x0000000750700000, 0x0000000750800000, 0x0000000750800000|100%| S|CS|TAMS 0x0000000750700000, 0x0000000750700000| Complete 
| 118|0x0000000750800000, 0x0000000750900000, 0x0000000750900000|100%| S|CS|TAMS 0x0000000750800000, 0x0000000750800000| Complete 
| 119|0x0000000750900000, 0x0000000750a00000, 0x0000000750a00000|100%| S|CS|TAMS 0x0000000750900000, 0x0000000750900000| Complete 
| 120|0x0000000750a00000, 0x0000000750b00000, 0x0000000750b00000|100%| S|CS|TAMS 0x0000000750a00000, 0x0000000750a00000| Complete 
| 121|0x0000000750b00000, 0x0000000750c00000, 0x0000000750c00000|100%| S|CS|TAMS 0x0000000750b00000, 0x0000000750b00000| Complete 
| 122|0x0000000750c00000, 0x0000000750d00000, 0x0000000750d00000|100%| S|CS|TAMS 0x0000000750c00000, 0x0000000750c00000| Complete 
| 123|0x0000000750d00000, 0x0000000750e00000, 0x0000000750e00000|100%| S|CS|TAMS 0x0000000750d00000, 0x0000000750d00000| Complete 
| 124|0x0000000750e00000, 0x0000000750f00000, 0x0000000750f00000|100%| S|CS|TAMS 0x0000000750e00000, 0x0000000750e00000| Complete 
| 125|0x0000000750f00000, 0x0000000751000000, 0x0000000751000000|100%| S|CS|TAMS 0x0000000750f00000, 0x0000000750f00000| Complete 
| 126|0x0000000751000000, 0x0000000751000000, 0x0000000751100000|  0%| F|  |TAMS 0x0000000751000000, 0x0000000751000000| Untracked 
| 127|0x0000000751100000, 0x0000000751100000, 0x0000000751200000|  0%| F|  |TAMS 0x0000000751100000, 0x0000000751100000| Untracked 
| 128|0x0000000751200000, 0x0000000751200000, 0x0000000751300000|  0%| F|  |TAMS 0x0000000751200000, 0x0000000751200000| Untracked 
| 129|0x0000000751300000, 0x0000000751300000, 0x0000000751400000|  0%| F|  |TAMS 0x0000000751300000, 0x0000000751300000| Untracked 
| 130|0x0000000751400000, 0x0000000751400000, 0x0000000751500000|  0%| F|  |TAMS 0x0000000751400000, 0x0000000751400000| Untracked 
| 131|0x0000000751500000, 0x0000000751500000, 0x0000000751600000|  0%| F|  |TAMS 0x0000000751500000, 0x0000000751500000| Untracked 
| 132|0x0000000751600000, 0x0000000751600000, 0x0000000751700000|  0%| F|  |TAMS 0x0000000751600000, 0x0000000751600000| Untracked 
| 133|0x0000000751700000, 0x0000000751700000, 0x0000000751800000|  0%| F|  |TAMS 0x0000000751700000, 0x0000000751700000| Untracked 
| 134|0x0000000751800000, 0x0000000751800000, 0x0000000751900000|  0%| F|  |TAMS 0x0000000751800000, 0x0000000751800000| Untracked 
| 135|0x0000000751900000, 0x0000000751900000, 0x0000000751a00000|  0%| F|  |TAMS 0x0000000751900000, 0x0000000751900000| Untracked 
| 136|0x0000000751a00000, 0x0000000751a00000, 0x0000000751b00000|  0%| F|  |TAMS 0x0000000751a00000, 0x0000000751a00000| Untracked 
| 137|0x0000000751b00000, 0x0000000751b00000, 0x0000000751c00000|  0%| F|  |TAMS 0x0000000751b00000, 0x0000000751b00000| Untracked 
| 138|0x0000000751c00000, 0x0000000751c00000, 0x0000000751d00000|  0%| F|  |TAMS 0x0000000751c00000, 0x0000000751c00000| Untracked 
| 139|0x0000000751d00000, 0x0000000751d00000, 0x0000000751e00000|  0%| F|  |TAMS 0x0000000751d00000, 0x0000000751d00000| Untracked 
| 140|0x0000000751e00000, 0x0000000751e00000, 0x0000000751f00000|  0%| F|  |TAMS 0x0000000751e00000, 0x0000000751e00000| Untracked 
| 141|0x0000000751f00000, 0x0000000751f00000, 0x0000000752000000|  0%| F|  |TAMS 0x0000000751f00000, 0x0000000751f00000| Untracked 
| 142|0x0000000752000000, 0x0000000752000000, 0x0000000752100000|  0%| F|  |TAMS 0x0000000752000000, 0x0000000752000000| Untracked 
| 143|0x0000000752100000, 0x0000000752100000, 0x0000000752200000|  0%| F|  |TAMS 0x0000000752100000, 0x0000000752100000| Untracked 
| 144|0x0000000752200000, 0x0000000752200000, 0x0000000752300000|  0%| F|  |TAMS 0x0000000752200000, 0x0000000752200000| Untracked 
| 145|0x0000000752300000, 0x0000000752300000, 0x0000000752400000|  0%| F|  |TAMS 0x0000000752300000, 0x0000000752300000| Untracked 
| 146|0x0000000752400000, 0x0000000752400000, 0x0000000752500000|  0%| F|  |TAMS 0x0000000752400000, 0x0000000752400000| Untracked 
| 147|0x0000000752500000, 0x0000000752500000, 0x0000000752600000|  0%| F|  |TAMS 0x0000000752500000, 0x0000000752500000| Untracked 
| 148|0x0000000752600000, 0x0000000752600000, 0x0000000752700000|  0%| F|  |TAMS 0x0000000752600000, 0x0000000752600000| Untracked 
| 149|0x0000000752700000, 0x0000000752700000, 0x0000000752800000|  0%| F|  |TAMS 0x0000000752700000, 0x0000000752700000| Untracked 
| 150|0x0000000752800000, 0x0000000752800000, 0x0000000752900000|  0%| F|  |TAMS 0x0000000752800000, 0x0000000752800000| Untracked 
| 151|0x0000000752900000, 0x0000000752900000, 0x0000000752a00000|  0%| F|  |TAMS 0x0000000752900000, 0x0000000752900000| Untracked 
| 152|0x0000000752a00000, 0x0000000752a00000, 0x0000000752b00000|  0%| F|  |TAMS 0x0000000752a00000, 0x0000000752a00000| Untracked 
| 153|0x0000000752b00000, 0x0000000752b00000, 0x0000000752c00000|  0%| F|  |TAMS 0x0000000752b00000, 0x0000000752b00000| Untracked 
| 154|0x0000000752c00000, 0x0000000752c00000, 0x0000000752d00000|  0%| F|  |TAMS 0x0000000752c00000, 0x0000000752c00000| Untracked 
| 155|0x0000000752d00000, 0x0000000752d00000, 0x0000000752e00000|  0%| F|  |TAMS 0x0000000752d00000, 0x0000000752d00000| Untracked 
| 156|0x0000000752e00000, 0x0000000752e00000, 0x0000000752f00000|  0%| F|  |TAMS 0x0000000752e00000, 0x0000000752e00000| Untracked 
| 157|0x0000000752f00000, 0x0000000752f00000, 0x0000000753000000|  0%| F|  |TAMS 0x0000000752f00000, 0x0000000752f00000| Untracked 
| 158|0x0000000753000000, 0x0000000753000000, 0x0000000753100000|  0%| F|  |TAMS 0x0000000753000000, 0x0000000753000000| Untracked 
| 159|0x0000000753100000, 0x0000000753100000, 0x0000000753200000|  0%| F|  |TAMS 0x0000000753100000, 0x0000000753100000| Untracked 
| 160|0x0000000753200000, 0x0000000753200000, 0x0000000753300000|  0%| F|  |TAMS 0x0000000753200000, 0x0000000753200000| Untracked 
| 161|0x0000000753300000, 0x0000000753300000, 0x0000000753400000|  0%| F|  |TAMS 0x0000000753300000, 0x0000000753300000| Untracked 
| 162|0x0000000753400000, 0x0000000753400000, 0x0000000753500000|  0%| F|  |TAMS 0x0000000753400000, 0x0000000753400000| Untracked 
| 163|0x0000000753500000, 0x0000000753500000, 0x0000000753600000|  0%| F|  |TAMS 0x0000000753500000, 0x0000000753500000| Untracked 
| 164|0x0000000753600000, 0x0000000753600000, 0x0000000753700000|  0%| F|  |TAMS 0x0000000753600000, 0x0000000753600000| Untracked 
| 165|0x0000000753700000, 0x0000000753700000, 0x0000000753800000|  0%| F|  |TAMS 0x0000000753700000, 0x0000000753700000| Untracked 
| 166|0x0000000753800000, 0x0000000753800000, 0x0000000753900000|  0%| F|  |TAMS 0x0000000753800000, 0x0000000753800000| Untracked 
| 167|0x0000000753900000, 0x0000000753900000, 0x0000000753a00000|  0%| F|  |TAMS 0x0000000753900000, 0x0000000753900000| Untracked 
| 168|0x0000000753a00000, 0x0000000753a00000, 0x0000000753b00000|  0%| F|  |TAMS 0x0000000753a00000, 0x0000000753a00000| Untracked 
| 169|0x0000000753b00000, 0x0000000753b00000, 0x0000000753c00000|  0%| F|  |TAMS 0x0000000753b00000, 0x0000000753b00000| Untracked 
| 170|0x0000000753c00000, 0x0000000753c00000, 0x0000000753d00000|  0%| F|  |TAMS 0x0000000753c00000, 0x0000000753c00000| Untracked 
| 171|0x0000000753d00000, 0x0000000753d00000, 0x0000000753e00000|  0%| F|  |TAMS 0x0000000753d00000, 0x0000000753d00000| Untracked 
| 172|0x0000000753e00000, 0x0000000753e00000, 0x0000000753f00000|  0%| F|  |TAMS 0x0000000753e00000, 0x0000000753e00000| Untracked 
| 173|0x0000000753f00000, 0x0000000753f00000, 0x0000000754000000|  0%| F|  |TAMS 0x0000000753f00000, 0x0000000753f00000| Untracked 
| 174|0x0000000754000000, 0x0000000754000000, 0x0000000754100000|  0%| F|  |TAMS 0x0000000754000000, 0x0000000754000000| Untracked 
| 175|0x0000000754100000, 0x0000000754100000, 0x0000000754200000|  0%| F|  |TAMS 0x0000000754100000, 0x0000000754100000| Untracked 
| 176|0x0000000754200000, 0x0000000754200000, 0x0000000754300000|  0%| F|  |TAMS 0x0000000754200000, 0x0000000754200000| Untracked 
| 177|0x0000000754300000, 0x0000000754300000, 0x0000000754400000|  0%| F|  |TAMS 0x0000000754300000, 0x0000000754300000| Untracked 
| 178|0x0000000754400000, 0x0000000754400000, 0x0000000754500000|  0%| F|  |TAMS 0x0000000754400000, 0x0000000754400000| Untracked 
| 179|0x0000000754500000, 0x0000000754500000, 0x0000000754600000|  0%| F|  |TAMS 0x0000000754500000, 0x0000000754500000| Untracked 
| 180|0x0000000754600000, 0x0000000754600000, 0x0000000754700000|  0%| F|  |TAMS 0x0000000754600000, 0x0000000754600000| Untracked 
| 181|0x0000000754700000, 0x0000000754700000, 0x0000000754800000|  0%| F|  |TAMS 0x0000000754700000, 0x0000000754700000| Untracked 
| 182|0x0000000754800000, 0x0000000754800000, 0x0000000754900000|  0%| F|  |TAMS 0x0000000754800000, 0x0000000754800000| Untracked 
| 183|0x0000000754900000, 0x0000000754900000, 0x0000000754a00000|  0%| F|  |TAMS 0x0000000754900000, 0x0000000754900000| Untracked 

Card table byte_map: [0x0000027122420000,0x00000271229e0000] _byte_map_base: 0x000002711e9d7000

Marking Bits (Prev, Next): (CMBitMap*) 0x00000271099cf078, (CMBitMap*) 0x00000271099cf0b0
 Prev Bits: [0x0000027122fa0000, 0x0000027125d58000)
 Next Bits: [0x0000027125d60000, 0x0000027128b18000)

Polling page: 0x0000027109a50000

Metaspace:

Usage:
  Non-class:     51.45 MB capacity,    50.59 MB ( 98%) used,   706.87 KB (  1%) free+waste,   177.19 KB ( <1%) overhead. 
      Class:      7.59 MB capacity,     7.02 MB ( 92%) used,   501.29 KB (  6%) free+waste,    89.12 KB (  1%) overhead. 
       Both:     59.04 MB capacity,    57.60 MB ( 98%) used,     1.18 MB (  2%) free+waste,   266.31 KB ( <1%) overhead. 

Virtual space:
  Non-class space:       52.00 MB reserved,      51.50 MB (>99%) committed 
      Class space:        1.00 GB reserved,       7.62 MB ( <1%) committed 
             Both:        1.05 GB reserved,      59.12 MB (  5%) committed 

Chunk freelists:
   Non-Class:  5.75 KB
       Class:  128 bytes
        Both:  5.88 KB

CodeHeap 'non-profiled nmethods': size=238912Kb used=7902Kb max_used=7902Kb free=231009Kb
 bounds [0x0000027112ef0000, 0x00000271136b0000, 0x0000027121840000]
CodeHeap 'non-nmethods': size=6848Kb used=1236Kb max_used=1236Kb free=5611Kb
 bounds [0x0000027112840000, 0x0000027112ab0000, 0x0000027112ef0000]
 total_blobs=5478 nmethods=4876 adapters=528
 compilation: enabled
              stopped_count=0, restarted_count=0
 full_count=0

Compilation events (10 events):
Event: 65.514 Thread 0x000002712ba3a800 4874       1       jdk.internal.util.ArraysSupport::mismatch (72 bytes)
Event: 65.514 Thread 0x000002712ba3a800 nmethod 4874 0x00000271136a5790 code [0x00000271136a5940, 0x00000271136a5b58]
Event: 65.514 Thread 0x000002712ba3a800 4871       1       org.eclipse.jdt.core.compiler.CharOperation::hashCode (11 bytes)
Event: 65.514 Thread 0x000002712ba3a800 nmethod 4871 0x00000271136a5d10 code [0x00000271136a5ea0, 0x00000271136a5f48]
Event: 65.514 Thread 0x000002712ba3a800 4873       1       sun.security.util.ManifestEntryVerifier::<init> (65 bytes)
Event: 65.515 Thread 0x000002712ba3a800 nmethod 4873 0x00000271136a6010 code [0x00000271136a6200, 0x00000271136a67a8]
Event: 65.515 Thread 0x000002712ba3a800 4875       1       sun.security.provider.SHA2::<init> (34 bytes)
Event: 65.515 Thread 0x000002712ba3a800 nmethod 4875 0x00000271136a6890 code [0x00000271136a6a40, 0x00000271136a6f88]
Event: 65.519 Thread 0x000002712ba3a800 4876       1       sun.security.provider.SHA2$SHA256::<init> (12 bytes)
Event: 65.519 Thread 0x000002712ba3a800 nmethod 4876 0x00000271136a7090 code [0x00000271136a7260, 0x00000271136a77e8]

GC Heap History (10 events):
Event: 3.253 GC heap after
{Heap after GC invocations=4 (full 0):
 garbage-first heap   total 188416K, used 9142K [0x0000000749200000, 0x0000000800000000)
  region size 1024K, 2 young (2048K), 2 survivors (2048K)
 Metaspace       used 20603K, capacity 21154K, committed 21248K, reserved 1069056K
  class space    used 2345K, capacity 2550K, committed 2560K, reserved 1048576K
}
Event: 4.087 GC heap before
{Heap before GC invocations=5 (full 0):
 garbage-first heap   total 188416K, used 47030K [0x0000000749200000, 0x0000000800000000)
  region size 1024K, 40 young (40960K), 2 survivors (2048K)
 Metaspace       used 24971K, capacity 25664K, committed 25852K, reserved 1071104K
  class space    used 2949K, capacity 3231K, committed 3328K, reserved 1048576K
}
Event: 4.094 GC heap after
{Heap after GC invocations=6 (full 0):
 garbage-first heap   total 188416K, used 11438K [0x0000000749200000, 0x0000000800000000)
  region size 1024K, 5 young (5120K), 5 survivors (5120K)
 Metaspace       used 24971K, capacity 25664K, committed 25852K, reserved 1071104K
  class space    used 2949K, capacity 3231K, committed 3328K, reserved 1048576K
}
Event: 5.679 GC heap before
{Heap before GC invocations=6 (full 0):
 garbage-first heap   total 188416K, used 72878K [0x0000000749200000, 0x0000000800000000)
  region size 1024K, 65 young (66560K), 5 survivors (5120K)
 Metaspace       used 31357K, capacity 32349K, committed 32508K, reserved 1077248K
  class space    used 3864K, capacity 4270K, committed 4352K, reserved 1048576K
}
Event: 5.690 GC heap after
{Heap after GC invocations=7 (full 0):
 garbage-first heap   total 188416K, used 14672K [0x0000000749200000, 0x0000000800000000)
  region size 1024K, 8 young (8192K), 8 survivors (8192K)
 Metaspace       used 31357K, capacity 32349K, committed 32508K, reserved 1077248K
  class space    used 3864K, capacity 4270K, committed 4352K, reserved 1048576K
}
Event: 6.508 GC heap before
{Heap before GC invocations=7 (full 0):
 garbage-first heap   total 188416K, used 48464K [0x0000000749200000, 0x0000000800000000)
  region size 1024K, 42 young (43008K), 8 survivors (8192K)
 Metaspace       used 34826K, capacity 35899K, committed 35964K, reserved 1081344K
  class space    used 4284K, capacity 4720K, committed 4736K, reserved 1048576K
}
Event: 6.521 GC heap after
{Heap after GC invocations=8 (full 0):
 garbage-first heap   total 188416K, used 16384K [0x0000000749200000, 0x0000000800000000)
  region size 1024K, 9 young (9216K), 9 survivors (9216K)
 Metaspace       used 34826K, capacity 35899K, committed 35964K, reserved 1081344K
  class space    used 4284K, capacity 4720K, committed 4736K, reserved 1048576K
}
Event: 9.158 GC heap before
{Heap before GC invocations=9 (full 0):
 garbage-first heap   total 188416K, used 118784K [0x0000000749200000, 0x0000000800000000)
  region size 1024K, 110 young (112640K), 9 survivors (9216K)
 Metaspace       used 50862K, capacity 52273K, committed 52348K, reserved 1095680K
  class space    used 6448K, capacity 6995K, committed 7040K, reserved 1048576K
}
Event: 9.179 GC heap after
{Heap after GC invocations=10 (full 0):
 garbage-first heap   total 188416K, used 22674K [0x0000000749200000, 0x0000000800000000)
  region size 1024K, 14 young (14336K), 14 survivors (14336K)
 Metaspace       used 50862K, capacity 52273K, committed 52348K, reserved 1095680K
  class space    used 6448K, capacity 6995K, committed 7040K, reserved 1048576K
}
Event: 65.521 GC heap before
{Heap before GC invocations=10 (full 0):
 garbage-first heap   total 188416K, used 80018K [0x0000000749200000, 0x0000000800000000)
  region size 1024K, 72 young (73728K), 14 survivors (14336K)
 Metaspace       used 58986K, capacity 60461K, committed 60540K, reserved 1101824K
  class space    used 7184K, capacity 7775K, committed 7808K, reserved 1048576K
}

Deoptimization events (0 events):
No events

Classes redefined (0 events):
No events

Internal exceptions (10 events):
Event: 8.511 Thread 0x0000027109982800 Exception <a 'java/lang/ClassNotFoundException'{0x000000074f125f48}: org/springframework/beans/factory/AwareCustomizer> (0x000000074f125f48) thrown at [./open/src/hotspot/share/classfile/systemDictionary.cpp, line 226]
Event: 8.787 Thread 0x0000027109982800 Exception <a 'java/lang/NoSuchMethodError'{0x000000074e8a2b78}: 'void java.lang.invoke.DirectMethodHandle$Holder.invokeVirtual(java.lang.Object, java.lang.Object, int)'> (0x000000074e8a2b78) thrown at [./open/src/hotspot/share/interpreter/linkResolver.cpp
Event: 8.790 Thread 0x0000027109982800 Exception <a 'java/lang/NoSuchMethodError'{0x000000074e8bc970}: 'void java.lang.invoke.DirectMethodHandle$Holder.invokeVirtual(java.lang.Object, java.lang.Object, long)'> (0x000000074e8bc970) thrown at [./open/src/hotspot/share/interpreter/linkResolver.cp
Event: 8.884 Thread 0x0000027109982800 Exception <a 'java/lang/NoSuchMethodError'{0x000000074e421778}: 'java.lang.Object java.lang.invoke.DirectMethodHandle$Holder.newInvokeSpecial(java.lang.Object, java.lang.Object, java.lang.Object, java.lang.Object, java.lang.Object)'> (0x000000074e421778) 
Event: 9.039 Thread 0x0000027109982800 Exception <a 'java/lang/IncompatibleClassChangeError'{0x000000074e0b0480}: Found class java.lang.Object, but interface was expected> (0x000000074e0b0480) thrown at [./open/src/hotspot/share/interpreter/linkResolver.cpp, line 839]
Event: 9.301 Thread 0x0000027109982800 Exception <a 'java/lang/NoSuchMethodError'{0x00000007545fe028}: 'java.lang.Object java.lang.invoke.DirectMethodHandle$Holder.invokeSpecial(java.lang.Object, java.lang.Object, int, java.lang.Object, int, java.lang.Object)'> (0x00000007545fe028) thrown at [
Event: 9.301 Thread 0x0000027109982800 Exception <a 'java/lang/NoSuchMethodError'{0x00000007544060c8}: 'java.lang.Object java.lang.invoke.DirectMethodHandle$Holder.invokeStatic(java.lang.Object, java.lang.Object, int, java.lang.Object, int)'> (0x00000007544060c8) thrown at [./open/src/hotspot/
Event: 9.302 Thread 0x0000027109982800 Exception <a 'java/lang/NoSuchMethodError'{0x00000007544098a8}: 'java.lang.Object java.lang.invoke.DirectMethodHandle$Holder.invokeSpecial(java.lang.Object, java.lang.Object, java.lang.Object, int, java.lang.Object, int)'> (0x00000007544098a8) thrown at [
Event: 9.303 Thread 0x0000027109982800 Exception <a 'java/lang/NoSuchMethodError'{0x0000000754416dc8}: 'void java.lang.invoke.DirectMethodHandle$Holder.invokeVirtual(java.lang.Object, java.lang.Object)'> (0x0000000754416dc8) thrown at [./open/src/hotspot/share/interpreter/linkResolver.cpp, lin
Event: 65.387 Thread 0x000002712e087000 Exception <a 'java/lang/ArrayIndexOutOfBoundsException'{0x000000075144f278}: Index 8252 out of bounds for length 8252> (0x000000075144f278) thrown at [./open/src/hotspot/share/interpreter/interpreterRuntime.cpp, line 444]

Events (10 events):
Event: 65.514 loading class org/eclipse/jdt/internal/compiler/lookup/TypeSystem$HashedParameterizedTypes$PTBKey done
Event: 65.516 loading class org/eclipse/jdt/internal/compiler/lookup/AnnotatableTypeSystem
Event: 65.516 loading class org/eclipse/jdt/internal/compiler/lookup/AnnotatableTypeSystem done
Event: 65.517 loading class org/eclipse/jdt/internal/compiler/lookup/WildcardBinding
Event: 65.517 loading class org/eclipse/jdt/internal/compiler/lookup/WildcardBinding done
Event: 65.518 loading class org/eclipse/jdt/internal/compiler/lookup/ParameterizedTypeBinding
Event: 65.518 loading class org/eclipse/jdt/internal/compiler/lookup/ParameterizedTypeBinding done
Event: 65.520 loading class org/eclipse/jdt/internal/compiler/lookup/Substitution
Event: 65.520 loading class org/eclipse/jdt/internal/compiler/lookup/Substitution done
Event: 65.521 Executing VM operation: CollectForMetadataAllocation


Dynamic libraries:
0x00007ff646f50000 - 0x00007ff646f60000 	C:\Program Files\Java\jdk-11\bin\java.exe
0x00007ff927310000 - 0x00007ff927508000 	C:\WINDOWS\SYSTEM32\ntdll.dll
0x00007ff926110000 - 0x00007ff9261d2000 	C:\WINDOWS\System32\KERNEL32.DLL
0x00007ff9249a0000 - 0x00007ff924c96000 	C:\WINDOWS\System32\KERNELBASE.dll
0x00007ff924ca0000 - 0x00007ff924da0000 	C:\WINDOWS\System32\ucrtbase.dll
0x00007ff910d60000 - 0x00007ff910d7b000 	C:\Program Files\Java\jdk-11\bin\VCRUNTIME140.dll
0x00007ff910b30000 - 0x00007ff910b49000 	C:\Program Files\Java\jdk-11\bin\jli.dll
0x00007ff9262e0000 - 0x00007ff926391000 	C:\WINDOWS\System32\ADVAPI32.dll
0x00007ff9261e0000 - 0x00007ff92627e000 	C:\WINDOWS\System32\msvcrt.dll
0x00007ff9267d0000 - 0x00007ff92686f000 	C:\WINDOWS\System32\sechost.dll
0x00007ff9263a0000 - 0x00007ff9264c3000 	C:\WINDOWS\System32\RPCRT4.dll
0x00007ff9251f0000 - 0x00007ff925217000 	C:\WINDOWS\System32\bcrypt.dll
0x00007ff926870000 - 0x00007ff926a0d000 	C:\WINDOWS\System32\USER32.dll
0x00007ff924da0000 - 0x00007ff924dc2000 	C:\WINDOWS\System32\win32u.dll
0x00007ff926560000 - 0x00007ff92658b000 	C:\WINDOWS\System32\GDI32.dll
0x00007ff925080000 - 0x00007ff925199000 	C:\WINDOWS\System32\gdi32full.dll
0x00007ff924dd0000 - 0x00007ff924e6d000 	C:\WINDOWS\System32\msvcp_win.dll
0x00007ff9102c0000 - 0x00007ff91055a000 	C:\WINDOWS\WinSxS\amd64_microsoft.windows.common-controls_6595b64144ccf1df_6.0.19041.5915_none_60b4b9d171f9c7c7\COMCTL32.dll
0x00007ff91a0a0000 - 0x00007ff91a0aa000 	C:\WINDOWS\SYSTEM32\VERSION.dll
0x00007ff9266c0000 - 0x00007ff9266ef000 	C:\WINDOWS\System32\IMM32.DLL
0x00007ff912c00000 - 0x00007ff912c0c000 	C:\Program Files\Java\jdk-11\bin\vcruntime140_1.dll
0x00007ff910aa0000 - 0x00007ff910b2e000 	C:\Program Files\Java\jdk-11\bin\msvcp140.dll
0x00007ff875d00000 - 0x00007ff876863000 	C:\Program Files\Java\jdk-11\bin\server\jvm.dll
0x00007ff9271a0000 - 0x00007ff9271a8000 	C:\WINDOWS\System32\PSAPI.DLL
0x00007ff9051a0000 - 0x00007ff9051a9000 	C:\WINDOWS\SYSTEM32\WSOCK32.dll
0x00007ff9271b0000 - 0x00007ff92721b000 	C:\WINDOWS\System32\WS2_32.dll
0x00007ff910560000 - 0x00007ff910587000 	C:\WINDOWS\SYSTEM32\WINMM.dll
0x00007ff9227c0000 - 0x00007ff9227d2000 	C:\WINDOWS\SYSTEM32\kernel.appcore.dll
0x00007ff910a90000 - 0x00007ff910aa0000 	C:\Program Files\Java\jdk-11\bin\verify.dll
0x00007ff910b50000 - 0x00007ff910d51000 	C:\WINDOWS\SYSTEM32\DBGHELP.DLL
0x00007ff90fff0000 - 0x00007ff910024000 	C:\WINDOWS\SYSTEM32\dbgcore.DLL
0x00007ff9252a0000 - 0x00007ff925322000 	C:\WINDOWS\System32\bcryptPrimitives.dll
0x00007ff910a60000 - 0x00007ff910a88000 	C:\Program Files\Java\jdk-11\bin\java.dll
0x00007ff910a40000 - 0x00007ff910a4a000 	C:\Program Files\Java\jdk-11\bin\jimage.dll
0x00007ff910a30000 - 0x00007ff910a3e000 	C:\Program Files\Java\jdk-11\bin\instrument.dll
0x00007ff910a10000 - 0x00007ff910a27000 	C:\Program Files\Java\jdk-11\bin\zip.dll
0x00007ff9259a0000 - 0x00007ff92610e000 	C:\WINDOWS\System32\SHELL32.dll
0x00007ff9229c0000 - 0x00007ff923163000 	C:\WINDOWS\SYSTEM32\windows.storage.dll
0x00007ff9255b0000 - 0x00007ff925903000 	C:\WINDOWS\System32\combase.dll
0x00007ff9242f0000 - 0x00007ff92431b000 	C:\WINDOWS\SYSTEM32\Wldp.dll
0x00007ff925330000 - 0x00007ff9253fd000 	C:\WINDOWS\System32\OLEAUT32.dll
0x00007ff927220000 - 0x00007ff9272cd000 	C:\WINDOWS\System32\SHCORE.dll
0x00007ff925940000 - 0x00007ff92599b000 	C:\WINDOWS\System32\shlwapi.dll
0x00007ff9248d0000 - 0x00007ff9248f5000 	C:\WINDOWS\SYSTEM32\profapi.dll
0x00007ff9109f0000 - 0x00007ff910a09000 	C:\Program Files\Java\jdk-11\bin\net.dll
0x00007ff91b2c0000 - 0x00007ff91b3ca000 	C:\WINDOWS\SYSTEM32\WINHTTP.dll
0x00007ff9240d0000 - 0x00007ff92413a000 	C:\WINDOWS\system32\mswsock.dll
0x00007ff9109d0000 - 0x00007ff9109e2000 	C:\Program Files\Java\jdk-11\bin\nio.dll
0x00007ff923dd0000 - 0x00007ff923e9a000 	C:\WINDOWS\SYSTEM32\DNSAPI.dll
0x00007ff923d80000 - 0x00007ff923dbb000 	C:\WINDOWS\SYSTEM32\IPHLPAPI.DLL
0x00007ff925910000 - 0x00007ff925918000 	C:\WINDOWS\System32\NSI.dll
0x00007ff9149e0000 - 0x00007ff9149ea000 	C:\Windows\System32\rasadhlp.dll
0x00007ff91b020000 - 0x00007ff91b0a0000 	C:\WINDOWS\System32\fwpuclnt.dll
0x00007ff9109c0000 - 0x00007ff9109c9000 	C:\Program Files\Java\jdk-11\bin\management.dll
0x00007ff9109b0000 - 0x00007ff9109bb000 	C:\Program Files\Java\jdk-11\bin\management_ext.dll
0x00007ff924640000 - 0x00007ff924658000 	C:\WINDOWS\SYSTEM32\CRYPTSP.dll
0x00007ff9239a0000 - 0x00007ff9239d8000 	C:\WINDOWS\system32\rsaenh.dll
0x00007ff924890000 - 0x00007ff9248be000 	C:\WINDOWS\SYSTEM32\USERENV.dll
0x00007ff924260000 - 0x00007ff92426c000 	C:\WINDOWS\SYSTEM32\CRYPTBASE.dll
0x00007ff91cbf0000 - 0x00007ff91cc07000 	C:\WINDOWS\SYSTEM32\dhcpcsvc6.DLL
0x00007ff91cbd0000 - 0x00007ff91cbed000 	C:\WINDOWS\SYSTEM32\dhcpcsvc.DLL
0x00007ff8ff090000 - 0x00007ff8ff0a7000 	C:\WINDOWS\system32\napinsp.dll
0x00007ff8ff070000 - 0x00007ff8ff08b000 	C:\WINDOWS\system32\pnrpnsp.dll
0x00007ff921340000 - 0x00007ff92135d000 	C:\WINDOWS\system32\wshbth.dll
0x00007ff91e520000 - 0x00007ff91e53d000 	C:\WINDOWS\system32\NLAapi.dll
0x00007ff8ff050000 - 0x00007ff8ff062000 	C:\WINDOWS\System32\winrnr.dll
0x00007ff90fd00000 - 0x00007ff90fd51000 	C:\WINDOWS\SYSTEM32\pdh.dll
0x00007ff9109a0000 - 0x00007ff9109af000 	C:\WINDOWS\System32\perfproc.dll
0x00007ff8fd2f0000 - 0x00007ff8fd2ff000 	C:\WINDOWS\System32\perfos.dll
0x00007ff910970000 - 0x00007ff910997000 	C:\Program Files\Java\jdk-11\bin\sunec.dll
0x00007ff910930000 - 0x00007ff91093e000 	C:\Program Files\Java\jdk-11\bin\sunmscapi.dll
0x00007ff924f20000 - 0x00007ff92507d000 	C:\WINDOWS\System32\CRYPT32.dll
0x00007ff924360000 - 0x00007ff924387000 	C:\WINDOWS\SYSTEM32\ncrypt.dll
0x00007ff924320000 - 0x00007ff92435b000 	C:\WINDOWS\SYSTEM32\NTASN1.dll

dbghelp: loaded successfully - version: 4.0.5 - missing functions: none
symbol engine: initialized successfully - sym options: 0x614 - pdb path: .;C:\Program Files\Java\jdk-11\bin;C:\WINDOWS\SYSTEM32;C:\WINDOWS\WinSxS\amd64_microsoft.windows.common-controls_6595b64144ccf1df_6.0.19041.5915_none_60b4b9d171f9c7c7;C:\Program Files\Java\jdk-11\bin\server

VM Arguments:
jvm_args: -XX:TieredStopAtLevel=1 -Xverify:none -Dspring.output.ansi.enabled=always -Dcom.sun.management.jmxremote -Dspring.jmx.enabled=true -Dspring.liveBeansView.mbeanDomain -Dspring.application.admin.enabled=true -Dmanagement.endpoints.jmx.exposure.include=* -javaagent:C:\Program Files\JetBrains\IntelliJ IDEA 2025.1.1.1\lib\idea_rt.jar=51694 -Dfile.encoding=UTF-8 
java_command: com.mycompany.gestion.projets.InitDbApp
java_class_path (initial): C:\Users\pc\OneDrive\Documents\NetBeansProjects\gestion-projets\target\classes;C:\Users\pc\.m2\repository\org\springframework\boot\spring-boot-starter-web\2.7.15\spring-boot-starter-web-2.7.15.jar;C:\Users\pc\.m2\repository\org\springframework\boot\spring-boot-starter\2.7.15\spring-boot-starter-2.7.15.jar;C:\Users\pc\.m2\repository\org\springframework\boot\spring-boot\2.7.15\spring-boot-2.7.15.jar;C:\Users\pc\.m2\repository\org\springframework\boot\spring-boot-autoconfigure\2.7.15\spring-boot-autoconfigure-2.7.15.jar;C:\Users\pc\.m2\repository\org\springframework\boot\spring-boot-starter-logging\2.7.15\spring-boot-starter-logging-2.7.15.jar;C:\Users\pc\.m2\repository\ch\qos\logback\logback-classic\1.2.12\logback-classic-1.2.12.jar;C:\Users\pc\.m2\repository\ch\qos\logback\logback-core\1.2.12\logback-core-1.2.12.jar;C:\Users\pc\.m2\repository\org\apache\logging\log4j\log4j-to-slf4j\2.17.2\log4j-to-slf4j-2.17.2.jar;C:\Users\pc\.m2\repository\org\apache\logging\log4j\log4j-api\2.17.2\log4j-api-2.17.2.jar;C:\Users\pc\.m2\repository\org\slf4j\jul-to-slf4j\1.7.36\jul-to-slf4j-1.7.36.jar;C:\Users\pc\.m2\repository\jakarta\annotation\jakarta.annotation-api\1.3.5\jakarta.annotation-api-1.3.5.jar;C:\Users\pc\.m2\repository\org\springframework\spring-core\5.3.29\spring-core-5.3.29.jar;C:\Users\pc\.m2\repository\org\springframework\spring-jcl\5.3.29\spring-jcl-5.3.29.jar;C:\Users\pc\.m2\repository\org\yaml\snakeyaml\1.30\snakeyaml-1.30.jar;C:\Users\pc\.m2\repository\org\springframework\boot\spring-boot-starter-json\2.7.15\spring-boot-starter-json-2.7.15.jar;C:\Users\pc\.m2\repository\com\fasterxml\jackson\core\jackson-databind\2.13.5\jackson-databind-2.13.5.jar;C:\Users\pc\.m2\repository\com\fasterxml\jackson\core\jackson-annotations\2.13.5\jackson-annotations-2.13.5.jar;C:\Users\pc\.m2\repository\com\fasterxml\jackson\core\jackson-core\2.13.5\jackson-core-2.13.5.jar;C:\Users\pc\.m2\repository\com\fasterxml\jackson\datatype\jackson-datatype-jdk8\2.1
Launcher Type: SUN_STANDARD

[Global flags]
     bool BytecodeVerificationLocal                = false                                     {product} {command line}
     bool BytecodeVerificationRemote               = false                                     {product} {command line}
     intx CICompilerCount                          = 3                                         {product} {ergonomic}
     uint ConcGCThreads                            = 1                                         {product} {ergonomic}
     uint G1ConcRefinementThreads                  = 4                                         {product} {ergonomic}
   size_t G1HeapRegionSize                         = 1048576                                   {product} {ergonomic}
    uintx GCDrainStackTargetSize                   = 64                                        {product} {ergonomic}
   size_t InitialHeapSize                          = 192937984                                 {product} {ergonomic}
     bool ManagementServer                         = true                                      {product} {command line}
   size_t MarkStackSize                            = 4194304                                   {product} {ergonomic}
   size_t MaxHeapSize                              = 3068133376                                {product} {ergonomic}
   size_t MaxNewSize                               = 1840250880                                {product} {ergonomic}
   size_t MinHeapDeltaBytes                        = 1048576                                   {product} {ergonomic}
    uintx NonNMethodCodeHeapSize                   = 6973028                                {pd product} {ergonomic}
    uintx NonProfiledCodeHeapSize                  = 244685212                              {pd product} {ergonomic}
    uintx ProfiledCodeHeapSize                     = 0                                      {pd product} {ergonomic}
    uintx ReservedCodeCacheSize                    = 251658240                              {pd product} {ergonomic}
     bool SegmentedCodeCache                       = true                                      {product} {ergonomic}
     intx TieredStopAtLevel                        = 1                                         {product} {command line}
     bool UseCompressedClassPointers               = true                                 {lp64_product} {ergonomic}
     bool UseCompressedOops                        = true                                 {lp64_product} {ergonomic}
     bool UseG1GC                                  = true                                      {product} {ergonomic}
     bool UseLargePagesIndividualAllocation        = false                                  {pd product} {ergonomic}

Logging:
Log output configuration:
 #0: stdout all=warning uptime,level,tags
 #1: stderr all=off uptime,level,tags

Environment Variables:
PATH=C:\Program Files\Java\jdk-17.0.5\bin;C:\Program Files (x86)\Common Files\Oracle\Java\javapath;C:\Program Files (x86)\VMware\VMware Workstation\bin\;C:\Program Files\SqlCmd\;C:\Program Files\Common Files\Oracle\Java\javapath;C:\Windows\System32;C:\Program Files\Git\cmd;C:\ProgramData\chocolatey\bin;C:\chromedriver\chromedriver-win64;C:\Program Files\OpenSSL-Win64\bin;C:\Program Files (x86)\Microsoft SQL Server\160\DTS\Binn\;C:\WINDOWS\system32;C:\WINDOWS;C:\WINDOWS\System32\Wbem;C:\WINDOWS\System32\WindowsPowerShell\v1.0\;C:\WINDOWS\System32\OpenSSH\;C:\Program Files\RedHat\Podman\;C:\ProgramData\ComposerSetup\bin;C:\tools\php82;C:\Program Files\Docker\Docker\resources\bin;C:\minikube;C:\Program Files\Microsoft SQL Server\150\Tools\Binn\;C:\Program Files\dotnet\;C:\Program Files\Java\jdk1.8.0_202\bin;C:\Program Files\Microsoft SQL Server\Client SDK\ODBC\170\Tools\Binn\;C:\Program Files\Microsoft SQL Server\160\DTS\Binn\;C:\Program Files\MySQL\MySQL Shell 8.0\bin\;C:\Users\pc\AppData\Local\Programs\Python\Python313\Scripts\;C:\Users\pc\AppData\Local\Programs\Python\Python313\;C:\Users\pc\AppData\Local\Microsoft\WindowsApps;C:\Program Files\Azure Data Studio\bin;C:\Users\pc\AppData\Local\Programs\Microsoft VS Code\bin;C:\Users\pc\AppData\Roaming\npm;C:\xampp\php\php.exe;C:\xampp\php;C:\Program Files\MySQL\MySQL Server 8.0\bin;C:\xampp\mysql\bin;C:\chromedriver\chromedriver-win64;C:\chromedriver\chromedriver-win64\chromedriver.exe;C:\Program Files\OpenSSL-Win64\bin;C:\Users\pc\Downloads\containerd-2.0.4;C:\Program Files\containerd-2.0.4;C:\Program Files\containerd;C:\Program Files\Java\jdk-17.0.5\bin;C:\Users\pc\AppData\Roaming\Composer\vendor\bin;C:\Program Files\Java\jdk-17.0.5;C:\Program Files\apache-maven-3.9.9\bin;C:\Program Files\JetBrains\IntelliJ IDEA 2025.1.1.1\bin;;C:\Program Files\Java\jre1.8.0_202\bin;C:\Users\pc\.dotnet\tools
USERNAME=pc
OS=Windows_NT
PROCESSOR_IDENTIFIER=Intel64 Family 6 Model 78 Stepping 3, GenuineIntel



---------------  S Y S T E M  ---------------

OS: Windows 10 , 64 bit Build 19041 (10.0.19041.5915)
Hyper-V role detected

CPU:total 4 (initial active 4) (2 cores per cpu, 2 threads per core) family 6 model 78 stepping 3 microcode 0xcc, cmov, cx8, fxsr, mmx, sse, sse2, sse3, ssse3, sse4.1, sse4.2, popcnt, avx, avx2, aes, clmul, erms, rtm, 3dnowpref, lzcnt, ht, tsc, tscinvbit, bmi1, bmi2, adx, fma

Memory: 4k page, system-wide physical 11699M (1878M free)
TotalPageFile size 14017M (AvailPageFile size 5M)
current process WorkingSet (physical memory assigned to process): 277M, peak: 277M
current process commit charge ("private bytes"): 355M, peak: 392M

vm_info: Java HotSpot(TM) 64-Bit Server VM (11.0.27+8-LTS-232) for windows-amd64 JRE (11.0.27+8-LTS-232), built on Feb 25 2025 06:49:10 by "mach5one" with MS VC++ 17.6 (VS2022)

END.
